mode: set
github.com/rossigee/provider-keycloak/apis/role/v1alpha1/register.go:36.13,38.2 1 0
github.com/rossigee/provider-keycloak/apis/role/v1alpha1/register.go:41.43,43.2 1 0
github.com/rossigee/provider-keycloak/apis/role/v1alpha1/zz_generated.deepcopy.go:18.61,20.23 2 0
github.com/rossigee/provider-keycloak/apis/role/v1alpha1/zz_generated.deepcopy.go:20.23,24.3 3 0
github.com/rossigee/provider-keycloak/apis/role/v1alpha1/zz_generated.deepcopy.go:25.2,25.26 1 0
github.com/rossigee/provider-keycloak/apis/role/v1alpha1/zz_generated.deepcopy.go:25.26,29.3 3 0
github.com/rossigee/provider-keycloak/apis/role/v1alpha1/zz_generated.deepcopy.go:30.2,30.31 1 0
github.com/rossigee/provider-keycloak/apis/role/v1alpha1/zz_generated.deepcopy.go:30.31,34.3 3 0
github.com/rossigee/provider-keycloak/apis/role/v1alpha1/zz_generated.deepcopy.go:35.2,35.24 1 0
github.com/rossigee/provider-keycloak/apis/role/v1alpha1/zz_generated.deepcopy.go:35.24,39.3 3 0
github.com/rossigee/provider-keycloak/apis/role/v1alpha1/zz_generated.deepcopy.go:40.2,40.27 1 0
github.com/rossigee/provider-keycloak/apis/role/v1alpha1/zz_generated.deepcopy.go:40.27,44.3 3 0
github.com/rossigee/provider-keycloak/apis/role/v1alpha1/zz_generated.deepcopy.go:45.2,45.32 1 0
github.com/rossigee/provider-keycloak/apis/role/v1alpha1/zz_generated.deepcopy.go:45.32,49.3 3 0
github.com/rossigee/provider-keycloak/apis/role/v1alpha1/zz_generated.deepcopy.go:50.2,50.27 1 0
github.com/rossigee/provider-keycloak/apis/role/v1alpha1/zz_generated.deepcopy.go:50.27,54.3 3 0
github.com/rossigee/provider-keycloak/apis/role/v1alpha1/zz_generated.deepcopy.go:55.2,55.26 1 0
github.com/rossigee/provider-keycloak/apis/role/v1alpha1/zz_generated.deepcopy.go:55.26,58.25 3 0
github.com/rossigee/provider-keycloak/apis/role/v1alpha1/zz_generated.deepcopy.go:58.25,60.4 1 0
github.com/rossigee/provider-keycloak/apis/role/v1alpha1/zz_generated.deepcopy.go:62.2,62.30 1 0
github.com/rossigee/provider-keycloak/apis/role/v1alpha1/zz_generated.deepcopy.go:62.30,66.3 3 0
github.com/rossigee/provider-keycloak/apis/role/v1alpha1/zz_generated.deepcopy.go:67.2,67.34 1 0
github.com/rossigee/provider-keycloak/apis/role/v1alpha1/zz_generated.deepcopy.go:67.34,70.22 3 0
github.com/rossigee/provider-keycloak/apis/role/v1alpha1/zz_generated.deepcopy.go:70.22,72.4 1 0
github.com/rossigee/provider-keycloak/apis/role/v1alpha1/zz_generated.deepcopy.go:77.49,81.2 3 0
github.com/rossigee/provider-keycloak/apis/role/v1alpha1/zz_generated.deepcopy.go:84.53,87.2 2 0
github.com/rossigee/provider-keycloak/apis/role/v1alpha1/zz_generated.deepcopy.go:90.41,96.2 5 0
github.com/rossigee/provider-keycloak/apis/role/v1alpha1/zz_generated.deepcopy.go:99.34,100.15 1 0
github.com/rossigee/provider-keycloak/apis/role/v1alpha1/zz_generated.deepcopy.go:100.15,102.3 1 0
github.com/rossigee/provider-keycloak/apis/role/v1alpha1/zz_generated.deepcopy.go:103.2,105.12 3 0
github.com/rossigee/provider-keycloak/apis/role/v1alpha1/zz_generated.deepcopy.go:109.49,110.34 1 0
github.com/rossigee/provider-keycloak/apis/role/v1alpha1/zz_generated.deepcopy.go:110.34,112.3 1 0
github.com/rossigee/provider-keycloak/apis/role/v1alpha1/zz_generated.deepcopy.go:113.2,113.12 1 0
github.com/rossigee/provider-keycloak/apis/role/v1alpha1/zz_generated.deepcopy.go:117.49,121.21 4 0
github.com/rossigee/provider-keycloak/apis/role/v1alpha1/zz_generated.deepcopy.go:121.21,124.22 3 0
github.com/rossigee/provider-keycloak/apis/role/v1alpha1/zz_generated.deepcopy.go:124.22,126.4 1 0
github.com/rossigee/provider-keycloak/apis/role/v1alpha1/zz_generated.deepcopy.go:131.42,132.15 1 0
github.com/rossigee/provider-keycloak/apis/role/v1alpha1/zz_generated.deepcopy.go:132.15,134.3 1 0
github.com/rossigee/provider-keycloak/apis/role/v1alpha1/zz_generated.deepcopy.go:135.2,137.12 3 0
github.com/rossigee/provider-keycloak/apis/role/v1alpha1/zz_generated.deepcopy.go:141.53,142.34 1 0
github.com/rossigee/provider-keycloak/apis/role/v1alpha1/zz_generated.deepcopy.go:142.34,144.3 1 0
github.com/rossigee/provider-keycloak/apis/role/v1alpha1/zz_generated.deepcopy.go:145.2,145.12 1 0
github.com/rossigee/provider-keycloak/apis/role/v1alpha1/zz_generated.managed.go:14.68,16.2 1 0
github.com/rossigee/provider-keycloak/apis/role/v1alpha1/zz_generated.managed.go:19.52,21.2 1 0
github.com/rossigee/provider-keycloak/apis/role/v1alpha1/zz_generated.managed.go:24.65,26.2 1 0
github.com/rossigee/provider-keycloak/apis/role/v1alpha1/zz_generated.managed.go:29.66,31.2 1 0
github.com/rossigee/provider-keycloak/apis/role/v1alpha1/zz_generated.managed.go:34.76,36.2 1 0
github.com/rossigee/provider-keycloak/apis/role/v1alpha1/zz_generated.managed.go:39.77,41.2 1 0
github.com/rossigee/provider-keycloak/apis/role/v1alpha1/zz_generated.managed.go:44.82,46.2 1 0
github.com/rossigee/provider-keycloak/apis/role/v1alpha1/zz_generated.managed.go:49.83,51.2 1 0
github.com/rossigee/provider-keycloak/apis/realm/v1alpha1/register.go:36.13,38.2 1 0
github.com/rossigee/provider-keycloak/apis/realm/v1alpha1/register.go:41.43,43.2 1 0
github.com/rossigee/provider-keycloak/apis/realm/v1alpha1/zz_generated.deepcopy.go:21.75,23.2 1 0
github.com/rossigee/provider-keycloak/apis/realm/v1alpha1/zz_generated.deepcopy.go:26.61,28.24 2 0
github.com/rossigee/provider-keycloak/apis/realm/v1alpha1/zz_generated.deepcopy.go:28.24,32.3 3 0
github.com/rossigee/provider-keycloak/apis/realm/v1alpha1/zz_generated.deepcopy.go:33.2,33.33 1 0
github.com/rossigee/provider-keycloak/apis/realm/v1alpha1/zz_generated.deepcopy.go:33.33,37.3 3 0
github.com/rossigee/provider-keycloak/apis/realm/v1alpha1/zz_generated.deepcopy.go:41.53,43.20 2 0
github.com/rossigee/provider-keycloak/apis/realm/v1alpha1/zz_generated.deepcopy.go:43.20,47.3 3 0
github.com/rossigee/provider-keycloak/apis/realm/v1alpha1/zz_generated.deepcopy.go:48.2,48.20 1 0
github.com/rossigee/provider-keycloak/apis/realm/v1alpha1/zz_generated.deepcopy.go:48.20,52.3 3 0
github.com/rossigee/provider-keycloak/apis/realm/v1alpha1/zz_generated.deepcopy.go:53.2,53.20 1 0
github.com/rossigee/provider-keycloak/apis/realm/v1alpha1/zz_generated.deepcopy.go:53.20,57.3 3 0
github.com/rossigee/provider-keycloak/apis/realm/v1alpha1/zz_generated.deepcopy.go:58.2,58.31 1 0
github.com/rossigee/provider-keycloak/apis/realm/v1alpha1/zz_generated.deepcopy.go:58.31,62.3 3 0
github.com/rossigee/provider-keycloak/apis/realm/v1alpha1/zz_generated.deepcopy.go:63.2,63.23 1 0
github.com/rossigee/provider-keycloak/apis/realm/v1alpha1/zz_generated.deepcopy.go:63.23,67.3 3 0
github.com/rossigee/provider-keycloak/apis/realm/v1alpha1/zz_generated.deepcopy.go:68.2,68.34 1 0
github.com/rossigee/provider-keycloak/apis/realm/v1alpha1/zz_generated.deepcopy.go:68.34,72.3 3 0
github.com/rossigee/provider-keycloak/apis/realm/v1alpha1/zz_generated.deepcopy.go:73.2,73.28 1 0
github.com/rossigee/provider-keycloak/apis/realm/v1alpha1/zz_generated.deepcopy.go:73.28,77.3 3 0
github.com/rossigee/provider-keycloak/apis/realm/v1alpha1/zz_generated.deepcopy.go:78.2,78.19 1 0
github.com/rossigee/provider-keycloak/apis/realm/v1alpha1/zz_generated.deepcopy.go:78.19,82.3 3 0
github.com/rossigee/provider-keycloak/apis/realm/v1alpha1/zz_generated.deepcopy.go:83.2,83.24 1 0
github.com/rossigee/provider-keycloak/apis/realm/v1alpha1/zz_generated.deepcopy.go:83.24,87.3 3 0
github.com/rossigee/provider-keycloak/apis/realm/v1alpha1/zz_generated.deepcopy.go:88.2,88.20 1 0
github.com/rossigee/provider-keycloak/apis/realm/v1alpha1/zz_generated.deepcopy.go:88.20,91.22 3 0
github.com/rossigee/provider-keycloak/apis/realm/v1alpha1/zz_generated.deepcopy.go:91.22,93.4 1 0
github.com/rossigee/provider-keycloak/apis/realm/v1alpha1/zz_generated.deepcopy.go:97.44,98.15 1 0
github.com/rossigee/provider-keycloak/apis/realm/v1alpha1/zz_generated.deepcopy.go:98.15,100.3 1 0
github.com/rossigee/provider-keycloak/apis/realm/v1alpha1/zz_generated.deepcopy.go:101.2,103.12 3 0
github.com/rossigee/provider-keycloak/apis/realm/v1alpha1/zz_generated.deepcopy.go:106.38,107.15 1 0
github.com/rossigee/provider-keycloak/apis/realm/v1alpha1/zz_generated.deepcopy.go:107.15,109.3 1 0
github.com/rossigee/provider-keycloak/apis/realm/v1alpha1/zz_generated.deepcopy.go:110.2,112.12 3 0
github.com/rossigee/provider-keycloak/apis/realm/v1alpha1/zz_generated.deepcopy.go:115.41,116.15 1 0
github.com/rossigee/provider-keycloak/apis/realm/v1alpha1/zz_generated.deepcopy.go:116.15,118.3 1 0
github.com/rossigee/provider-keycloak/apis/realm/v1alpha1/zz_generated.deepcopy.go:119.2,121.12 3 0
github.com/rossigee/provider-keycloak/apis/realm/v1alpha1/zz_generated.deepcopy.go:125.63,171.26 46 0
github.com/rossigee/provider-keycloak/apis/realm/v1alpha1/zz_generated.deepcopy.go:171.26,174.22 3 0
github.com/rossigee/provider-keycloak/apis/realm/v1alpha1/zz_generated.deepcopy.go:174.22,176.4 1 0
github.com/rossigee/provider-keycloak/apis/realm/v1alpha1/zz_generated.deepcopy.go:178.2,178.26 1 0
github.com/rossigee/provider-keycloak/apis/realm/v1alpha1/zz_generated.deepcopy.go:178.26,181.25 3 0
github.com/rossigee/provider-keycloak/apis/realm/v1alpha1/zz_generated.deepcopy.go:181.25,183.4 1 0
github.com/rossigee/provider-keycloak/apis/realm/v1alpha1/zz_generated.deepcopy.go:185.2,185.42 1 0
github.com/rossigee/provider-keycloak/apis/realm/v1alpha1/zz_generated.deepcopy.go:185.42,189.3 3 0
github.com/rossigee/provider-keycloak/apis/realm/v1alpha1/zz_generated.deepcopy.go:190.2,190.43 1 0
github.com/rossigee/provider-keycloak/apis/realm/v1alpha1/zz_generated.deepcopy.go:190.43,194.3 3 0
github.com/rossigee/provider-keycloak/apis/realm/v1alpha1/zz_generated.deepcopy.go:198.51,202.2 3 0
github.com/rossigee/provider-keycloak/apis/realm/v1alpha1/zz_generated.deepcopy.go:205.55,208.2 2 0
github.com/rossigee/provider-keycloak/apis/realm/v1alpha1/zz_generated.deepcopy.go:211.43,217.2 5 0
github.com/rossigee/provider-keycloak/apis/realm/v1alpha1/zz_generated.deepcopy.go:220.36,221.15 1 0
github.com/rossigee/provider-keycloak/apis/realm/v1alpha1/zz_generated.deepcopy.go:221.15,223.3 1 0
github.com/rossigee/provider-keycloak/apis/realm/v1alpha1/zz_generated.deepcopy.go:224.2,226.12 3 0
github.com/rossigee/provider-keycloak/apis/realm/v1alpha1/zz_generated.deepcopy.go:230.50,231.34 1 0
github.com/rossigee/provider-keycloak/apis/realm/v1alpha1/zz_generated.deepcopy.go:231.34,233.3 1 0
github.com/rossigee/provider-keycloak/apis/realm/v1alpha1/zz_generated.deepcopy.go:234.2,234.12 1 0
github.com/rossigee/provider-keycloak/apis/realm/v1alpha1/zz_generated.deepcopy.go:238.51,242.21 4 0
github.com/rossigee/provider-keycloak/apis/realm/v1alpha1/zz_generated.deepcopy.go:242.21,245.22 3 0
github.com/rossigee/provider-keycloak/apis/realm/v1alpha1/zz_generated.deepcopy.go:245.22,247.4 1 0
github.com/rossigee/provider-keycloak/apis/realm/v1alpha1/zz_generated.deepcopy.go:252.44,253.15 1 0
github.com/rossigee/provider-keycloak/apis/realm/v1alpha1/zz_generated.deepcopy.go:253.15,255.3 1 0
github.com/rossigee/provider-keycloak/apis/realm/v1alpha1/zz_generated.deepcopy.go:256.2,258.12 3 0
github.com/rossigee/provider-keycloak/apis/realm/v1alpha1/zz_generated.deepcopy.go:262.54,263.34 1 0
github.com/rossigee/provider-keycloak/apis/realm/v1alpha1/zz_generated.deepcopy.go:263.34,265.3 1 0
github.com/rossigee/provider-keycloak/apis/realm/v1alpha1/zz_generated.deepcopy.go:266.2,266.12 1 0
github.com/rossigee/provider-keycloak/apis/realm/v1alpha1/zz_generated.managed.go:14.69,16.2 1 0
github.com/rossigee/provider-keycloak/apis/realm/v1alpha1/zz_generated.managed.go:19.53,21.2 1 0
github.com/rossigee/provider-keycloak/apis/realm/v1alpha1/zz_generated.managed.go:24.66,26.2 1 0
github.com/rossigee/provider-keycloak/apis/realm/v1alpha1/zz_generated.managed.go:29.67,31.2 1 0
github.com/rossigee/provider-keycloak/apis/realm/v1alpha1/zz_generated.managed.go:34.77,36.2 1 0
github.com/rossigee/provider-keycloak/apis/realm/v1alpha1/zz_generated.managed.go:39.78,41.2 1 0
github.com/rossigee/provider-keycloak/apis/realm/v1alpha1/zz_generated.managed.go:44.83,46.2 1 0
github.com/rossigee/provider-keycloak/apis/realm/v1alpha1/zz_generated.managed.go:49.84,51.2 1 0
github.com/rossigee/provider-keycloak/apis/openidclient/v1alpha1/register.go:36.13,40.2 3 0
github.com/rossigee/provider-keycloak/apis/openidclient/v1alpha1/register.go:43.43,45.2 1 0
github.com/rossigee/provider-keycloak/apis/openidclient/v1alpha1/zz_generated.deepcopy.go:18.75,20.2 1 0
github.com/rossigee/provider-keycloak/apis/openidclient/v1alpha1/zz_generated.deepcopy.go:23.68,24.15 1 0
github.com/rossigee/provider-keycloak/apis/openidclient/v1alpha1/zz_generated.deepcopy.go:24.15,26.3 1 0
github.com/rossigee/provider-keycloak/apis/openidclient/v1alpha1/zz_generated.deepcopy.go:27.2,29.12 3 0
github.com/rossigee/provider-keycloak/apis/openidclient/v1alpha1/zz_generated.deepcopy.go:33.65,35.23 2 0
github.com/rossigee/provider-keycloak/apis/openidclient/v1alpha1/zz_generated.deepcopy.go:35.23,39.3 3 0
github.com/rossigee/provider-keycloak/apis/openidclient/v1alpha1/zz_generated.deepcopy.go:40.2,40.26 1 0
github.com/rossigee/provider-keycloak/apis/openidclient/v1alpha1/zz_generated.deepcopy.go:40.26,44.3 3 0
github.com/rossigee/provider-keycloak/apis/openidclient/v1alpha1/zz_generated.deepcopy.go:45.2,45.31 1 0
github.com/rossigee/provider-keycloak/apis/openidclient/v1alpha1/zz_generated.deepcopy.go:45.31,49.3 3 0
github.com/rossigee/provider-keycloak/apis/openidclient/v1alpha1/zz_generated.deepcopy.go:50.2,50.26 1 0
github.com/rossigee/provider-keycloak/apis/openidclient/v1alpha1/zz_generated.deepcopy.go:50.26,54.3 3 0
github.com/rossigee/provider-keycloak/apis/openidclient/v1alpha1/zz_generated.deepcopy.go:55.2,55.20 1 0
github.com/rossigee/provider-keycloak/apis/openidclient/v1alpha1/zz_generated.deepcopy.go:55.20,59.3 3 0
github.com/rossigee/provider-keycloak/apis/openidclient/v1alpha1/zz_generated.deepcopy.go:60.2,60.27 1 0
github.com/rossigee/provider-keycloak/apis/openidclient/v1alpha1/zz_generated.deepcopy.go:60.27,64.3 3 0
github.com/rossigee/provider-keycloak/apis/openidclient/v1alpha1/zz_generated.deepcopy.go:65.2,65.23 1 0
github.com/rossigee/provider-keycloak/apis/openidclient/v1alpha1/zz_generated.deepcopy.go:65.23,69.3 3 0
github.com/rossigee/provider-keycloak/apis/openidclient/v1alpha1/zz_generated.deepcopy.go:70.2,70.23 1 0
github.com/rossigee/provider-keycloak/apis/openidclient/v1alpha1/zz_generated.deepcopy.go:70.23,74.3 3 0
github.com/rossigee/provider-keycloak/apis/openidclient/v1alpha1/zz_generated.deepcopy.go:75.2,75.23 1 0
github.com/rossigee/provider-keycloak/apis/openidclient/v1alpha1/zz_generated.deepcopy.go:75.23,79.3 3 0
github.com/rossigee/provider-keycloak/apis/openidclient/v1alpha1/zz_generated.deepcopy.go:80.2,80.24 1 0
github.com/rossigee/provider-keycloak/apis/openidclient/v1alpha1/zz_generated.deepcopy.go:80.24,84.3 3 0
github.com/rossigee/provider-keycloak/apis/openidclient/v1alpha1/zz_generated.deepcopy.go:85.2,85.33 1 0
github.com/rossigee/provider-keycloak/apis/openidclient/v1alpha1/zz_generated.deepcopy.go:85.33,89.3 3 0
github.com/rossigee/provider-keycloak/apis/openidclient/v1alpha1/zz_generated.deepcopy.go:90.2,90.43 1 0
github.com/rossigee/provider-keycloak/apis/openidclient/v1alpha1/zz_generated.deepcopy.go:90.43,94.3 3 0
github.com/rossigee/provider-keycloak/apis/openidclient/v1alpha1/zz_generated.deepcopy.go:95.2,95.26 1 0
github.com/rossigee/provider-keycloak/apis/openidclient/v1alpha1/zz_generated.deepcopy.go:95.26,99.3 3 0
github.com/rossigee/provider-keycloak/apis/openidclient/v1alpha1/zz_generated.deepcopy.go:100.2,100.35 1 0
github.com/rossigee/provider-keycloak/apis/openidclient/v1alpha1/zz_generated.deepcopy.go:100.35,104.3 3 0
github.com/rossigee/provider-keycloak/apis/openidclient/v1alpha1/zz_generated.deepcopy.go:105.2,105.35 1 0
github.com/rossigee/provider-keycloak/apis/openidclient/v1alpha1/zz_generated.deepcopy.go:105.35,109.3 3 0
github.com/rossigee/provider-keycloak/apis/openidclient/v1alpha1/zz_generated.deepcopy.go:110.2,110.41 1 0
github.com/rossigee/provider-keycloak/apis/openidclient/v1alpha1/zz_generated.deepcopy.go:110.41,114.3 3 0
github.com/rossigee/provider-keycloak/apis/openidclient/v1alpha1/zz_generated.deepcopy.go:115.2,115.38 1 0
github.com/rossigee/provider-keycloak/apis/openidclient/v1alpha1/zz_generated.deepcopy.go:115.38,119.3 3 0
github.com/rossigee/provider-keycloak/apis/openidclient/v1alpha1/zz_generated.deepcopy.go:120.2,120.32 1 0
github.com/rossigee/provider-keycloak/apis/openidclient/v1alpha1/zz_generated.deepcopy.go:120.32,124.3 3 0
github.com/rossigee/provider-keycloak/apis/openidclient/v1alpha1/zz_generated.deepcopy.go:125.2,125.31 1 0
github.com/rossigee/provider-keycloak/apis/openidclient/v1alpha1/zz_generated.deepcopy.go:125.31,129.3 3 0
github.com/rossigee/provider-keycloak/apis/openidclient/v1alpha1/zz_generated.deepcopy.go:130.2,130.38 1 0
github.com/rossigee/provider-keycloak/apis/openidclient/v1alpha1/zz_generated.deepcopy.go:130.38,134.3 3 0
github.com/rossigee/provider-keycloak/apis/openidclient/v1alpha1/zz_generated.deepcopy.go:135.2,135.41 1 0
github.com/rossigee/provider-keycloak/apis/openidclient/v1alpha1/zz_generated.deepcopy.go:135.41,139.3 3 0
github.com/rossigee/provider-keycloak/apis/openidclient/v1alpha1/zz_generated.deepcopy.go:140.2,140.37 1 0
github.com/rossigee/provider-keycloak/apis/openidclient/v1alpha1/zz_generated.deepcopy.go:140.37,144.3 3 0
github.com/rossigee/provider-keycloak/apis/openidclient/v1alpha1/zz_generated.deepcopy.go:145.2,145.36 1 0
github.com/rossigee/provider-keycloak/apis/openidclient/v1alpha1/zz_generated.deepcopy.go:145.36,149.3 3 0
github.com/rossigee/provider-keycloak/apis/openidclient/v1alpha1/zz_generated.deepcopy.go:150.2,150.48 1 0
github.com/rossigee/provider-keycloak/apis/openidclient/v1alpha1/zz_generated.deepcopy.go:150.48,154.3 3 0
github.com/rossigee/provider-keycloak/apis/openidclient/v1alpha1/zz_generated.deepcopy.go:155.2,155.54 1 0
github.com/rossigee/provider-keycloak/apis/openidclient/v1alpha1/zz_generated.deepcopy.go:155.54,159.3 3 0
github.com/rossigee/provider-keycloak/apis/openidclient/v1alpha1/zz_generated.deepcopy.go:160.2,160.26 1 0
github.com/rossigee/provider-keycloak/apis/openidclient/v1alpha1/zz_generated.deepcopy.go:160.26,164.3 3 0
github.com/rossigee/provider-keycloak/apis/openidclient/v1alpha1/zz_generated.deepcopy.go:165.2,165.39 1 0
github.com/rossigee/provider-keycloak/apis/openidclient/v1alpha1/zz_generated.deepcopy.go:165.39,169.3 3 0
github.com/rossigee/provider-keycloak/apis/openidclient/v1alpha1/zz_generated.deepcopy.go:170.2,170.35 1 0
github.com/rossigee/provider-keycloak/apis/openidclient/v1alpha1/zz_generated.deepcopy.go:170.35,174.3 3 0
github.com/rossigee/provider-keycloak/apis/openidclient/v1alpha1/zz_generated.deepcopy.go:175.2,175.37 1 0
github.com/rossigee/provider-keycloak/apis/openidclient/v1alpha1/zz_generated.deepcopy.go:175.37,179.3 3 0
github.com/rossigee/provider-keycloak/apis/openidclient/v1alpha1/zz_generated.deepcopy.go:180.2,180.27 1 0
github.com/rossigee/provider-keycloak/apis/openidclient/v1alpha1/zz_generated.deepcopy.go:180.27,183.25 3 0
github.com/rossigee/provider-keycloak/apis/openidclient/v1alpha1/zz_generated.deepcopy.go:183.25,185.4 1 0
github.com/rossigee/provider-keycloak/apis/openidclient/v1alpha1/zz_generated.deepcopy.go:190.58,191.15 1 0
github.com/rossigee/provider-keycloak/apis/openidclient/v1alpha1/zz_generated.deepcopy.go:191.15,193.3 1 0
github.com/rossigee/provider-keycloak/apis/openidclient/v1alpha1/zz_generated.deepcopy.go:194.2,196.12 3 0
github.com/rossigee/provider-keycloak/apis/openidclient/v1alpha1/zz_generated.deepcopy.go:200.53,204.2 3 0
github.com/rossigee/provider-keycloak/apis/openidclient/v1alpha1/zz_generated.deepcopy.go:207.46,208.15 1 0
github.com/rossigee/provider-keycloak/apis/openidclient/v1alpha1/zz_generated.deepcopy.go:208.15,210.3 1 0
github.com/rossigee/provider-keycloak/apis/openidclient/v1alpha1/zz_generated.deepcopy.go:211.2,213.12 3 0
github.com/rossigee/provider-keycloak/apis/openidclient/v1alpha1/zz_generated.deepcopy.go:217.57,220.2 2 0
github.com/rossigee/provider-keycloak/apis/openidclient/v1alpha1/zz_generated.deepcopy.go:223.50,224.15 1 0
github.com/rossigee/provider-keycloak/apis/openidclient/v1alpha1/zz_generated.deepcopy.go:224.15,226.3 1 0
github.com/rossigee/provider-keycloak/apis/openidclient/v1alpha1/zz_generated.deepcopy.go:227.2,229.12 3 0
github.com/rossigee/provider-keycloak/apis/openidclient/v1alpha1/zz_generated.deepcopy.go:233.45,239.2 5 0
github.com/rossigee/provider-keycloak/apis/openidclient/v1alpha1/zz_generated.deepcopy.go:242.38,243.15 1 0
github.com/rossigee/provider-keycloak/apis/openidclient/v1alpha1/zz_generated.deepcopy.go:243.15,245.3 1 0
github.com/rossigee/provider-keycloak/apis/openidclient/v1alpha1/zz_generated.deepcopy.go:246.2,248.12 3 0
github.com/rossigee/provider-keycloak/apis/openidclient/v1alpha1/zz_generated.deepcopy.go:252.51,253.34 1 0
github.com/rossigee/provider-keycloak/apis/openidclient/v1alpha1/zz_generated.deepcopy.go:253.34,255.3 1 0
github.com/rossigee/provider-keycloak/apis/openidclient/v1alpha1/zz_generated.deepcopy.go:256.2,256.12 1 0
github.com/rossigee/provider-keycloak/apis/openidclient/v1alpha1/zz_generated.deepcopy.go:260.53,264.21 4 0
github.com/rossigee/provider-keycloak/apis/openidclient/v1alpha1/zz_generated.deepcopy.go:264.21,267.22 3 0
github.com/rossigee/provider-keycloak/apis/openidclient/v1alpha1/zz_generated.deepcopy.go:267.22,269.4 1 0
github.com/rossigee/provider-keycloak/apis/openidclient/v1alpha1/zz_generated.deepcopy.go:274.46,275.15 1 0
github.com/rossigee/provider-keycloak/apis/openidclient/v1alpha1/zz_generated.deepcopy.go:275.15,277.3 1 0
github.com/rossigee/provider-keycloak/apis/openidclient/v1alpha1/zz_generated.deepcopy.go:278.2,280.12 3 0
github.com/rossigee/provider-keycloak/apis/openidclient/v1alpha1/zz_generated.deepcopy.go:284.55,285.34 1 0
github.com/rossigee/provider-keycloak/apis/openidclient/v1alpha1/zz_generated.deepcopy.go:285.34,287.3 1 0
github.com/rossigee/provider-keycloak/apis/openidclient/v1alpha1/zz_generated.deepcopy.go:288.2,288.12 1 0
github.com/rossigee/provider-keycloak/apis/openidclient/v1alpha1/zz_generated.deepcopy.go:292.91,294.23 2 0
github.com/rossigee/provider-keycloak/apis/openidclient/v1alpha1/zz_generated.deepcopy.go:294.23,298.3 3 0
github.com/rossigee/provider-keycloak/apis/openidclient/v1alpha1/zz_generated.deepcopy.go:299.2,299.26 1 0
github.com/rossigee/provider-keycloak/apis/openidclient/v1alpha1/zz_generated.deepcopy.go:299.26,303.3 3 0
github.com/rossigee/provider-keycloak/apis/openidclient/v1alpha1/zz_generated.deepcopy.go:304.2,304.31 1 0
github.com/rossigee/provider-keycloak/apis/openidclient/v1alpha1/zz_generated.deepcopy.go:304.31,308.3 3 0
github.com/rossigee/provider-keycloak/apis/openidclient/v1alpha1/zz_generated.deepcopy.go:309.2,309.24 1 0
github.com/rossigee/provider-keycloak/apis/openidclient/v1alpha1/zz_generated.deepcopy.go:309.24,313.3 3 0
github.com/rossigee/provider-keycloak/apis/openidclient/v1alpha1/zz_generated.deepcopy.go:314.2,314.27 1 0
github.com/rossigee/provider-keycloak/apis/openidclient/v1alpha1/zz_generated.deepcopy.go:314.27,318.3 3 0
github.com/rossigee/provider-keycloak/apis/openidclient/v1alpha1/zz_generated.deepcopy.go:319.2,319.32 1 0
github.com/rossigee/provider-keycloak/apis/openidclient/v1alpha1/zz_generated.deepcopy.go:319.32,323.3 3 0
github.com/rossigee/provider-keycloak/apis/openidclient/v1alpha1/zz_generated.deepcopy.go:324.2,324.29 1 0
github.com/rossigee/provider-keycloak/apis/openidclient/v1alpha1/zz_generated.deepcopy.go:324.29,328.3 3 0
github.com/rossigee/provider-keycloak/apis/openidclient/v1alpha1/zz_generated.deepcopy.go:332.79,336.2 3 0
github.com/rossigee/provider-keycloak/apis/openidclient/v1alpha1/zz_generated.deepcopy.go:339.83,342.2 2 0
github.com/rossigee/provider-keycloak/apis/openidclient/v1alpha1/zz_generated.deepcopy.go:345.71,351.2 5 0
github.com/rossigee/provider-keycloak/apis/openidclient/v1alpha1/zz_generated.deepcopy.go:354.64,355.15 1 0
github.com/rossigee/provider-keycloak/apis/openidclient/v1alpha1/zz_generated.deepcopy.go:355.15,357.3 1 0
github.com/rossigee/provider-keycloak/apis/openidclient/v1alpha1/zz_generated.deepcopy.go:358.2,360.12 3 0
github.com/rossigee/provider-keycloak/apis/openidclient/v1alpha1/zz_generated.deepcopy.go:364.64,365.34 1 0
github.com/rossigee/provider-keycloak/apis/openidclient/v1alpha1/zz_generated.deepcopy.go:365.34,367.3 1 0
github.com/rossigee/provider-keycloak/apis/openidclient/v1alpha1/zz_generated.deepcopy.go:368.2,368.12 1 0
github.com/rossigee/provider-keycloak/apis/openidclient/v1alpha1/zz_generated.deepcopy.go:372.79,376.21 4 0
github.com/rossigee/provider-keycloak/apis/openidclient/v1alpha1/zz_generated.deepcopy.go:376.21,379.22 3 0
github.com/rossigee/provider-keycloak/apis/openidclient/v1alpha1/zz_generated.deepcopy.go:379.22,381.4 1 0
github.com/rossigee/provider-keycloak/apis/openidclient/v1alpha1/zz_generated.deepcopy.go:386.72,387.15 1 0
github.com/rossigee/provider-keycloak/apis/openidclient/v1alpha1/zz_generated.deepcopy.go:387.15,389.3 1 0
github.com/rossigee/provider-keycloak/apis/openidclient/v1alpha1/zz_generated.deepcopy.go:390.2,392.12 3 0
github.com/rossigee/provider-keycloak/apis/openidclient/v1alpha1/zz_generated.deepcopy.go:396.68,397.34 1 0
github.com/rossigee/provider-keycloak/apis/openidclient/v1alpha1/zz_generated.deepcopy.go:397.34,399.3 1 0
github.com/rossigee/provider-keycloak/apis/openidclient/v1alpha1/zz_generated.deepcopy.go:400.2,400.12 1 0
github.com/rossigee/provider-keycloak/apis/openidclient/v1alpha1/zz_generated.deepcopy.go:404.93,406.23 2 0
github.com/rossigee/provider-keycloak/apis/openidclient/v1alpha1/zz_generated.deepcopy.go:406.23,410.3 3 0
github.com/rossigee/provider-keycloak/apis/openidclient/v1alpha1/zz_generated.deepcopy.go:411.2,411.26 1 0
github.com/rossigee/provider-keycloak/apis/openidclient/v1alpha1/zz_generated.deepcopy.go:411.26,415.3 3 0
github.com/rossigee/provider-keycloak/apis/openidclient/v1alpha1/zz_generated.deepcopy.go:416.2,416.31 1 0
github.com/rossigee/provider-keycloak/apis/openidclient/v1alpha1/zz_generated.deepcopy.go:416.31,420.3 3 0
github.com/rossigee/provider-keycloak/apis/openidclient/v1alpha1/zz_generated.deepcopy.go:421.2,421.24 1 0
github.com/rossigee/provider-keycloak/apis/openidclient/v1alpha1/zz_generated.deepcopy.go:421.24,425.3 3 0
github.com/rossigee/provider-keycloak/apis/openidclient/v1alpha1/zz_generated.deepcopy.go:426.2,426.27 1 0
github.com/rossigee/provider-keycloak/apis/openidclient/v1alpha1/zz_generated.deepcopy.go:426.27,430.3 3 0
github.com/rossigee/provider-keycloak/apis/openidclient/v1alpha1/zz_generated.deepcopy.go:431.2,431.32 1 0
github.com/rossigee/provider-keycloak/apis/openidclient/v1alpha1/zz_generated.deepcopy.go:431.32,435.3 3 0
github.com/rossigee/provider-keycloak/apis/openidclient/v1alpha1/zz_generated.deepcopy.go:436.2,436.30 1 0
github.com/rossigee/provider-keycloak/apis/openidclient/v1alpha1/zz_generated.deepcopy.go:436.30,440.3 3 0
github.com/rossigee/provider-keycloak/apis/openidclient/v1alpha1/zz_generated.deepcopy.go:444.81,448.2 3 0
github.com/rossigee/provider-keycloak/apis/openidclient/v1alpha1/zz_generated.deepcopy.go:451.85,454.2 2 0
github.com/rossigee/provider-keycloak/apis/openidclient/v1alpha1/zz_generated.deepcopy.go:457.73,463.2 5 0
github.com/rossigee/provider-keycloak/apis/openidclient/v1alpha1/zz_generated.deepcopy.go:466.66,467.15 1 0
github.com/rossigee/provider-keycloak/apis/openidclient/v1alpha1/zz_generated.deepcopy.go:467.15,469.3 1 0
github.com/rossigee/provider-keycloak/apis/openidclient/v1alpha1/zz_generated.deepcopy.go:470.2,472.12 3 0
github.com/rossigee/provider-keycloak/apis/openidclient/v1alpha1/zz_generated.deepcopy.go:476.65,477.34 1 0
github.com/rossigee/provider-keycloak/apis/openidclient/v1alpha1/zz_generated.deepcopy.go:477.34,479.3 1 0
github.com/rossigee/provider-keycloak/apis/openidclient/v1alpha1/zz_generated.deepcopy.go:480.2,480.12 1 0
github.com/rossigee/provider-keycloak/apis/openidclient/v1alpha1/zz_generated.deepcopy.go:484.81,488.21 4 0
github.com/rossigee/provider-keycloak/apis/openidclient/v1alpha1/zz_generated.deepcopy.go:488.21,491.22 3 0
github.com/rossigee/provider-keycloak/apis/openidclient/v1alpha1/zz_generated.deepcopy.go:491.22,493.4 1 0
github.com/rossigee/provider-keycloak/apis/openidclient/v1alpha1/zz_generated.deepcopy.go:498.74,499.15 1 0
github.com/rossigee/provider-keycloak/apis/openidclient/v1alpha1/zz_generated.deepcopy.go:499.15,501.3 1 0
github.com/rossigee/provider-keycloak/apis/openidclient/v1alpha1/zz_generated.deepcopy.go:502.2,504.12 3 0
github.com/rossigee/provider-keycloak/apis/openidclient/v1alpha1/zz_generated.deepcopy.go:508.69,509.34 1 0
github.com/rossigee/provider-keycloak/apis/openidclient/v1alpha1/zz_generated.deepcopy.go:509.34,511.3 1 0
github.com/rossigee/provider-keycloak/apis/openidclient/v1alpha1/zz_generated.deepcopy.go:512.2,512.12 1 0
github.com/rossigee/provider-keycloak/apis/openidclient/v1alpha1/zz_generated.managed.go:14.70,16.2 1 0
github.com/rossigee/provider-keycloak/apis/openidclient/v1alpha1/zz_generated.managed.go:19.54,21.2 1 0
github.com/rossigee/provider-keycloak/apis/openidclient/v1alpha1/zz_generated.managed.go:24.67,26.2 1 0
github.com/rossigee/provider-keycloak/apis/openidclient/v1alpha1/zz_generated.managed.go:29.68,31.2 1 0
github.com/rossigee/provider-keycloak/apis/openidclient/v1alpha1/zz_generated.managed.go:34.78,36.2 1 0
github.com/rossigee/provider-keycloak/apis/openidclient/v1alpha1/zz_generated.managed.go:39.79,41.2 1 0
github.com/rossigee/provider-keycloak/apis/openidclient/v1alpha1/zz_generated.managed.go:44.84,46.2 1 0
github.com/rossigee/provider-keycloak/apis/openidclient/v1alpha1/zz_generated.managed.go:49.85,51.2 1 0
github.com/rossigee/provider-keycloak/apis/openidclient/v1alpha1/zz_generated.managed.go:54.83,56.2 1 0
github.com/rossigee/provider-keycloak/apis/openidclient/v1alpha1/zz_generated.managed.go:59.67,61.2 1 0
github.com/rossigee/provider-keycloak/apis/openidclient/v1alpha1/zz_generated.managed.go:64.80,66.2 1 0
github.com/rossigee/provider-keycloak/apis/openidclient/v1alpha1/zz_generated.managed.go:69.81,71.2 1 0
github.com/rossigee/provider-keycloak/apis/openidclient/v1alpha1/zz_generated.managed.go:74.91,76.2 1 0
github.com/rossigee/provider-keycloak/apis/openidclient/v1alpha1/zz_generated.managed.go:79.92,81.2 1 0
github.com/rossigee/provider-keycloak/apis/openidclient/v1alpha1/zz_generated.managed.go:84.97,86.2 1 0
github.com/rossigee/provider-keycloak/apis/openidclient/v1alpha1/zz_generated.managed.go:89.98,91.2 1 0
github.com/rossigee/provider-keycloak/apis/openidclient/v1alpha1/zz_generated.managed.go:94.84,96.2 1 0
github.com/rossigee/provider-keycloak/apis/openidclient/v1alpha1/zz_generated.managed.go:99.68,101.2 1 0
github.com/rossigee/provider-keycloak/apis/openidclient/v1alpha1/zz_generated.managed.go:104.81,106.2 1 0
github.com/rossigee/provider-keycloak/apis/openidclient/v1alpha1/zz_generated.managed.go:109.82,111.2 1 0
github.com/rossigee/provider-keycloak/apis/openidclient/v1alpha1/zz_generated.managed.go:114.92,116.2 1 0
github.com/rossigee/provider-keycloak/apis/openidclient/v1alpha1/zz_generated.managed.go:119.93,121.2 1 0
github.com/rossigee/provider-keycloak/apis/openidclient/v1alpha1/zz_generated.managed.go:124.98,126.2 1 0
github.com/rossigee/provider-keycloak/apis/openidclient/v1alpha1/zz_generated.managed.go:129.99,131.2 1 0
github.com/rossigee/provider-keycloak/apis/group/v1alpha1/register.go:36.13,38.2 1 0
github.com/rossigee/provider-keycloak/apis/group/v1alpha1/register.go:41.43,43.2 1 0
github.com/rossigee/provider-keycloak/apis/group/v1alpha1/zz_generated.deepcopy.go:18.63,20.23 2 0
github.com/rossigee/provider-keycloak/apis/group/v1alpha1/zz_generated.deepcopy.go:20.23,24.3 3 0
github.com/rossigee/provider-keycloak/apis/group/v1alpha1/zz_generated.deepcopy.go:25.2,25.26 1 0
github.com/rossigee/provider-keycloak/apis/group/v1alpha1/zz_generated.deepcopy.go:25.26,29.3 3 0
github.com/rossigee/provider-keycloak/apis/group/v1alpha1/zz_generated.deepcopy.go:30.2,30.31 1 0
github.com/rossigee/provider-keycloak/apis/group/v1alpha1/zz_generated.deepcopy.go:30.31,34.3 3 0
github.com/rossigee/provider-keycloak/apis/group/v1alpha1/zz_generated.deepcopy.go:35.2,35.24 1 0
github.com/rossigee/provider-keycloak/apis/group/v1alpha1/zz_generated.deepcopy.go:35.24,39.3 3 0
github.com/rossigee/provider-keycloak/apis/group/v1alpha1/zz_generated.deepcopy.go:40.2,40.27 1 0
github.com/rossigee/provider-keycloak/apis/group/v1alpha1/zz_generated.deepcopy.go:40.27,44.3 3 0
github.com/rossigee/provider-keycloak/apis/group/v1alpha1/zz_generated.deepcopy.go:45.2,45.32 1 0
github.com/rossigee/provider-keycloak/apis/group/v1alpha1/zz_generated.deepcopy.go:45.32,49.3 3 0
github.com/rossigee/provider-keycloak/apis/group/v1alpha1/zz_generated.deepcopy.go:50.2,50.27 1 0
github.com/rossigee/provider-keycloak/apis/group/v1alpha1/zz_generated.deepcopy.go:50.27,54.3 3 0
github.com/rossigee/provider-keycloak/apis/group/v1alpha1/zz_generated.deepcopy.go:55.2,55.26 1 0
github.com/rossigee/provider-keycloak/apis/group/v1alpha1/zz_generated.deepcopy.go:55.26,58.25 3 0
github.com/rossigee/provider-keycloak/apis/group/v1alpha1/zz_generated.deepcopy.go:58.25,60.4 1 0
github.com/rossigee/provider-keycloak/apis/group/v1alpha1/zz_generated.deepcopy.go:65.51,69.2 3 0
github.com/rossigee/provider-keycloak/apis/group/v1alpha1/zz_generated.deepcopy.go:72.55,75.2 2 0
github.com/rossigee/provider-keycloak/apis/group/v1alpha1/zz_generated.deepcopy.go:78.43,84.2 5 0
github.com/rossigee/provider-keycloak/apis/group/v1alpha1/zz_generated.deepcopy.go:87.36,88.15 1 0
github.com/rossigee/provider-keycloak/apis/group/v1alpha1/zz_generated.deepcopy.go:88.15,90.3 1 0
github.com/rossigee/provider-keycloak/apis/group/v1alpha1/zz_generated.deepcopy.go:91.2,93.12 3 0
github.com/rossigee/provider-keycloak/apis/group/v1alpha1/zz_generated.deepcopy.go:97.50,98.34 1 0
github.com/rossigee/provider-keycloak/apis/group/v1alpha1/zz_generated.deepcopy.go:98.34,100.3 1 0
github.com/rossigee/provider-keycloak/apis/group/v1alpha1/zz_generated.deepcopy.go:101.2,101.12 1 0
github.com/rossigee/provider-keycloak/apis/group/v1alpha1/zz_generated.deepcopy.go:105.51,109.21 4 0
github.com/rossigee/provider-keycloak/apis/group/v1alpha1/zz_generated.deepcopy.go:109.21,112.22 3 0
github.com/rossigee/provider-keycloak/apis/group/v1alpha1/zz_generated.deepcopy.go:112.22,114.4 1 0
github.com/rossigee/provider-keycloak/apis/group/v1alpha1/zz_generated.deepcopy.go:119.44,120.15 1 0
github.com/rossigee/provider-keycloak/apis/group/v1alpha1/zz_generated.deepcopy.go:120.15,122.3 1 0
github.com/rossigee/provider-keycloak/apis/group/v1alpha1/zz_generated.deepcopy.go:123.2,125.12 3 0
github.com/rossigee/provider-keycloak/apis/group/v1alpha1/zz_generated.deepcopy.go:129.54,130.34 1 0
github.com/rossigee/provider-keycloak/apis/group/v1alpha1/zz_generated.deepcopy.go:130.34,132.3 1 0
github.com/rossigee/provider-keycloak/apis/group/v1alpha1/zz_generated.deepcopy.go:133.2,133.12 1 0
github.com/rossigee/provider-keycloak/apis/group/v1alpha1/zz_generated.managed.go:14.69,16.2 1 0
github.com/rossigee/provider-keycloak/apis/group/v1alpha1/zz_generated.managed.go:19.53,21.2 1 0
github.com/rossigee/provider-keycloak/apis/group/v1alpha1/zz_generated.managed.go:24.66,26.2 1 0
github.com/rossigee/provider-keycloak/apis/group/v1alpha1/zz_generated.managed.go:29.67,31.2 1 0
github.com/rossigee/provider-keycloak/apis/group/v1alpha1/zz_generated.managed.go:34.77,36.2 1 0
github.com/rossigee/provider-keycloak/apis/group/v1alpha1/zz_generated.managed.go:39.78,41.2 1 0
github.com/rossigee/provider-keycloak/apis/group/v1alpha1/zz_generated.managed.go:44.83,46.2 1 0
github.com/rossigee/provider-keycloak/apis/group/v1alpha1/zz_generated.managed.go:49.84,51.2 1 0
github.com/rossigee/provider-keycloak/apis/user/v1alpha1/register.go:36.13,39.2 2 0
github.com/rossigee/provider-keycloak/apis/user/v1alpha1/register.go:42.43,44.2 1 0
github.com/rossigee/provider-keycloak/apis/user/v1alpha1/zz_generated.deepcopy.go:18.67,20.2 1 0
github.com/rossigee/provider-keycloak/apis/user/v1alpha1/zz_generated.deepcopy.go:23.61,25.23 2 0
github.com/rossigee/provider-keycloak/apis/user/v1alpha1/zz_generated.deepcopy.go:25.23,29.3 3 0
github.com/rossigee/provider-keycloak/apis/user/v1alpha1/zz_generated.deepcopy.go:30.2,30.26 1 0
github.com/rossigee/provider-keycloak/apis/user/v1alpha1/zz_generated.deepcopy.go:30.26,34.3 3 0
github.com/rossigee/provider-keycloak/apis/user/v1alpha1/zz_generated.deepcopy.go:35.2,35.31 1 0
github.com/rossigee/provider-keycloak/apis/user/v1alpha1/zz_generated.deepcopy.go:35.31,39.3 3 0
github.com/rossigee/provider-keycloak/apis/user/v1alpha1/zz_generated.deepcopy.go:40.2,40.21 1 0
github.com/rossigee/provider-keycloak/apis/user/v1alpha1/zz_generated.deepcopy.go:40.21,44.3 3 0
github.com/rossigee/provider-keycloak/apis/user/v1alpha1/zz_generated.deepcopy.go:45.2,45.29 1 0
github.com/rossigee/provider-keycloak/apis/user/v1alpha1/zz_generated.deepcopy.go:45.29,49.3 3 0
github.com/rossigee/provider-keycloak/apis/user/v1alpha1/zz_generated.deepcopy.go:50.2,50.23 1 0
github.com/rossigee/provider-keycloak/apis/user/v1alpha1/zz_generated.deepcopy.go:50.23,54.3 3 0
github.com/rossigee/provider-keycloak/apis/user/v1alpha1/zz_generated.deepcopy.go:55.2,55.25 1 0
github.com/rossigee/provider-keycloak/apis/user/v1alpha1/zz_generated.deepcopy.go:55.25,59.3 3 0
github.com/rossigee/provider-keycloak/apis/user/v1alpha1/zz_generated.deepcopy.go:60.2,60.24 1 0
github.com/rossigee/provider-keycloak/apis/user/v1alpha1/zz_generated.deepcopy.go:60.24,64.3 3 0
github.com/rossigee/provider-keycloak/apis/user/v1alpha1/zz_generated.deepcopy.go:65.2,65.26 1 0
github.com/rossigee/provider-keycloak/apis/user/v1alpha1/zz_generated.deepcopy.go:65.26,68.25 3 0
github.com/rossigee/provider-keycloak/apis/user/v1alpha1/zz_generated.deepcopy.go:68.25,70.4 1 0
github.com/rossigee/provider-keycloak/apis/user/v1alpha1/zz_generated.deepcopy.go:72.2,72.31 1 0
github.com/rossigee/provider-keycloak/apis/user/v1alpha1/zz_generated.deepcopy.go:72.31,76.3 3 0
github.com/rossigee/provider-keycloak/apis/user/v1alpha1/zz_generated.deepcopy.go:77.2,77.33 1 0
github.com/rossigee/provider-keycloak/apis/user/v1alpha1/zz_generated.deepcopy.go:77.33,81.3 3 0
github.com/rossigee/provider-keycloak/apis/user/v1alpha1/zz_generated.deepcopy.go:85.49,89.2 3 0
github.com/rossigee/provider-keycloak/apis/user/v1alpha1/zz_generated.deepcopy.go:92.53,95.2 2 0
github.com/rossigee/provider-keycloak/apis/user/v1alpha1/zz_generated.deepcopy.go:98.41,104.2 5 0
github.com/rossigee/provider-keycloak/apis/user/v1alpha1/zz_generated.deepcopy.go:107.34,108.15 1 0
github.com/rossigee/provider-keycloak/apis/user/v1alpha1/zz_generated.deepcopy.go:108.15,110.3 1 0
github.com/rossigee/provider-keycloak/apis/user/v1alpha1/zz_generated.deepcopy.go:111.2,113.12 3 0
github.com/rossigee/provider-keycloak/apis/user/v1alpha1/zz_generated.deepcopy.go:117.49,118.34 1 0
github.com/rossigee/provider-keycloak/apis/user/v1alpha1/zz_generated.deepcopy.go:118.34,120.3 1 0
github.com/rossigee/provider-keycloak/apis/user/v1alpha1/zz_generated.deepcopy.go:121.2,121.12 1 0
github.com/rossigee/provider-keycloak/apis/user/v1alpha1/zz_generated.deepcopy.go:125.49,129.21 4 0
github.com/rossigee/provider-keycloak/apis/user/v1alpha1/zz_generated.deepcopy.go:129.21,132.22 3 0
github.com/rossigee/provider-keycloak/apis/user/v1alpha1/zz_generated.deepcopy.go:132.22,134.4 1 0
github.com/rossigee/provider-keycloak/apis/user/v1alpha1/zz_generated.deepcopy.go:139.42,140.15 1 0
github.com/rossigee/provider-keycloak/apis/user/v1alpha1/zz_generated.deepcopy.go:140.15,142.3 1 0
github.com/rossigee/provider-keycloak/apis/user/v1alpha1/zz_generated.deepcopy.go:143.2,145.12 3 0
github.com/rossigee/provider-keycloak/apis/user/v1alpha1/zz_generated.deepcopy.go:149.53,150.34 1 0
github.com/rossigee/provider-keycloak/apis/user/v1alpha1/zz_generated.deepcopy.go:150.34,152.3 1 0
github.com/rossigee/provider-keycloak/apis/user/v1alpha1/zz_generated.deepcopy.go:153.2,153.12 1 0
github.com/rossigee/provider-keycloak/apis/user/v1alpha1/zz_generated.deepcopy.go:157.65,159.23 2 0
github.com/rossigee/provider-keycloak/apis/user/v1alpha1/zz_generated.deepcopy.go:159.23,163.3 3 0
github.com/rossigee/provider-keycloak/apis/user/v1alpha1/zz_generated.deepcopy.go:164.2,164.26 1 0
github.com/rossigee/provider-keycloak/apis/user/v1alpha1/zz_generated.deepcopy.go:164.26,168.3 3 0
github.com/rossigee/provider-keycloak/apis/user/v1alpha1/zz_generated.deepcopy.go:169.2,169.31 1 0
github.com/rossigee/provider-keycloak/apis/user/v1alpha1/zz_generated.deepcopy.go:169.31,173.3 3 0
github.com/rossigee/provider-keycloak/apis/user/v1alpha1/zz_generated.deepcopy.go:174.2,174.22 1 0
github.com/rossigee/provider-keycloak/apis/user/v1alpha1/zz_generated.deepcopy.go:174.22,178.3 3 0
github.com/rossigee/provider-keycloak/apis/user/v1alpha1/zz_generated.deepcopy.go:179.2,179.25 1 0
github.com/rossigee/provider-keycloak/apis/user/v1alpha1/zz_generated.deepcopy.go:179.25,183.3 3 0
github.com/rossigee/provider-keycloak/apis/user/v1alpha1/zz_generated.deepcopy.go:184.2,184.30 1 0
github.com/rossigee/provider-keycloak/apis/user/v1alpha1/zz_generated.deepcopy.go:184.30,188.3 3 0
github.com/rossigee/provider-keycloak/apis/user/v1alpha1/zz_generated.deepcopy.go:189.2,189.24 1 0
github.com/rossigee/provider-keycloak/apis/user/v1alpha1/zz_generated.deepcopy.go:189.24,193.3 3 0
github.com/rossigee/provider-keycloak/apis/user/v1alpha1/zz_generated.deepcopy.go:194.2,194.28 1 0
github.com/rossigee/provider-keycloak/apis/user/v1alpha1/zz_generated.deepcopy.go:194.28,197.22 3 0
github.com/rossigee/provider-keycloak/apis/user/v1alpha1/zz_generated.deepcopy.go:197.22,199.4 1 0
github.com/rossigee/provider-keycloak/apis/user/v1alpha1/zz_generated.deepcopy.go:201.2,201.32 1 0
github.com/rossigee/provider-keycloak/apis/user/v1alpha1/zz_generated.deepcopy.go:201.32,205.3 3 0
github.com/rossigee/provider-keycloak/apis/user/v1alpha1/zz_generated.deepcopy.go:206.2,206.26 1 0
github.com/rossigee/provider-keycloak/apis/user/v1alpha1/zz_generated.deepcopy.go:206.26,210.3 3 0
github.com/rossigee/provider-keycloak/apis/user/v1alpha1/zz_generated.deepcopy.go:214.53,218.2 3 0
github.com/rossigee/provider-keycloak/apis/user/v1alpha1/zz_generated.deepcopy.go:221.57,224.2 2 0
github.com/rossigee/provider-keycloak/apis/user/v1alpha1/zz_generated.deepcopy.go:227.45,233.2 5 0
github.com/rossigee/provider-keycloak/apis/user/v1alpha1/zz_generated.deepcopy.go:236.38,237.15 1 0
github.com/rossigee/provider-keycloak/apis/user/v1alpha1/zz_generated.deepcopy.go:237.15,239.3 1 0
github.com/rossigee/provider-keycloak/apis/user/v1alpha1/zz_generated.deepcopy.go:240.2,242.12 3 0
github.com/rossigee/provider-keycloak/apis/user/v1alpha1/zz_generated.deepcopy.go:246.51,247.34 1 0
github.com/rossigee/provider-keycloak/apis/user/v1alpha1/zz_generated.deepcopy.go:247.34,249.3 1 0
github.com/rossigee/provider-keycloak/apis/user/v1alpha1/zz_generated.deepcopy.go:250.2,250.12 1 0
github.com/rossigee/provider-keycloak/apis/user/v1alpha1/zz_generated.deepcopy.go:254.53,258.21 4 0
github.com/rossigee/provider-keycloak/apis/user/v1alpha1/zz_generated.deepcopy.go:258.21,261.22 3 0
github.com/rossigee/provider-keycloak/apis/user/v1alpha1/zz_generated.deepcopy.go:261.22,263.4 1 0
github.com/rossigee/provider-keycloak/apis/user/v1alpha1/zz_generated.deepcopy.go:268.46,269.15 1 0
github.com/rossigee/provider-keycloak/apis/user/v1alpha1/zz_generated.deepcopy.go:269.15,271.3 1 0
github.com/rossigee/provider-keycloak/apis/user/v1alpha1/zz_generated.deepcopy.go:272.2,274.12 3 0
github.com/rossigee/provider-keycloak/apis/user/v1alpha1/zz_generated.deepcopy.go:278.55,279.34 1 0
github.com/rossigee/provider-keycloak/apis/user/v1alpha1/zz_generated.deepcopy.go:279.34,281.3 1 0
github.com/rossigee/provider-keycloak/apis/user/v1alpha1/zz_generated.deepcopy.go:282.2,282.12 1 0
github.com/rossigee/provider-keycloak/apis/user/v1alpha1/zz_generated.managed.go:14.68,16.2 1 0
github.com/rossigee/provider-keycloak/apis/user/v1alpha1/zz_generated.managed.go:19.52,21.2 1 0
github.com/rossigee/provider-keycloak/apis/user/v1alpha1/zz_generated.managed.go:24.65,26.2 1 0
github.com/rossigee/provider-keycloak/apis/user/v1alpha1/zz_generated.managed.go:29.66,31.2 1 0
github.com/rossigee/provider-keycloak/apis/user/v1alpha1/zz_generated.managed.go:34.76,36.2 1 0
github.com/rossigee/provider-keycloak/apis/user/v1alpha1/zz_generated.managed.go:39.77,41.2 1 0
github.com/rossigee/provider-keycloak/apis/user/v1alpha1/zz_generated.managed.go:44.82,46.2 1 0
github.com/rossigee/provider-keycloak/apis/user/v1alpha1/zz_generated.managed.go:49.83,51.2 1 0
github.com/rossigee/provider-keycloak/apis/user/v1alpha1/zz_generated.managed.go:54.70,56.2 1 0
github.com/rossigee/provider-keycloak/apis/user/v1alpha1/zz_generated.managed.go:59.54,61.2 1 0
github.com/rossigee/provider-keycloak/apis/user/v1alpha1/zz_generated.managed.go:64.67,66.2 1 0
github.com/rossigee/provider-keycloak/apis/user/v1alpha1/zz_generated.managed.go:69.68,71.2 1 0
github.com/rossigee/provider-keycloak/apis/user/v1alpha1/zz_generated.managed.go:74.78,76.2 1 0
github.com/rossigee/provider-keycloak/apis/user/v1alpha1/zz_generated.managed.go:79.79,81.2 1 0
github.com/rossigee/provider-keycloak/apis/user/v1alpha1/zz_generated.managed.go:84.84,86.2 1 0
github.com/rossigee/provider-keycloak/apis/user/v1alpha1/zz_generated.managed.go:89.85,91.2 1 0
github.com/rossigee/provider-keycloak/apis/apis.go:32.13,42.2 1 0
github.com/rossigee/provider-keycloak/apis/apis.go:48.43,50.2 1 0
github.com/rossigee/provider-keycloak/apis/v1beta1/register.go:36.13,39.2 2 0
github.com/rossigee/provider-keycloak/apis/v1beta1/register.go:42.43,44.2 1 0
github.com/rossigee/provider-keycloak/apis/v1beta1/zz_generated.deepcopy.go:16.71,19.2 2 0
github.com/rossigee/provider-keycloak/apis/v1beta1/zz_generated.deepcopy.go:22.64,23.15 1 0
github.com/rossigee/provider-keycloak/apis/v1beta1/zz_generated.deepcopy.go:23.15,25.3 1 0
github.com/rossigee/provider-keycloak/apis/v1beta1/zz_generated.deepcopy.go:26.2,28.12 3 0
github.com/rossigee/provider-keycloak/apis/v1beta1/zz_generated.deepcopy.go:32.69,35.2 2 0
github.com/rossigee/provider-keycloak/apis/v1beta1/zz_generated.deepcopy.go:38.62,39.15 1 0
github.com/rossigee/provider-keycloak/apis/v1beta1/zz_generated.deepcopy.go:39.15,41.3 1 0
github.com/rossigee/provider-keycloak/apis/v1beta1/zz_generated.deepcopy.go:42.2,44.12 3 0
github.com/rossigee/provider-keycloak/apis/v1beta1/zz_generated.deepcopy.go:48.73,51.2 2 0
github.com/rossigee/provider-keycloak/apis/v1beta1/zz_generated.deepcopy.go:54.66,55.15 1 0
github.com/rossigee/provider-keycloak/apis/v1beta1/zz_generated.deepcopy.go:55.15,57.3 1 0
github.com/rossigee/provider-keycloak/apis/v1beta1/zz_generated.deepcopy.go:58.2,60.12 3 0
github.com/rossigee/provider-keycloak/apis/v1beta1/zz_generated.deepcopy.go:64.61,70.2 5 0
github.com/rossigee/provider-keycloak/apis/v1beta1/zz_generated.deepcopy.go:73.54,74.15 1 0
github.com/rossigee/provider-keycloak/apis/v1beta1/zz_generated.deepcopy.go:74.15,76.3 1 0
github.com/rossigee/provider-keycloak/apis/v1beta1/zz_generated.deepcopy.go:77.2,79.12 3 0
github.com/rossigee/provider-keycloak/apis/v1beta1/zz_generated.deepcopy.go:83.59,84.34 1 0
github.com/rossigee/provider-keycloak/apis/v1beta1/zz_generated.deepcopy.go:84.34,86.3 1 0
github.com/rossigee/provider-keycloak/apis/v1beta1/zz_generated.deepcopy.go:87.2,87.12 1 0
github.com/rossigee/provider-keycloak/apis/v1beta1/zz_generated.deepcopy.go:91.69,95.21 4 0
github.com/rossigee/provider-keycloak/apis/v1beta1/zz_generated.deepcopy.go:95.21,98.22 3 0
github.com/rossigee/provider-keycloak/apis/v1beta1/zz_generated.deepcopy.go:98.22,100.4 1 0
github.com/rossigee/provider-keycloak/apis/v1beta1/zz_generated.deepcopy.go:105.62,106.15 1 0
github.com/rossigee/provider-keycloak/apis/v1beta1/zz_generated.deepcopy.go:106.15,108.3 1 0
github.com/rossigee/provider-keycloak/apis/v1beta1/zz_generated.deepcopy.go:109.2,111.12 3 0
github.com/rossigee/provider-keycloak/apis/v1beta1/zz_generated.deepcopy.go:115.63,116.34 1 0
github.com/rossigee/provider-keycloak/apis/v1beta1/zz_generated.deepcopy.go:116.34,118.3 1 0
github.com/rossigee/provider-keycloak/apis/v1beta1/zz_generated.deepcopy.go:119.2,119.12 1 0
github.com/rossigee/provider-keycloak/apis/v1beta1/zz_generated.deepcopy.go:123.71,128.2 4 0
github.com/rossigee/provider-keycloak/apis/v1beta1/zz_generated.deepcopy.go:131.64,132.15 1 0
github.com/rossigee/provider-keycloak/apis/v1beta1/zz_generated.deepcopy.go:132.15,134.3 1 0
github.com/rossigee/provider-keycloak/apis/v1beta1/zz_generated.deepcopy.go:135.2,137.12 3 0
github.com/rossigee/provider-keycloak/apis/v1beta1/zz_generated.deepcopy.go:141.64,142.34 1 0
github.com/rossigee/provider-keycloak/apis/v1beta1/zz_generated.deepcopy.go:142.34,144.3 1 0
github.com/rossigee/provider-keycloak/apis/v1beta1/zz_generated.deepcopy.go:145.2,145.12 1 0
github.com/rossigee/provider-keycloak/apis/v1beta1/zz_generated.deepcopy.go:149.79,153.21 4 0
github.com/rossigee/provider-keycloak/apis/v1beta1/zz_generated.deepcopy.go:153.21,156.22 3 0
github.com/rossigee/provider-keycloak/apis/v1beta1/zz_generated.deepcopy.go:156.22,158.4 1 0
github.com/rossigee/provider-keycloak/apis/v1beta1/zz_generated.deepcopy.go:163.72,164.15 1 0
github.com/rossigee/provider-keycloak/apis/v1beta1/zz_generated.deepcopy.go:164.15,166.3 1 0
github.com/rossigee/provider-keycloak/apis/v1beta1/zz_generated.deepcopy.go:167.2,169.12 3 0
github.com/rossigee/provider-keycloak/apis/v1beta1/zz_generated.deepcopy.go:173.68,174.34 1 0
github.com/rossigee/provider-keycloak/apis/v1beta1/zz_generated.deepcopy.go:174.34,176.3 1 0
github.com/rossigee/provider-keycloak/apis/v1beta1/zz_generated.deepcopy.go:177.2,177.12 1 0
github.com/rossigee/provider-keycloak/apis/client/v1alpha1/register.go:36.13,38.2 1 0
github.com/rossigee/provider-keycloak/apis/client/v1alpha1/register.go:41.43,43.2 1 0
github.com/rossigee/provider-keycloak/apis/client/v1alpha1/zz_generated.deepcopy.go:18.81,20.23 2 0
github.com/rossigee/provider-keycloak/apis/client/v1alpha1/zz_generated.deepcopy.go:20.23,24.3 3 0
github.com/rossigee/provider-keycloak/apis/client/v1alpha1/zz_generated.deepcopy.go:25.2,25.26 1 0
github.com/rossigee/provider-keycloak/apis/client/v1alpha1/zz_generated.deepcopy.go:25.26,29.3 3 0
github.com/rossigee/provider-keycloak/apis/client/v1alpha1/zz_generated.deepcopy.go:30.2,30.31 1 0
github.com/rossigee/provider-keycloak/apis/client/v1alpha1/zz_generated.deepcopy.go:30.31,34.3 3 0
github.com/rossigee/provider-keycloak/apis/client/v1alpha1/zz_generated.deepcopy.go:35.2,35.24 1 0
github.com/rossigee/provider-keycloak/apis/client/v1alpha1/zz_generated.deepcopy.go:35.24,39.3 3 0
github.com/rossigee/provider-keycloak/apis/client/v1alpha1/zz_generated.deepcopy.go:40.2,40.27 1 0
github.com/rossigee/provider-keycloak/apis/client/v1alpha1/zz_generated.deepcopy.go:40.27,44.3 3 0
github.com/rossigee/provider-keycloak/apis/client/v1alpha1/zz_generated.deepcopy.go:45.2,45.32 1 0
github.com/rossigee/provider-keycloak/apis/client/v1alpha1/zz_generated.deepcopy.go:45.32,49.3 3 0
github.com/rossigee/provider-keycloak/apis/client/v1alpha1/zz_generated.deepcopy.go:50.2,50.29 1 0
github.com/rossigee/provider-keycloak/apis/client/v1alpha1/zz_generated.deepcopy.go:50.29,54.3 3 0
github.com/rossigee/provider-keycloak/apis/client/v1alpha1/zz_generated.deepcopy.go:55.2,55.32 1 0
github.com/rossigee/provider-keycloak/apis/client/v1alpha1/zz_generated.deepcopy.go:55.32,59.3 3 0
github.com/rossigee/provider-keycloak/apis/client/v1alpha1/zz_generated.deepcopy.go:60.2,60.37 1 0
github.com/rossigee/provider-keycloak/apis/client/v1alpha1/zz_generated.deepcopy.go:60.37,64.3 3 0
github.com/rossigee/provider-keycloak/apis/client/v1alpha1/zz_generated.deepcopy.go:65.2,65.22 1 0
github.com/rossigee/provider-keycloak/apis/client/v1alpha1/zz_generated.deepcopy.go:65.22,68.25 3 0
github.com/rossigee/provider-keycloak/apis/client/v1alpha1/zz_generated.deepcopy.go:68.25,70.4 1 0
github.com/rossigee/provider-keycloak/apis/client/v1alpha1/zz_generated.deepcopy.go:75.69,79.2 3 0
github.com/rossigee/provider-keycloak/apis/client/v1alpha1/zz_generated.deepcopy.go:82.73,85.2 2 0
github.com/rossigee/provider-keycloak/apis/client/v1alpha1/zz_generated.deepcopy.go:88.61,94.2 5 0
github.com/rossigee/provider-keycloak/apis/client/v1alpha1/zz_generated.deepcopy.go:97.54,98.15 1 0
github.com/rossigee/provider-keycloak/apis/client/v1alpha1/zz_generated.deepcopy.go:98.15,100.3 1 0
github.com/rossigee/provider-keycloak/apis/client/v1alpha1/zz_generated.deepcopy.go:101.2,103.12 3 0
github.com/rossigee/provider-keycloak/apis/client/v1alpha1/zz_generated.deepcopy.go:107.59,108.34 1 0
github.com/rossigee/provider-keycloak/apis/client/v1alpha1/zz_generated.deepcopy.go:108.34,110.3 1 0
github.com/rossigee/provider-keycloak/apis/client/v1alpha1/zz_generated.deepcopy.go:111.2,111.12 1 0
github.com/rossigee/provider-keycloak/apis/client/v1alpha1/zz_generated.deepcopy.go:115.69,119.21 4 0
github.com/rossigee/provider-keycloak/apis/client/v1alpha1/zz_generated.deepcopy.go:119.21,122.22 3 0
github.com/rossigee/provider-keycloak/apis/client/v1alpha1/zz_generated.deepcopy.go:122.22,124.4 1 0
github.com/rossigee/provider-keycloak/apis/client/v1alpha1/zz_generated.deepcopy.go:129.62,130.15 1 0
github.com/rossigee/provider-keycloak/apis/client/v1alpha1/zz_generated.deepcopy.go:130.15,132.3 1 0
github.com/rossigee/provider-keycloak/apis/client/v1alpha1/zz_generated.deepcopy.go:133.2,135.12 3 0
github.com/rossigee/provider-keycloak/apis/client/v1alpha1/zz_generated.deepcopy.go:139.63,140.34 1 0
github.com/rossigee/provider-keycloak/apis/client/v1alpha1/zz_generated.deepcopy.go:140.34,142.3 1 0
github.com/rossigee/provider-keycloak/apis/client/v1alpha1/zz_generated.deepcopy.go:143.2,143.12 1 0
github.com/rossigee/provider-keycloak/apis/client/v1alpha1/zz_generated.managed.go:14.78,16.2 1 0
github.com/rossigee/provider-keycloak/apis/client/v1alpha1/zz_generated.managed.go:19.62,21.2 1 0
github.com/rossigee/provider-keycloak/apis/client/v1alpha1/zz_generated.managed.go:24.75,26.2 1 0
github.com/rossigee/provider-keycloak/apis/client/v1alpha1/zz_generated.managed.go:29.76,31.2 1 0
github.com/rossigee/provider-keycloak/apis/client/v1alpha1/zz_generated.managed.go:34.86,36.2 1 0
github.com/rossigee/provider-keycloak/apis/client/v1alpha1/zz_generated.managed.go:39.87,41.2 1 0
github.com/rossigee/provider-keycloak/apis/client/v1alpha1/zz_generated.managed.go:44.92,46.2 1 0
github.com/rossigee/provider-keycloak/apis/client/v1alpha1/zz_generated.managed.go:49.93,51.2 1 0
github.com/rossigee/provider-keycloak/cmd/provider/main.go:42.13,86.53 9 0
github.com/rossigee/provider-keycloak/cmd/provider/main.go:86.53,86.89 2 0
github.com/rossigee/provider-keycloak/cmd/provider/main.go:87.53,87.89 2 0
github.com/rossigee/provider-keycloak/cmd/provider/main.go:89.2,105.95 7 0
github.com/rossigee/provider-keycloak/internal/controller/controller.go:27.58,29.2 1 0
github.com/rossigee/provider-keycloak/internal/clients/config.go:53.102,55.16 2 1
github.com/rossigee/provider-keycloak/internal/clients/config.go:55.16,57.3 1 1
github.com/rossigee/provider-keycloak/internal/clients/config.go:58.2,58.30 1 1
github.com/rossigee/provider-keycloak/internal/clients/config.go:61.113,62.42 1 1
github.com/rossigee/provider-keycloak/internal/clients/config.go:62.42,64.3 1 1
github.com/rossigee/provider-keycloak/internal/clients/config.go:65.2,70.50 3 1
github.com/rossigee/provider-keycloak/internal/clients/config.go:70.50,72.3 1 1
github.com/rossigee/provider-keycloak/internal/clients/config.go:73.2,74.15 2 1
github.com/rossigee/provider-keycloak/internal/clients/config.go:74.15,76.3 1 0
github.com/rossigee/provider-keycloak/internal/clients/config.go:77.2,78.9 2 1
github.com/rossigee/provider-keycloak/internal/clients/config.go:78.9,80.3 1 1
github.com/rossigee/provider-keycloak/internal/clients/config.go:81.2,81.17 1 1
github.com/rossigee/provider-keycloak/internal/clients/config.go:84.52,86.52 2 1
github.com/rossigee/provider-keycloak/internal/clients/config.go:86.52,88.3 1 1
github.com/rossigee/provider-keycloak/internal/clients/config.go:89.2,89.21 1 1
github.com/rossigee/provider-keycloak/internal/clients/config.go:89.21,91.3 1 1
github.com/rossigee/provider-keycloak/internal/clients/config.go:92.2,92.26 1 1
github.com/rossigee/provider-keycloak/internal/clients/config.go:92.26,94.3 1 1
github.com/rossigee/provider-keycloak/internal/clients/config.go:95.2,95.30 1 1
github.com/rossigee/provider-keycloak/internal/clients/config.go:95.30,97.3 1 1
github.com/rossigee/provider-keycloak/internal/clients/config.go:98.2,98.23 1 1
github.com/rossigee/provider-keycloak/internal/clients/config.go:98.23,100.3 1 1
github.com/rossigee/provider-keycloak/internal/clients/config.go:101.2,101.26 1 1
github.com/rossigee/provider-keycloak/internal/clients/config.go:101.26,103.3 1 1
github.com/rossigee/provider-keycloak/internal/clients/config.go:104.2,110.8 1 1
github.com/rossigee/provider-keycloak/internal/clients/keycloak.go:47.37,49.2 1 1
github.com/rossigee/provider-keycloak/internal/clients/keycloak.go:89.110,91.16 2 0
github.com/rossigee/provider-keycloak/internal/clients/keycloak.go:91.16,93.3 1 0
github.com/rossigee/provider-keycloak/internal/clients/keycloak.go:94.2,94.38 1 0
github.com/rossigee/provider-keycloak/internal/clients/keycloak.go:98.85,100.33 2 1
github.com/rossigee/provider-keycloak/internal/clients/keycloak.go:100.33,106.3 3 0
github.com/rossigee/provider-keycloak/internal/clients/keycloak.go:108.2,116.16 4 1
github.com/rossigee/provider-keycloak/internal/clients/keycloak.go:116.16,118.3 1 1
github.com/rossigee/provider-keycloak/internal/clients/keycloak.go:120.2,124.8 1 1
github.com/rossigee/provider-keycloak/internal/clients/keycloak.go:135.106,145.16 4 1
github.com/rossigee/provider-keycloak/internal/clients/keycloak.go:145.16,147.3 1 0
github.com/rossigee/provider-keycloak/internal/clients/keycloak.go:148.2,151.16 3 1
github.com/rossigee/provider-keycloak/internal/clients/keycloak.go:151.16,153.3 1 0
github.com/rossigee/provider-keycloak/internal/clients/keycloak.go:154.2,154.15 1 1
github.com/rossigee/provider-keycloak/internal/clients/keycloak.go:154.15,154.40 1 1
github.com/rossigee/provider-keycloak/internal/clients/keycloak.go:156.2,157.16 2 1
github.com/rossigee/provider-keycloak/internal/clients/keycloak.go:157.16,159.3 1 0
github.com/rossigee/provider-keycloak/internal/clients/keycloak.go:161.2,162.50 2 1
github.com/rossigee/provider-keycloak/internal/clients/keycloak.go:162.50,164.3 1 1
github.com/rossigee/provider-keycloak/internal/clients/keycloak.go:166.2,166.20 1 1
github.com/rossigee/provider-keycloak/internal/clients/keycloak.go:166.20,168.3 1 1
github.com/rossigee/provider-keycloak/internal/clients/keycloak.go:169.2,169.26 1 1
github.com/rossigee/provider-keycloak/internal/clients/keycloak.go:169.26,171.3 1 1
github.com/rossigee/provider-keycloak/internal/clients/keycloak.go:173.2,173.28 1 1
github.com/rossigee/provider-keycloak/internal/clients/keycloak.go:180.112,182.17 2 1
github.com/rossigee/provider-keycloak/internal/clients/keycloak.go:182.17,184.17 2 0
github.com/rossigee/provider-keycloak/internal/clients/keycloak.go:184.17,186.4 1 0
github.com/rossigee/provider-keycloak/internal/clients/keycloak.go:187.3,187.42 1 0
github.com/rossigee/provider-keycloak/internal/clients/keycloak.go:190.2,191.16 2 1
github.com/rossigee/provider-keycloak/internal/clients/keycloak.go:191.16,193.3 1 0
github.com/rossigee/provider-keycloak/internal/clients/keycloak.go:195.2,199.16 4 1
github.com/rossigee/provider-keycloak/internal/clients/keycloak.go:199.16,201.3 1 0
github.com/rossigee/provider-keycloak/internal/clients/keycloak.go:202.2,202.15 1 1
github.com/rossigee/provider-keycloak/internal/clients/keycloak.go:202.15,202.40 1 1
github.com/rossigee/provider-keycloak/internal/clients/keycloak.go:204.2,205.16 2 1
github.com/rossigee/provider-keycloak/internal/clients/keycloak.go:205.16,207.3 1 0
github.com/rossigee/provider-keycloak/internal/clients/keycloak.go:209.2,209.53 1 1
github.com/rossigee/provider-keycloak/internal/clients/keycloak.go:209.53,211.31 2 1
github.com/rossigee/provider-keycloak/internal/clients/keycloak.go:211.31,213.4 1 1
github.com/rossigee/provider-keycloak/internal/clients/keycloak.go:214.3,214.84 1 1
github.com/rossigee/provider-keycloak/internal/clients/keycloak.go:217.2,217.22 1 1
github.com/rossigee/provider-keycloak/internal/clients/keycloak.go:235.86,237.16 2 0
github.com/rossigee/provider-keycloak/internal/clients/keycloak.go:237.16,239.3 1 0
github.com/rossigee/provider-keycloak/internal/clients/keycloak.go:241.2,242.53 2 0
github.com/rossigee/provider-keycloak/internal/clients/keycloak.go:242.53,244.3 1 0
github.com/rossigee/provider-keycloak/internal/clients/keycloak.go:246.2,246.16 1 0
github.com/rossigee/provider-keycloak/internal/clients/keycloak.go:249.89,251.16 2 0
github.com/rossigee/provider-keycloak/internal/clients/keycloak.go:251.16,253.3 1 0
github.com/rossigee/provider-keycloak/internal/clients/keycloak.go:255.2,256.53 2 0
github.com/rossigee/provider-keycloak/internal/clients/keycloak.go:256.53,258.3 1 0
github.com/rossigee/provider-keycloak/internal/clients/keycloak.go:260.2,260.16 1 0
github.com/rossigee/provider-keycloak/internal/clients/keycloak.go:263.79,266.2 2 0
github.com/rossigee/provider-keycloak/internal/clients/keycloak.go:268.79,271.2 2 0
github.com/rossigee/provider-keycloak/internal/clients/keycloak.go:296.112,299.16 3 1
github.com/rossigee/provider-keycloak/internal/clients/keycloak.go:299.16,301.3 1 1
github.com/rossigee/provider-keycloak/internal/clients/keycloak.go:303.2,304.59 2 1
github.com/rossigee/provider-keycloak/internal/clients/keycloak.go:304.59,306.3 1 0
github.com/rossigee/provider-keycloak/internal/clients/keycloak.go:308.2,308.23 1 1
github.com/rossigee/provider-keycloak/internal/clients/keycloak.go:308.23,310.3 1 1
github.com/rossigee/provider-keycloak/internal/clients/keycloak.go:312.2,312.25 1 1
github.com/rossigee/provider-keycloak/internal/clients/keycloak.go:315.135,319.16 2 1
github.com/rossigee/provider-keycloak/internal/clients/keycloak.go:319.16,321.3 1 1
github.com/rossigee/provider-keycloak/internal/clients/keycloak.go:322.2,324.22 3 1
github.com/rossigee/provider-keycloak/internal/clients/keycloak.go:329.103,331.16 2 1
github.com/rossigee/provider-keycloak/internal/clients/keycloak.go:331.16,333.3 1 0
github.com/rossigee/provider-keycloak/internal/clients/keycloak.go:335.2,336.16 2 1
github.com/rossigee/provider-keycloak/internal/clients/keycloak.go:336.16,338.3 1 0
github.com/rossigee/provider-keycloak/internal/clients/keycloak.go:339.2,343.16 4 1
github.com/rossigee/provider-keycloak/internal/clients/keycloak.go:343.16,345.3 1 0
github.com/rossigee/provider-keycloak/internal/clients/keycloak.go:346.2,346.15 1 1
github.com/rossigee/provider-keycloak/internal/clients/keycloak.go:346.15,346.40 1 1
github.com/rossigee/provider-keycloak/internal/clients/keycloak.go:349.2,351.53 2 1
github.com/rossigee/provider-keycloak/internal/clients/keycloak.go:351.53,353.31 2 1
github.com/rossigee/provider-keycloak/internal/clients/keycloak.go:353.31,355.4 1 0
github.com/rossigee/provider-keycloak/internal/clients/keycloak.go:356.3,356.83 1 1
github.com/rossigee/provider-keycloak/internal/clients/keycloak.go:359.2,360.15 2 1
github.com/rossigee/provider-keycloak/internal/clients/keycloak.go:360.15,362.3 1 1
github.com/rossigee/provider-keycloak/internal/clients/keycloak.go:364.2,365.16 2 1
github.com/rossigee/provider-keycloak/internal/clients/keycloak.go:365.16,367.3 1 0
github.com/rossigee/provider-keycloak/internal/clients/keycloak.go:368.2,369.39 2 1
github.com/rossigee/provider-keycloak/internal/clients/keycloak.go:372.110,373.21 1 0
github.com/rossigee/provider-keycloak/internal/clients/keycloak.go:373.21,375.3 1 0
github.com/rossigee/provider-keycloak/internal/clients/keycloak.go:376.2,378.12 3 0
github.com/rossigee/provider-keycloak/internal/clients/keycloak.go:381.90,385.2 3 1
github.com/rossigee/provider-keycloak/internal/clients/keycloak.go:387.105,390.16 3 0
github.com/rossigee/provider-keycloak/internal/clients/keycloak.go:390.16,392.3 1 0
github.com/rossigee/provider-keycloak/internal/clients/keycloak.go:394.2,395.59 2 0
github.com/rossigee/provider-keycloak/internal/clients/keycloak.go:395.59,397.3 1 0
github.com/rossigee/provider-keycloak/internal/clients/keycloak.go:399.2,399.21 1 0
github.com/rossigee/provider-keycloak/internal/clients/keycloak.go:420.108,423.16 3 0
github.com/rossigee/provider-keycloak/internal/clients/keycloak.go:423.16,425.3 1 0
github.com/rossigee/provider-keycloak/internal/clients/keycloak.go:427.2,428.57 2 0
github.com/rossigee/provider-keycloak/internal/clients/keycloak.go:428.57,430.3 1 0
github.com/rossigee/provider-keycloak/internal/clients/keycloak.go:432.2,432.21 1 0
github.com/rossigee/provider-keycloak/internal/clients/keycloak.go:432.21,434.3 1 0
github.com/rossigee/provider-keycloak/internal/clients/keycloak.go:436.2,436.23 1 0
github.com/rossigee/provider-keycloak/internal/clients/keycloak.go:439.127,442.16 3 0
github.com/rossigee/provider-keycloak/internal/clients/keycloak.go:442.16,444.3 1 0
github.com/rossigee/provider-keycloak/internal/clients/keycloak.go:446.2,447.80 2 0
github.com/rossigee/provider-keycloak/internal/clients/keycloak.go:447.80,449.3 1 0
github.com/rossigee/provider-keycloak/internal/clients/keycloak.go:451.2,451.22 1 0
github.com/rossigee/provider-keycloak/internal/clients/keycloak.go:454.104,455.19 1 0
github.com/rossigee/provider-keycloak/internal/clients/keycloak.go:455.19,457.3 1 0
github.com/rossigee/provider-keycloak/internal/clients/keycloak.go:458.2,460.12 3 0
github.com/rossigee/provider-keycloak/internal/clients/keycloak.go:463.86,467.2 3 0
github.com/rossigee/provider-keycloak/internal/clients/keycloak.go:469.101,472.16 3 0
github.com/rossigee/provider-keycloak/internal/clients/keycloak.go:472.16,474.3 1 0
github.com/rossigee/provider-keycloak/internal/clients/keycloak.go:476.2,477.57 2 0
github.com/rossigee/provider-keycloak/internal/clients/keycloak.go:477.57,479.3 1 0
github.com/rossigee/provider-keycloak/internal/clients/keycloak.go:481.2,481.19 1 0
github.com/rossigee/provider-keycloak/internal/clients/keycloak.go:497.109,500.16 3 0
github.com/rossigee/provider-keycloak/internal/clients/keycloak.go:500.16,502.3 1 0
github.com/rossigee/provider-keycloak/internal/clients/keycloak.go:504.2,505.53 2 0
github.com/rossigee/provider-keycloak/internal/clients/keycloak.go:505.53,507.3 1 0
github.com/rossigee/provider-keycloak/internal/clients/keycloak.go:509.2,509.16 1 0
github.com/rossigee/provider-keycloak/internal/clients/keycloak.go:512.131,515.16 3 0
github.com/rossigee/provider-keycloak/internal/clients/keycloak.go:515.16,517.3 1 0
github.com/rossigee/provider-keycloak/internal/clients/keycloak.go:519.2,520.80 2 0
github.com/rossigee/provider-keycloak/internal/clients/keycloak.go:520.80,522.3 1 0
github.com/rossigee/provider-keycloak/internal/clients/keycloak.go:524.2,524.22 1 0
github.com/rossigee/provider-keycloak/internal/clients/keycloak.go:527.107,528.20 1 0
github.com/rossigee/provider-keycloak/internal/clients/keycloak.go:528.20,530.3 1 0
github.com/rossigee/provider-keycloak/internal/clients/keycloak.go:531.2,533.12 3 0
github.com/rossigee/provider-keycloak/internal/clients/keycloak.go:536.88,540.2 3 0
github.com/rossigee/provider-keycloak/internal/clients/keycloak.go:542.103,545.16 3 0
github.com/rossigee/provider-keycloak/internal/clients/keycloak.go:545.16,547.3 1 0
github.com/rossigee/provider-keycloak/internal/clients/keycloak.go:549.2,550.58 2 0
github.com/rossigee/provider-keycloak/internal/clients/keycloak.go:550.58,552.3 1 0
github.com/rossigee/provider-keycloak/internal/clients/keycloak.go:554.2,554.20 1 0
github.com/rossigee/provider-keycloak/internal/controller/client/client.go:52.60,66.2 2 0
github.com/rossigee/provider-keycloak/internal/controller/client/client.go:77.103,79.9 2 0
github.com/rossigee/provider-keycloak/internal/controller/client/client.go:79.9,81.3 1 0
github.com/rossigee/provider-keycloak/internal/controller/client/client.go:83.2,84.18 2 0
github.com/rossigee/provider-keycloak/internal/controller/client/client.go:84.18,86.3 1 0
github.com/rossigee/provider-keycloak/internal/controller/client/client.go:88.2,89.80 2 0
github.com/rossigee/provider-keycloak/internal/controller/client/client.go:89.80,91.3 1 0
github.com/rossigee/provider-keycloak/internal/controller/client/client.go:93.2,94.42 2 0
github.com/rossigee/provider-keycloak/internal/controller/client/client.go:94.42,96.3 1 0
github.com/rossigee/provider-keycloak/internal/controller/client/client.go:98.2,99.16 2 0
github.com/rossigee/provider-keycloak/internal/controller/client/client.go:99.16,101.3 1 0
github.com/rossigee/provider-keycloak/internal/controller/client/client.go:103.2,103.49 1 0
github.com/rossigee/provider-keycloak/internal/controller/client/client.go:106.107,108.9 2 1
github.com/rossigee/provider-keycloak/internal/controller/client/client.go:108.9,110.3 1 1
github.com/rossigee/provider-keycloak/internal/controller/client/client.go:112.2,113.40 2 1
github.com/rossigee/provider-keycloak/internal/controller/client/client.go:113.40,115.3 1 1
github.com/rossigee/provider-keycloak/internal/controller/client/client.go:116.2,116.19 1 1
github.com/rossigee/provider-keycloak/internal/controller/client/client.go:116.19,118.3 1 1
github.com/rossigee/provider-keycloak/internal/controller/client/client.go:120.2,121.16 2 1
github.com/rossigee/provider-keycloak/internal/controller/client/client.go:121.16,123.3 1 1
github.com/rossigee/provider-keycloak/internal/controller/client/client.go:125.2,125.21 1 1
github.com/rossigee/provider-keycloak/internal/controller/client/client.go:125.21,127.3 1 1
github.com/rossigee/provider-keycloak/internal/controller/client/client.go:129.2,134.8 2 1
github.com/rossigee/provider-keycloak/internal/controller/client/client.go:138.112,140.2 1 1
github.com/rossigee/provider-keycloak/internal/controller/client/client.go:142.117,143.66 1 1
github.com/rossigee/provider-keycloak/internal/controller/client/client.go:143.66,145.3 1 1
github.com/rossigee/provider-keycloak/internal/controller/client/client.go:146.2,146.102 1 1
github.com/rossigee/provider-keycloak/internal/controller/client/client.go:146.102,148.3 1 1
github.com/rossigee/provider-keycloak/internal/controller/client/client.go:149.2,149.120 1 1
github.com/rossigee/provider-keycloak/internal/controller/client/client.go:149.120,151.3 1 1
github.com/rossigee/provider-keycloak/internal/controller/client/client.go:152.2,152.111 1 1
github.com/rossigee/provider-keycloak/internal/controller/client/client.go:152.111,154.3 1 1
github.com/rossigee/provider-keycloak/internal/controller/client/client.go:155.2,155.13 1 1
github.com/rossigee/provider-keycloak/internal/controller/client/client.go:158.116,159.66 1 1
github.com/rossigee/provider-keycloak/internal/controller/client/client.go:159.66,161.3 1 1
github.com/rossigee/provider-keycloak/internal/controller/client/client.go:162.2,162.66 1 1
github.com/rossigee/provider-keycloak/internal/controller/client/client.go:162.66,164.3 1 0
github.com/rossigee/provider-keycloak/internal/controller/client/client.go:165.2,165.113 1 1
github.com/rossigee/provider-keycloak/internal/controller/client/client.go:165.113,167.3 1 1
github.com/rossigee/provider-keycloak/internal/controller/client/client.go:168.2,168.92 1 1
github.com/rossigee/provider-keycloak/internal/controller/client/client.go:168.92,170.3 1 1
github.com/rossigee/provider-keycloak/internal/controller/client/client.go:171.2,171.13 1 1
github.com/rossigee/provider-keycloak/internal/controller/client/client.go:174.44,175.22 1 1
github.com/rossigee/provider-keycloak/internal/controller/client/client.go:175.22,177.3 1 0
github.com/rossigee/provider-keycloak/internal/controller/client/client.go:178.2,179.22 2 1
github.com/rossigee/provider-keycloak/internal/controller/client/client.go:179.22,181.3 1 1
github.com/rossigee/provider-keycloak/internal/controller/client/client.go:182.2,182.22 1 1
github.com/rossigee/provider-keycloak/internal/controller/client/client.go:182.22,184.18 2 1
github.com/rossigee/provider-keycloak/internal/controller/client/client.go:184.18,186.4 1 1
github.com/rossigee/provider-keycloak/internal/controller/client/client.go:188.2,188.13 1 1
github.com/rossigee/provider-keycloak/internal/controller/client/client.go:191.103,193.9 2 1
github.com/rossigee/provider-keycloak/internal/controller/client/client.go:193.9,195.3 1 1
github.com/rossigee/provider-keycloak/internal/controller/client/client.go:197.2,198.40 2 1
github.com/rossigee/provider-keycloak/internal/controller/client/client.go:198.40,200.3 1 1
github.com/rossigee/provider-keycloak/internal/controller/client/client.go:201.2,201.19 1 1
github.com/rossigee/provider-keycloak/internal/controller/client/client.go:201.19,203.3 1 1
github.com/rossigee/provider-keycloak/internal/controller/client/client.go:205.2,208.16 3 1
github.com/rossigee/provider-keycloak/internal/controller/client/client.go:208.16,210.3 1 1
github.com/rossigee/provider-keycloak/internal/controller/client/client.go:212.2,214.86 2 1
github.com/rossigee/provider-keycloak/internal/controller/client/client.go:217.101,219.9 2 1
github.com/rossigee/provider-keycloak/internal/controller/client/client.go:219.9,221.3 1 1
github.com/rossigee/provider-keycloak/internal/controller/client/client.go:223.2,224.40 2 1
github.com/rossigee/provider-keycloak/internal/controller/client/client.go:224.40,226.3 1 1
github.com/rossigee/provider-keycloak/internal/controller/client/client.go:227.2,227.19 1 1
github.com/rossigee/provider-keycloak/internal/controller/client/client.go:227.19,229.3 1 1
github.com/rossigee/provider-keycloak/internal/controller/client/client.go:231.2,232.16 2 1
github.com/rossigee/provider-keycloak/internal/controller/client/client.go:232.16,234.3 1 1
github.com/rossigee/provider-keycloak/internal/controller/client/client.go:235.2,235.21 1 1
github.com/rossigee/provider-keycloak/internal/controller/client/client.go:235.21,237.3 1 1
github.com/rossigee/provider-keycloak/internal/controller/client/client.go:239.2,242.65 3 1
github.com/rossigee/provider-keycloak/internal/controller/client/client.go:242.65,244.3 1 1
github.com/rossigee/provider-keycloak/internal/controller/client/client.go:246.2,246.38 1 1
github.com/rossigee/provider-keycloak/internal/controller/client/client.go:249.56,249.70 1 0
github.com/rossigee/provider-keycloak/internal/controller/client/client.go:251.101,253.9 2 1
github.com/rossigee/provider-keycloak/internal/controller/client/client.go:253.9,255.3 1 1
github.com/rossigee/provider-keycloak/internal/controller/client/client.go:257.2,258.40 2 1
github.com/rossigee/provider-keycloak/internal/controller/client/client.go:258.40,260.3 1 1
github.com/rossigee/provider-keycloak/internal/controller/client/client.go:261.2,261.19 1 1
github.com/rossigee/provider-keycloak/internal/controller/client/client.go:261.19,263.3 1 1
github.com/rossigee/provider-keycloak/internal/controller/client/client.go:265.2,266.16 2 1
github.com/rossigee/provider-keycloak/internal/controller/client/client.go:266.16,268.3 1 1
github.com/rossigee/provider-keycloak/internal/controller/client/client.go:269.2,269.21 1 1
github.com/rossigee/provider-keycloak/internal/controller/client/client.go:269.21,271.3 1 1
github.com/rossigee/provider-keycloak/internal/controller/client/client.go:273.2,274.57 2 1
github.com/rossigee/provider-keycloak/internal/controller/client/client.go:274.57,276.3 1 1
github.com/rossigee/provider-keycloak/internal/controller/client/client.go:278.2,279.38 2 1
github.com/rossigee/provider-keycloak/internal/controller/client/client.go:283.107,295.2 4 1
github.com/rossigee/provider-keycloak/internal/controller/client/client.go:297.100,298.19 1 1
github.com/rossigee/provider-keycloak/internal/controller/client/client.go:298.19,300.3 1 1
github.com/rossigee/provider-keycloak/internal/controller/client/client.go:301.2,301.26 1 1
github.com/rossigee/provider-keycloak/internal/controller/client/client.go:301.26,303.3 1 0
github.com/rossigee/provider-keycloak/internal/controller/client/client.go:304.2,304.22 1 1
github.com/rossigee/provider-keycloak/internal/controller/client/client.go:304.22,306.3 1 1
github.com/rossigee/provider-keycloak/internal/controller/client/client.go:307.2,307.22 1 1
github.com/rossigee/provider-keycloak/internal/controller/client/client.go:307.22,309.3 1 0
github.com/rossigee/provider-keycloak/internal/controller/client/client.go:312.99,313.32 1 1
github.com/rossigee/provider-keycloak/internal/controller/client/client.go:313.32,315.3 1 1
github.com/rossigee/provider-keycloak/internal/controller/client/client.go:316.2,316.25 1 1
github.com/rossigee/provider-keycloak/internal/controller/client/client.go:316.25,318.3 1 1
github.com/rossigee/provider-keycloak/internal/controller/client/client.go:321.38,322.14 1 1
github.com/rossigee/provider-keycloak/internal/controller/client/client.go:322.14,324.3 1 1
github.com/rossigee/provider-keycloak/internal/controller/client/client.go:325.2,325.11 1 1
