mode: set
github.com/rossigee/provider-keycloak/internal/clients/config.go:53.102,55.16 2 1
github.com/rossigee/provider-keycloak/internal/clients/config.go:55.16,57.3 1 1
github.com/rossigee/provider-keycloak/internal/clients/config.go:58.2,58.30 1 1
github.com/rossigee/provider-keycloak/internal/clients/config.go:61.113,62.42 1 1
github.com/rossigee/provider-keycloak/internal/clients/config.go:62.42,64.3 1 1
github.com/rossigee/provider-keycloak/internal/clients/config.go:65.2,70.50 3 1
github.com/rossigee/provider-keycloak/internal/clients/config.go:70.50,72.3 1 1
github.com/rossigee/provider-keycloak/internal/clients/config.go:73.2,74.15 2 1
github.com/rossigee/provider-keycloak/internal/clients/config.go:74.15,76.3 1 0
github.com/rossigee/provider-keycloak/internal/clients/config.go:77.2,78.9 2 1
github.com/rossigee/provider-keycloak/internal/clients/config.go:78.9,80.3 1 1
github.com/rossigee/provider-keycloak/internal/clients/config.go:81.2,81.17 1 1
github.com/rossigee/provider-keycloak/internal/clients/config.go:84.52,86.52 2 1
github.com/rossigee/provider-keycloak/internal/clients/config.go:86.52,88.3 1 1
github.com/rossigee/provider-keycloak/internal/clients/config.go:89.2,89.21 1 1
github.com/rossigee/provider-keycloak/internal/clients/config.go:89.21,91.3 1 1
github.com/rossigee/provider-keycloak/internal/clients/config.go:92.2,92.26 1 1
github.com/rossigee/provider-keycloak/internal/clients/config.go:92.26,94.3 1 1
github.com/rossigee/provider-keycloak/internal/clients/config.go:95.2,95.30 1 1
github.com/rossigee/provider-keycloak/internal/clients/config.go:95.30,97.3 1 1
github.com/rossigee/provider-keycloak/internal/clients/config.go:98.2,98.23 1 1
github.com/rossigee/provider-keycloak/internal/clients/config.go:98.23,100.3 1 1
github.com/rossigee/provider-keycloak/internal/clients/config.go:101.2,101.26 1 1
github.com/rossigee/provider-keycloak/internal/clients/config.go:101.26,103.3 1 1
github.com/rossigee/provider-keycloak/internal/clients/config.go:104.2,110.8 1 1
github.com/rossigee/provider-keycloak/internal/clients/keycloak.go:47.37,49.2 1 1
github.com/rossigee/provider-keycloak/internal/clients/keycloak.go:140.110,142.16 2 0
github.com/rossigee/provider-keycloak/internal/clients/keycloak.go:142.16,144.3 1 0
github.com/rossigee/provider-keycloak/internal/clients/keycloak.go:145.2,145.38 1 0
github.com/rossigee/provider-keycloak/internal/clients/keycloak.go:149.85,151.33 2 1
github.com/rossigee/provider-keycloak/internal/clients/keycloak.go:151.33,157.3 3 0
github.com/rossigee/provider-keycloak/internal/clients/keycloak.go:159.2,167.16 4 1
github.com/rossigee/provider-keycloak/internal/clients/keycloak.go:167.16,169.3 1 1
github.com/rossigee/provider-keycloak/internal/clients/keycloak.go:171.2,177.8 1 1
github.com/rossigee/provider-keycloak/internal/clients/keycloak.go:190.117,200.16 4 1
github.com/rossigee/provider-keycloak/internal/clients/keycloak.go:200.16,202.3 1 0
github.com/rossigee/provider-keycloak/internal/clients/keycloak.go:203.2,206.16 3 1
github.com/rossigee/provider-keycloak/internal/clients/keycloak.go:206.16,208.3 1 0
github.com/rossigee/provider-keycloak/internal/clients/keycloak.go:209.2,209.15 1 1
github.com/rossigee/provider-keycloak/internal/clients/keycloak.go:209.15,209.40 1 1
github.com/rossigee/provider-keycloak/internal/clients/keycloak.go:211.2,212.16 2 1
github.com/rossigee/provider-keycloak/internal/clients/keycloak.go:212.16,214.3 1 0
github.com/rossigee/provider-keycloak/internal/clients/keycloak.go:216.2,217.50 2 1
github.com/rossigee/provider-keycloak/internal/clients/keycloak.go:217.50,219.3 1 1
github.com/rossigee/provider-keycloak/internal/clients/keycloak.go:221.2,221.20 1 1
github.com/rossigee/provider-keycloak/internal/clients/keycloak.go:221.20,223.3 1 1
github.com/rossigee/provider-keycloak/internal/clients/keycloak.go:224.2,224.26 1 1
github.com/rossigee/provider-keycloak/internal/clients/keycloak.go:224.26,226.3 1 1
github.com/rossigee/provider-keycloak/internal/clients/keycloak.go:229.2,230.33 2 1
github.com/rossigee/provider-keycloak/internal/clients/keycloak.go:235.66,236.35 1 1
github.com/rossigee/provider-keycloak/internal/clients/keycloak.go:236.35,238.3 1 0
github.com/rossigee/provider-keycloak/internal/clients/keycloak.go:239.2,239.18 1 1
github.com/rossigee/provider-keycloak/internal/clients/keycloak.go:239.18,241.3 1 1
github.com/rossigee/provider-keycloak/internal/clients/keycloak.go:242.2,243.16 2 0
github.com/rossigee/provider-keycloak/internal/clients/keycloak.go:243.16,245.3 1 0
github.com/rossigee/provider-keycloak/internal/clients/keycloak.go:246.2,248.12 3 0
github.com/rossigee/provider-keycloak/internal/clients/keycloak.go:255.112,256.44 1 1
github.com/rossigee/provider-keycloak/internal/clients/keycloak.go:256.44,258.3 1 0
github.com/rossigee/provider-keycloak/internal/clients/keycloak.go:260.2,261.17 2 1
github.com/rossigee/provider-keycloak/internal/clients/keycloak.go:261.17,263.17 2 0
github.com/rossigee/provider-keycloak/internal/clients/keycloak.go:263.17,265.4 1 0
github.com/rossigee/provider-keycloak/internal/clients/keycloak.go:266.3,266.42 1 0
github.com/rossigee/provider-keycloak/internal/clients/keycloak.go:269.2,270.16 2 1
github.com/rossigee/provider-keycloak/internal/clients/keycloak.go:270.16,272.3 1 0
github.com/rossigee/provider-keycloak/internal/clients/keycloak.go:274.2,278.16 4 1
github.com/rossigee/provider-keycloak/internal/clients/keycloak.go:278.16,280.3 1 0
github.com/rossigee/provider-keycloak/internal/clients/keycloak.go:281.2,281.15 1 1
github.com/rossigee/provider-keycloak/internal/clients/keycloak.go:281.15,281.40 1 1
github.com/rossigee/provider-keycloak/internal/clients/keycloak.go:283.2,284.16 2 1
github.com/rossigee/provider-keycloak/internal/clients/keycloak.go:284.16,286.3 1 0
github.com/rossigee/provider-keycloak/internal/clients/keycloak.go:288.2,288.53 1 1
github.com/rossigee/provider-keycloak/internal/clients/keycloak.go:288.53,290.31 2 1
github.com/rossigee/provider-keycloak/internal/clients/keycloak.go:290.31,292.4 1 1
github.com/rossigee/provider-keycloak/internal/clients/keycloak.go:293.3,293.84 1 1
github.com/rossigee/provider-keycloak/internal/clients/keycloak.go:296.2,296.22 1 1
github.com/rossigee/provider-keycloak/internal/clients/keycloak.go:314.86,316.16 2 0
github.com/rossigee/provider-keycloak/internal/clients/keycloak.go:316.16,318.3 1 0
github.com/rossigee/provider-keycloak/internal/clients/keycloak.go:320.2,321.53 2 0
github.com/rossigee/provider-keycloak/internal/clients/keycloak.go:321.53,323.3 1 0
github.com/rossigee/provider-keycloak/internal/clients/keycloak.go:325.2,325.16 1 0
github.com/rossigee/provider-keycloak/internal/clients/keycloak.go:328.89,330.16 2 0
github.com/rossigee/provider-keycloak/internal/clients/keycloak.go:330.16,332.3 1 0
github.com/rossigee/provider-keycloak/internal/clients/keycloak.go:334.2,335.53 2 0
github.com/rossigee/provider-keycloak/internal/clients/keycloak.go:335.53,337.3 1 0
github.com/rossigee/provider-keycloak/internal/clients/keycloak.go:339.2,339.16 1 0
github.com/rossigee/provider-keycloak/internal/clients/keycloak.go:342.79,345.2 2 0
github.com/rossigee/provider-keycloak/internal/clients/keycloak.go:347.79,350.2 2 0
github.com/rossigee/provider-keycloak/internal/clients/keycloak.go:396.112,399.16 3 1
github.com/rossigee/provider-keycloak/internal/clients/keycloak.go:399.16,401.3 1 1
github.com/rossigee/provider-keycloak/internal/clients/keycloak.go:403.2,404.59 2 1
github.com/rossigee/provider-keycloak/internal/clients/keycloak.go:404.59,406.3 1 0
github.com/rossigee/provider-keycloak/internal/clients/keycloak.go:408.2,408.23 1 1
github.com/rossigee/provider-keycloak/internal/clients/keycloak.go:408.23,410.3 1 1
github.com/rossigee/provider-keycloak/internal/clients/keycloak.go:412.2,412.25 1 1
github.com/rossigee/provider-keycloak/internal/clients/keycloak.go:415.135,419.16 2 1
github.com/rossigee/provider-keycloak/internal/clients/keycloak.go:419.16,421.3 1 1
github.com/rossigee/provider-keycloak/internal/clients/keycloak.go:422.2,424.22 3 1
github.com/rossigee/provider-keycloak/internal/clients/keycloak.go:429.103,431.16 2 1
github.com/rossigee/provider-keycloak/internal/clients/keycloak.go:431.16,433.3 1 0
github.com/rossigee/provider-keycloak/internal/clients/keycloak.go:435.2,436.16 2 1
github.com/rossigee/provider-keycloak/internal/clients/keycloak.go:436.16,438.3 1 0
github.com/rossigee/provider-keycloak/internal/clients/keycloak.go:439.2,443.16 4 1
github.com/rossigee/provider-keycloak/internal/clients/keycloak.go:443.16,445.3 1 0
github.com/rossigee/provider-keycloak/internal/clients/keycloak.go:446.2,446.15 1 1
github.com/rossigee/provider-keycloak/internal/clients/keycloak.go:446.15,446.40 1 1
github.com/rossigee/provider-keycloak/internal/clients/keycloak.go:449.2,451.53 2 1
github.com/rossigee/provider-keycloak/internal/clients/keycloak.go:451.53,453.31 2 1
github.com/rossigee/provider-keycloak/internal/clients/keycloak.go:453.31,455.4 1 0
github.com/rossigee/provider-keycloak/internal/clients/keycloak.go:456.3,456.83 1 1
github.com/rossigee/provider-keycloak/internal/clients/keycloak.go:459.2,460.15 2 1
github.com/rossigee/provider-keycloak/internal/clients/keycloak.go:460.15,462.3 1 1
github.com/rossigee/provider-keycloak/internal/clients/keycloak.go:464.2,465.16 2 1
github.com/rossigee/provider-keycloak/internal/clients/keycloak.go:465.16,467.3 1 0
github.com/rossigee/provider-keycloak/internal/clients/keycloak.go:468.2,469.39 2 1
github.com/rossigee/provider-keycloak/internal/clients/keycloak.go:472.110,473.21 1 0
github.com/rossigee/provider-keycloak/internal/clients/keycloak.go:473.21,475.3 1 0
github.com/rossigee/provider-keycloak/internal/clients/keycloak.go:476.2,478.12 3 0
github.com/rossigee/provider-keycloak/internal/clients/keycloak.go:481.90,485.2 3 1
github.com/rossigee/provider-keycloak/internal/clients/keycloak.go:487.105,490.16 3 0
github.com/rossigee/provider-keycloak/internal/clients/keycloak.go:490.16,492.3 1 0
github.com/rossigee/provider-keycloak/internal/clients/keycloak.go:494.2,495.59 2 0
github.com/rossigee/provider-keycloak/internal/clients/keycloak.go:495.59,497.3 1 0
github.com/rossigee/provider-keycloak/internal/clients/keycloak.go:499.2,499.21 1 0
github.com/rossigee/provider-keycloak/internal/clients/keycloak.go:520.108,523.16 3 0
github.com/rossigee/provider-keycloak/internal/clients/keycloak.go:523.16,525.3 1 0
github.com/rossigee/provider-keycloak/internal/clients/keycloak.go:527.2,528.57 2 0
github.com/rossigee/provider-keycloak/internal/clients/keycloak.go:528.57,530.3 1 0
github.com/rossigee/provider-keycloak/internal/clients/keycloak.go:532.2,532.21 1 0
github.com/rossigee/provider-keycloak/internal/clients/keycloak.go:532.21,534.3 1 0
github.com/rossigee/provider-keycloak/internal/clients/keycloak.go:536.2,536.23 1 0
github.com/rossigee/provider-keycloak/internal/clients/keycloak.go:539.127,542.16 3 0
github.com/rossigee/provider-keycloak/internal/clients/keycloak.go:542.16,544.3 1 0
github.com/rossigee/provider-keycloak/internal/clients/keycloak.go:546.2,547.80 2 0
github.com/rossigee/provider-keycloak/internal/clients/keycloak.go:547.80,549.3 1 0
github.com/rossigee/provider-keycloak/internal/clients/keycloak.go:551.2,551.22 1 0
github.com/rossigee/provider-keycloak/internal/clients/keycloak.go:554.104,555.19 1 0
github.com/rossigee/provider-keycloak/internal/clients/keycloak.go:555.19,557.3 1 0
github.com/rossigee/provider-keycloak/internal/clients/keycloak.go:558.2,560.12 3 0
github.com/rossigee/provider-keycloak/internal/clients/keycloak.go:563.86,567.2 3 0
github.com/rossigee/provider-keycloak/internal/clients/keycloak.go:569.101,572.16 3 0
github.com/rossigee/provider-keycloak/internal/clients/keycloak.go:572.16,574.3 1 0
github.com/rossigee/provider-keycloak/internal/clients/keycloak.go:576.2,577.57 2 0
github.com/rossigee/provider-keycloak/internal/clients/keycloak.go:577.57,579.3 1 0
github.com/rossigee/provider-keycloak/internal/clients/keycloak.go:581.2,581.19 1 0
github.com/rossigee/provider-keycloak/internal/clients/keycloak.go:597.109,600.16 3 0
github.com/rossigee/provider-keycloak/internal/clients/keycloak.go:600.16,602.3 1 0
github.com/rossigee/provider-keycloak/internal/clients/keycloak.go:604.2,605.53 2 0
github.com/rossigee/provider-keycloak/internal/clients/keycloak.go:605.53,607.3 1 0
github.com/rossigee/provider-keycloak/internal/clients/keycloak.go:609.2,609.16 1 0
github.com/rossigee/provider-keycloak/internal/clients/keycloak.go:612.131,615.16 3 0
github.com/rossigee/provider-keycloak/internal/clients/keycloak.go:615.16,617.3 1 0
github.com/rossigee/provider-keycloak/internal/clients/keycloak.go:619.2,620.80 2 0
github.com/rossigee/provider-keycloak/internal/clients/keycloak.go:620.80,622.3 1 0
github.com/rossigee/provider-keycloak/internal/clients/keycloak.go:624.2,624.22 1 0
github.com/rossigee/provider-keycloak/internal/clients/keycloak.go:627.107,628.20 1 0
github.com/rossigee/provider-keycloak/internal/clients/keycloak.go:628.20,630.3 1 0
github.com/rossigee/provider-keycloak/internal/clients/keycloak.go:631.2,633.12 3 0
github.com/rossigee/provider-keycloak/internal/clients/keycloak.go:636.88,640.2 3 0
github.com/rossigee/provider-keycloak/internal/clients/keycloak.go:642.103,645.16 3 0
github.com/rossigee/provider-keycloak/internal/clients/keycloak.go:645.16,647.3 1 0
github.com/rossigee/provider-keycloak/internal/clients/keycloak.go:649.2,650.58 2 0
github.com/rossigee/provider-keycloak/internal/clients/keycloak.go:650.58,652.3 1 0
github.com/rossigee/provider-keycloak/internal/clients/keycloak.go:654.2,654.20 1 0
github.com/rossigee/provider-keycloak/internal/clients/keycloak.go:665.105,668.16 3 0
github.com/rossigee/provider-keycloak/internal/clients/keycloak.go:668.16,670.3 1 0
github.com/rossigee/provider-keycloak/internal/clients/keycloak.go:671.2,672.53 2 0
github.com/rossigee/provider-keycloak/internal/clients/keycloak.go:672.53,674.3 1 0
github.com/rossigee/provider-keycloak/internal/clients/keycloak.go:675.2,675.21 1 0
github.com/rossigee/provider-keycloak/internal/clients/keycloak.go:682.111,685.16 3 0
github.com/rossigee/provider-keycloak/internal/clients/keycloak.go:685.16,687.3 1 0
github.com/rossigee/provider-keycloak/internal/clients/keycloak.go:688.2,689.58 2 0
github.com/rossigee/provider-keycloak/internal/clients/keycloak.go:689.58,691.3 1 0
github.com/rossigee/provider-keycloak/internal/clients/keycloak.go:692.2,692.20 1 0
github.com/rossigee/provider-keycloak/internal/clients/keycloak.go:695.116,698.16 3 0
github.com/rossigee/provider-keycloak/internal/clients/keycloak.go:698.16,700.3 1 0
github.com/rossigee/provider-keycloak/internal/clients/keycloak.go:701.2,702.58 2 0
github.com/rossigee/provider-keycloak/internal/clients/keycloak.go:702.58,704.3 1 0
github.com/rossigee/provider-keycloak/internal/clients/keycloak.go:705.2,705.20 1 0
github.com/rossigee/provider-keycloak/internal/clients/keycloak.go:708.103,712.2 3 0
github.com/rossigee/provider-keycloak/internal/clients/keycloak.go:714.108,718.2 3 0
github.com/rossigee/provider-keycloak/internal/clients/keycloak.go:720.113,723.16 3 0
github.com/rossigee/provider-keycloak/internal/clients/keycloak.go:723.16,725.3 1 0
github.com/rossigee/provider-keycloak/internal/clients/keycloak.go:726.2,727.57 2 0
github.com/rossigee/provider-keycloak/internal/clients/keycloak.go:727.57,729.3 1 0
github.com/rossigee/provider-keycloak/internal/clients/keycloak.go:730.2,730.19 1 0
github.com/rossigee/provider-keycloak/internal/clients/keycloak.go:747.109,750.16 3 0
github.com/rossigee/provider-keycloak/internal/clients/keycloak.go:750.16,752.3 1 0
github.com/rossigee/provider-keycloak/internal/clients/keycloak.go:753.2,754.53 2 0
github.com/rossigee/provider-keycloak/internal/clients/keycloak.go:754.53,756.3 1 0
github.com/rossigee/provider-keycloak/internal/clients/keycloak.go:757.2,757.16 1 0
github.com/rossigee/provider-keycloak/internal/clients/keycloak.go:760.109,764.2 3 0
github.com/rossigee/provider-keycloak/internal/clients/keycloak.go:766.115,770.2 3 0
github.com/rossigee/provider-keycloak/internal/clients/keycloak.go:772.89,776.2 3 0
github.com/rossigee/provider-keycloak/internal/clients/keycloak.go:791.139,794.16 3 0
github.com/rossigee/provider-keycloak/internal/clients/keycloak.go:794.16,796.3 1 0
github.com/rossigee/provider-keycloak/internal/clients/keycloak.go:797.2,798.59 2 0
github.com/rossigee/provider-keycloak/internal/clients/keycloak.go:798.59,800.3 1 0
github.com/rossigee/provider-keycloak/internal/clients/keycloak.go:801.2,801.21 1 0
github.com/rossigee/provider-keycloak/internal/clients/keycloak.go:804.146,807.16 3 0
github.com/rossigee/provider-keycloak/internal/clients/keycloak.go:807.16,809.3 1 0
github.com/rossigee/provider-keycloak/internal/clients/keycloak.go:810.2,811.53 2 0
github.com/rossigee/provider-keycloak/internal/clients/keycloak.go:811.53,813.3 1 0
github.com/rossigee/provider-keycloak/internal/clients/keycloak.go:814.2,814.16 1 0
github.com/rossigee/provider-keycloak/internal/clients/keycloak.go:817.154,820.2 2 0
github.com/rossigee/provider-keycloak/internal/clients/keycloak.go:822.144,823.21 1 0
github.com/rossigee/provider-keycloak/internal/clients/keycloak.go:823.21,825.3 1 0
github.com/rossigee/provider-keycloak/internal/clients/keycloak.go:826.2,828.12 3 0
github.com/rossigee/provider-keycloak/internal/clients/keycloak.go:831.116,835.2 3 0
github.com/rossigee/provider-keycloak/internal/clients/keycloak.go:850.137,853.16 3 0
github.com/rossigee/provider-keycloak/internal/clients/keycloak.go:853.16,855.3 1 0
github.com/rossigee/provider-keycloak/internal/clients/keycloak.go:856.2,857.61 2 0
github.com/rossigee/provider-keycloak/internal/clients/keycloak.go:857.61,859.3 1 0
github.com/rossigee/provider-keycloak/internal/clients/keycloak.go:860.2,860.23 1 0
github.com/rossigee/provider-keycloak/internal/clients/keycloak.go:863.146,866.16 3 0
github.com/rossigee/provider-keycloak/internal/clients/keycloak.go:866.16,868.3 1 0
github.com/rossigee/provider-keycloak/internal/clients/keycloak.go:869.2,870.53 2 0
github.com/rossigee/provider-keycloak/internal/clients/keycloak.go:870.53,872.3 1 0
github.com/rossigee/provider-keycloak/internal/clients/keycloak.go:873.2,873.16 1 0
github.com/rossigee/provider-keycloak/internal/clients/keycloak.go:876.154,879.2 2 0
github.com/rossigee/provider-keycloak/internal/clients/keycloak.go:881.156,885.2 3 0
github.com/rossigee/provider-keycloak/internal/clients/keycloak.go:887.108,891.2 3 0
github.com/rossigee/provider-keycloak/internal/clients/keycloak.go:906.124,909.16 3 0
github.com/rossigee/provider-keycloak/internal/clients/keycloak.go:909.16,911.3 1 0
github.com/rossigee/provider-keycloak/internal/clients/keycloak.go:912.2,913.58 2 0
github.com/rossigee/provider-keycloak/internal/clients/keycloak.go:913.58,915.3 1 0
github.com/rossigee/provider-keycloak/internal/clients/keycloak.go:916.2,916.21 1 0
github.com/rossigee/provider-keycloak/internal/clients/keycloak.go:919.132,923.2 3 0
github.com/rossigee/provider-keycloak/internal/clients/keycloak.go:929.101,931.17 2 0
github.com/rossigee/provider-keycloak/internal/clients/keycloak.go:931.17,933.3 1 0
github.com/rossigee/provider-keycloak/internal/clients/keycloak.go:934.2,935.12 2 0
github.com/rossigee/provider-keycloak/internal/clients/keycloak.go:952.129,955.16 3 0
github.com/rossigee/provider-keycloak/internal/clients/keycloak.go:955.16,957.3 1 0
github.com/rossigee/provider-keycloak/internal/clients/keycloak.go:958.2,959.61 2 0
github.com/rossigee/provider-keycloak/internal/clients/keycloak.go:959.61,961.3 1 0
github.com/rossigee/provider-keycloak/internal/clients/keycloak.go:962.2,962.23 1 0
github.com/rossigee/provider-keycloak/internal/clients/keycloak.go:965.138,968.16 3 0
github.com/rossigee/provider-keycloak/internal/clients/keycloak.go:968.16,970.3 1 0
github.com/rossigee/provider-keycloak/internal/clients/keycloak.go:971.2,972.53 2 0
github.com/rossigee/provider-keycloak/internal/clients/keycloak.go:972.53,974.3 1 0
github.com/rossigee/provider-keycloak/internal/clients/keycloak.go:975.2,975.16 1 0
github.com/rossigee/provider-keycloak/internal/clients/keycloak.go:978.146,981.2 2 0
github.com/rossigee/provider-keycloak/internal/clients/keycloak.go:983.148,987.2 3 0
github.com/rossigee/provider-keycloak/internal/clients/keycloak.go:989.109,993.2 3 0
github.com/rossigee/provider-keycloak/internal/clients/keycloak.go:1006.137,1009.16 3 0
github.com/rossigee/provider-keycloak/internal/clients/keycloak.go:1009.16,1011.3 1 0
github.com/rossigee/provider-keycloak/internal/clients/keycloak.go:1012.2,1013.57 2 0
github.com/rossigee/provider-keycloak/internal/clients/keycloak.go:1013.57,1015.3 1 0
github.com/rossigee/provider-keycloak/internal/clients/keycloak.go:1016.2,1016.19 1 0
github.com/rossigee/provider-keycloak/internal/clients/keycloak.go:1019.142,1022.16 3 0
github.com/rossigee/provider-keycloak/internal/clients/keycloak.go:1022.16,1024.3 1 0
github.com/rossigee/provider-keycloak/internal/clients/keycloak.go:1025.2,1026.56 2 0
github.com/rossigee/provider-keycloak/internal/clients/keycloak.go:1026.56,1028.3 1 0
github.com/rossigee/provider-keycloak/internal/clients/keycloak.go:1029.2,1029.19 1 0
github.com/rossigee/provider-keycloak/internal/clients/keycloak.go:1032.154,1034.18 2 0
github.com/rossigee/provider-keycloak/internal/clients/keycloak.go:1034.18,1036.3 1 0
github.com/rossigee/provider-keycloak/internal/clients/keycloak.go:1037.2,1038.16 2 0
github.com/rossigee/provider-keycloak/internal/clients/keycloak.go:1038.16,1040.3 1 0
github.com/rossigee/provider-keycloak/internal/clients/keycloak.go:1041.2,1042.56 2 0
github.com/rossigee/provider-keycloak/internal/clients/keycloak.go:1042.56,1044.3 1 0
github.com/rossigee/provider-keycloak/internal/clients/keycloak.go:1045.2,1045.19 1 0
github.com/rossigee/provider-keycloak/apis/authz/v1alpha1/types.go:96.13,98.2 1 0
github.com/rossigee/provider-keycloak/apis/authz/v1alpha1/zz_generated.deepcopy.go:9.79,11.20 2 0
github.com/rossigee/provider-keycloak/apis/authz/v1alpha1/zz_generated.deepcopy.go:11.20,15.3 3 0
github.com/rossigee/provider-keycloak/apis/authz/v1alpha1/zz_generated.deepcopy.go:16.2,16.20 1 0
github.com/rossigee/provider-keycloak/apis/authz/v1alpha1/zz_generated.deepcopy.go:16.20,20.3 3 0
github.com/rossigee/provider-keycloak/apis/authz/v1alpha1/zz_generated.deepcopy.go:21.2,21.22 1 0
github.com/rossigee/provider-keycloak/apis/authz/v1alpha1/zz_generated.deepcopy.go:21.22,25.3 3 0
github.com/rossigee/provider-keycloak/apis/authz/v1alpha1/zz_generated.deepcopy.go:26.2,26.27 1 0
github.com/rossigee/provider-keycloak/apis/authz/v1alpha1/zz_generated.deepcopy.go:26.27,30.3 3 0
github.com/rossigee/provider-keycloak/apis/authz/v1alpha1/zz_generated.deepcopy.go:31.2,31.23 1 0
github.com/rossigee/provider-keycloak/apis/authz/v1alpha1/zz_generated.deepcopy.go:31.23,35.3 3 0
github.com/rossigee/provider-keycloak/apis/authz/v1alpha1/zz_generated.deepcopy.go:38.67,42.2 3 0
github.com/rossigee/provider-keycloak/apis/authz/v1alpha1/zz_generated.deepcopy.go:44.71,47.2 2 0
github.com/rossigee/provider-keycloak/apis/authz/v1alpha1/zz_generated.deepcopy.go:49.59,55.2 5 0
github.com/rossigee/provider-keycloak/apis/authz/v1alpha1/zz_generated.deepcopy.go:57.52,58.15 1 0
github.com/rossigee/provider-keycloak/apis/authz/v1alpha1/zz_generated.deepcopy.go:58.15,58.29 1 0
github.com/rossigee/provider-keycloak/apis/authz/v1alpha1/zz_generated.deepcopy.go:59.2,61.12 3 0
github.com/rossigee/provider-keycloak/apis/authz/v1alpha1/zz_generated.deepcopy.go:64.58,65.34 1 0
github.com/rossigee/provider-keycloak/apis/authz/v1alpha1/zz_generated.deepcopy.go:65.34,65.46 1 0
github.com/rossigee/provider-keycloak/apis/authz/v1alpha1/zz_generated.deepcopy.go:66.2,66.12 1 0
github.com/rossigee/provider-keycloak/apis/authz/v1alpha1/zz_generated.deepcopy.go:69.67,73.21 4 0
github.com/rossigee/provider-keycloak/apis/authz/v1alpha1/zz_generated.deepcopy.go:73.21,76.22 3 0
github.com/rossigee/provider-keycloak/apis/authz/v1alpha1/zz_generated.deepcopy.go:76.22,78.4 1 0
github.com/rossigee/provider-keycloak/apis/authz/v1alpha1/zz_generated.deepcopy.go:82.60,83.15 1 0
github.com/rossigee/provider-keycloak/apis/authz/v1alpha1/zz_generated.deepcopy.go:83.15,83.29 1 0
github.com/rossigee/provider-keycloak/apis/authz/v1alpha1/zz_generated.deepcopy.go:84.2,86.12 3 0
github.com/rossigee/provider-keycloak/apis/authz/v1alpha1/zz_generated.deepcopy.go:89.62,90.34 1 0
github.com/rossigee/provider-keycloak/apis/authz/v1alpha1/zz_generated.deepcopy.go:90.34,90.46 1 0
github.com/rossigee/provider-keycloak/apis/authz/v1alpha1/zz_generated.deepcopy.go:91.2,91.12 1 0
github.com/rossigee/provider-keycloak/apis/authz/v1alpha1/zz_generated.managed.go:11.77,13.2 1 0
github.com/rossigee/provider-keycloak/apis/authz/v1alpha1/zz_generated.managed.go:15.61,17.2 1 0
github.com/rossigee/provider-keycloak/apis/authz/v1alpha1/zz_generated.managed.go:19.74,21.2 1 0
github.com/rossigee/provider-keycloak/apis/authz/v1alpha1/zz_generated.managed.go:23.75,25.2 1 0
github.com/rossigee/provider-keycloak/apis/authz/v1alpha1/zz_generated.managed.go:27.85,29.2 1 0
github.com/rossigee/provider-keycloak/apis/authz/v1alpha1/zz_generated.managed.go:31.86,33.2 1 0
github.com/rossigee/provider-keycloak/apis/authz/v1alpha1/zz_generated.managed.go:35.91,37.2 1 0
github.com/rossigee/provider-keycloak/apis/authz/v1alpha1/zz_generated.managed.go:39.92,41.2 1 0
github.com/rossigee/provider-keycloak/apis/component/v1alpha1/types.go:88.13,90.2 1 0
github.com/rossigee/provider-keycloak/apis/component/v1alpha1/zz_generated.deepcopy.go:9.71,11.26 2 0
github.com/rossigee/provider-keycloak/apis/component/v1alpha1/zz_generated.deepcopy.go:11.26,15.3 3 0
github.com/rossigee/provider-keycloak/apis/component/v1alpha1/zz_generated.deepcopy.go:16.2,16.22 1 0
github.com/rossigee/provider-keycloak/apis/component/v1alpha1/zz_generated.deepcopy.go:16.22,19.29 3 0
github.com/rossigee/provider-keycloak/apis/component/v1alpha1/zz_generated.deepcopy.go:19.29,23.4 3 0
github.com/rossigee/provider-keycloak/apis/component/v1alpha1/zz_generated.deepcopy.go:25.2,25.23 1 0
github.com/rossigee/provider-keycloak/apis/component/v1alpha1/zz_generated.deepcopy.go:25.23,29.3 3 0
github.com/rossigee/provider-keycloak/apis/component/v1alpha1/zz_generated.deepcopy.go:32.59,36.2 3 0
github.com/rossigee/provider-keycloak/apis/component/v1alpha1/zz_generated.deepcopy.go:38.63,41.2 2 0
github.com/rossigee/provider-keycloak/apis/component/v1alpha1/zz_generated.deepcopy.go:43.51,49.2 5 0
github.com/rossigee/provider-keycloak/apis/component/v1alpha1/zz_generated.deepcopy.go:51.44,52.15 1 0
github.com/rossigee/provider-keycloak/apis/component/v1alpha1/zz_generated.deepcopy.go:52.15,52.29 1 0
github.com/rossigee/provider-keycloak/apis/component/v1alpha1/zz_generated.deepcopy.go:53.2,55.12 3 0
github.com/rossigee/provider-keycloak/apis/component/v1alpha1/zz_generated.deepcopy.go:58.54,59.34 1 0
github.com/rossigee/provider-keycloak/apis/component/v1alpha1/zz_generated.deepcopy.go:59.34,59.46 1 0
github.com/rossigee/provider-keycloak/apis/component/v1alpha1/zz_generated.deepcopy.go:60.2,60.12 1 0
github.com/rossigee/provider-keycloak/apis/component/v1alpha1/zz_generated.deepcopy.go:63.59,67.21 4 0
github.com/rossigee/provider-keycloak/apis/component/v1alpha1/zz_generated.deepcopy.go:67.21,70.22 3 0
github.com/rossigee/provider-keycloak/apis/component/v1alpha1/zz_generated.deepcopy.go:70.22,72.4 1 0
github.com/rossigee/provider-keycloak/apis/component/v1alpha1/zz_generated.deepcopy.go:76.52,77.15 1 0
github.com/rossigee/provider-keycloak/apis/component/v1alpha1/zz_generated.deepcopy.go:77.15,77.29 1 0
github.com/rossigee/provider-keycloak/apis/component/v1alpha1/zz_generated.deepcopy.go:78.2,80.12 3 0
github.com/rossigee/provider-keycloak/apis/component/v1alpha1/zz_generated.deepcopy.go:83.58,84.34 1 0
github.com/rossigee/provider-keycloak/apis/component/v1alpha1/zz_generated.deepcopy.go:84.34,84.46 1 0
github.com/rossigee/provider-keycloak/apis/component/v1alpha1/zz_generated.deepcopy.go:85.2,85.12 1 0
github.com/rossigee/provider-keycloak/apis/component/v1alpha1/zz_generated.managed.go:11.73,13.2 1 0
github.com/rossigee/provider-keycloak/apis/component/v1alpha1/zz_generated.managed.go:15.57,17.2 1 0
github.com/rossigee/provider-keycloak/apis/component/v1alpha1/zz_generated.managed.go:19.70,21.2 1 0
github.com/rossigee/provider-keycloak/apis/component/v1alpha1/zz_generated.managed.go:23.71,25.2 1 0
github.com/rossigee/provider-keycloak/apis/component/v1alpha1/zz_generated.managed.go:27.81,29.2 1 0
github.com/rossigee/provider-keycloak/apis/component/v1alpha1/zz_generated.managed.go:31.82,33.2 1 0
github.com/rossigee/provider-keycloak/apis/component/v1alpha1/zz_generated.managed.go:35.87,37.2 1 0
github.com/rossigee/provider-keycloak/apis/component/v1alpha1/zz_generated.managed.go:39.88,41.2 1 0
github.com/rossigee/provider-keycloak/apis/role/v1alpha1/register.go:36.13,38.2 1 0
github.com/rossigee/provider-keycloak/apis/role/v1alpha1/register.go:41.43,43.2 1 0
github.com/rossigee/provider-keycloak/apis/role/v1alpha1/zz_generated.deepcopy.go:18.61,20.23 2 0
github.com/rossigee/provider-keycloak/apis/role/v1alpha1/zz_generated.deepcopy.go:20.23,24.3 3 0
github.com/rossigee/provider-keycloak/apis/role/v1alpha1/zz_generated.deepcopy.go:25.2,25.26 1 0
github.com/rossigee/provider-keycloak/apis/role/v1alpha1/zz_generated.deepcopy.go:25.26,29.3 3 0
github.com/rossigee/provider-keycloak/apis/role/v1alpha1/zz_generated.deepcopy.go:30.2,30.31 1 0
github.com/rossigee/provider-keycloak/apis/role/v1alpha1/zz_generated.deepcopy.go:30.31,34.3 3 0
github.com/rossigee/provider-keycloak/apis/role/v1alpha1/zz_generated.deepcopy.go:35.2,35.24 1 0
github.com/rossigee/provider-keycloak/apis/role/v1alpha1/zz_generated.deepcopy.go:35.24,39.3 3 0
github.com/rossigee/provider-keycloak/apis/role/v1alpha1/zz_generated.deepcopy.go:40.2,40.27 1 0
github.com/rossigee/provider-keycloak/apis/role/v1alpha1/zz_generated.deepcopy.go:40.27,44.3 3 0
github.com/rossigee/provider-keycloak/apis/role/v1alpha1/zz_generated.deepcopy.go:45.2,45.32 1 0
github.com/rossigee/provider-keycloak/apis/role/v1alpha1/zz_generated.deepcopy.go:45.32,49.3 3 0
github.com/rossigee/provider-keycloak/apis/role/v1alpha1/zz_generated.deepcopy.go:50.2,50.27 1 0
github.com/rossigee/provider-keycloak/apis/role/v1alpha1/zz_generated.deepcopy.go:50.27,54.3 3 0
github.com/rossigee/provider-keycloak/apis/role/v1alpha1/zz_generated.deepcopy.go:55.2,55.26 1 0
github.com/rossigee/provider-keycloak/apis/role/v1alpha1/zz_generated.deepcopy.go:55.26,58.25 3 0
github.com/rossigee/provider-keycloak/apis/role/v1alpha1/zz_generated.deepcopy.go:58.25,60.4 1 0
github.com/rossigee/provider-keycloak/apis/role/v1alpha1/zz_generated.deepcopy.go:62.2,62.30 1 0
github.com/rossigee/provider-keycloak/apis/role/v1alpha1/zz_generated.deepcopy.go:62.30,66.3 3 0
github.com/rossigee/provider-keycloak/apis/role/v1alpha1/zz_generated.deepcopy.go:67.2,67.34 1 0
github.com/rossigee/provider-keycloak/apis/role/v1alpha1/zz_generated.deepcopy.go:67.34,70.22 3 0
github.com/rossigee/provider-keycloak/apis/role/v1alpha1/zz_generated.deepcopy.go:70.22,72.4 1 0
github.com/rossigee/provider-keycloak/apis/role/v1alpha1/zz_generated.deepcopy.go:77.49,81.2 3 0
github.com/rossigee/provider-keycloak/apis/role/v1alpha1/zz_generated.deepcopy.go:84.53,87.2 2 0
github.com/rossigee/provider-keycloak/apis/role/v1alpha1/zz_generated.deepcopy.go:90.41,96.2 5 0
github.com/rossigee/provider-keycloak/apis/role/v1alpha1/zz_generated.deepcopy.go:99.34,100.15 1 0
github.com/rossigee/provider-keycloak/apis/role/v1alpha1/zz_generated.deepcopy.go:100.15,102.3 1 0
github.com/rossigee/provider-keycloak/apis/role/v1alpha1/zz_generated.deepcopy.go:103.2,105.12 3 0
github.com/rossigee/provider-keycloak/apis/role/v1alpha1/zz_generated.deepcopy.go:109.49,110.34 1 0
github.com/rossigee/provider-keycloak/apis/role/v1alpha1/zz_generated.deepcopy.go:110.34,112.3 1 0
github.com/rossigee/provider-keycloak/apis/role/v1alpha1/zz_generated.deepcopy.go:113.2,113.12 1 0
github.com/rossigee/provider-keycloak/apis/role/v1alpha1/zz_generated.deepcopy.go:117.49,121.21 4 0
github.com/rossigee/provider-keycloak/apis/role/v1alpha1/zz_generated.deepcopy.go:121.21,124.22 3 0
github.com/rossigee/provider-keycloak/apis/role/v1alpha1/zz_generated.deepcopy.go:124.22,126.4 1 0
github.com/rossigee/provider-keycloak/apis/role/v1alpha1/zz_generated.deepcopy.go:131.42,132.15 1 0
github.com/rossigee/provider-keycloak/apis/role/v1alpha1/zz_generated.deepcopy.go:132.15,134.3 1 0
github.com/rossigee/provider-keycloak/apis/role/v1alpha1/zz_generated.deepcopy.go:135.2,137.12 3 0
github.com/rossigee/provider-keycloak/apis/role/v1alpha1/zz_generated.deepcopy.go:141.53,142.34 1 0
github.com/rossigee/provider-keycloak/apis/role/v1alpha1/zz_generated.deepcopy.go:142.34,144.3 1 0
github.com/rossigee/provider-keycloak/apis/role/v1alpha1/zz_generated.deepcopy.go:145.2,145.12 1 0
github.com/rossigee/provider-keycloak/apis/role/v1alpha1/zz_generated.managed.go:14.68,16.2 1 0
github.com/rossigee/provider-keycloak/apis/role/v1alpha1/zz_generated.managed.go:19.52,21.2 1 0
github.com/rossigee/provider-keycloak/apis/role/v1alpha1/zz_generated.managed.go:24.65,26.2 1 0
github.com/rossigee/provider-keycloak/apis/role/v1alpha1/zz_generated.managed.go:29.66,31.2 1 0
github.com/rossigee/provider-keycloak/apis/role/v1alpha1/zz_generated.managed.go:34.76,36.2 1 0
github.com/rossigee/provider-keycloak/apis/role/v1alpha1/zz_generated.managed.go:39.77,41.2 1 0
github.com/rossigee/provider-keycloak/apis/role/v1alpha1/zz_generated.managed.go:44.82,46.2 1 0
github.com/rossigee/provider-keycloak/apis/role/v1alpha1/zz_generated.managed.go:49.83,51.2 1 0
github.com/rossigee/provider-keycloak/apis/apis.go:42.13,62.2 1 0
github.com/rossigee/provider-keycloak/apis/apis.go:68.43,70.2 1 0
github.com/rossigee/provider-keycloak/apis/user/v1alpha1/register.go:36.13,39.2 2 0
github.com/rossigee/provider-keycloak/apis/user/v1alpha1/register.go:42.43,44.2 1 0
github.com/rossigee/provider-keycloak/apis/user/v1alpha1/zz_generated.deepcopy.go:18.67,20.2 1 0
github.com/rossigee/provider-keycloak/apis/user/v1alpha1/zz_generated.deepcopy.go:23.61,25.23 2 0
github.com/rossigee/provider-keycloak/apis/user/v1alpha1/zz_generated.deepcopy.go:25.23,29.3 3 0
github.com/rossigee/provider-keycloak/apis/user/v1alpha1/zz_generated.deepcopy.go:30.2,30.26 1 0
github.com/rossigee/provider-keycloak/apis/user/v1alpha1/zz_generated.deepcopy.go:30.26,34.3 3 0
github.com/rossigee/provider-keycloak/apis/user/v1alpha1/zz_generated.deepcopy.go:35.2,35.31 1 0
github.com/rossigee/provider-keycloak/apis/user/v1alpha1/zz_generated.deepcopy.go:35.31,39.3 3 0
github.com/rossigee/provider-keycloak/apis/user/v1alpha1/zz_generated.deepcopy.go:40.2,40.21 1 0
github.com/rossigee/provider-keycloak/apis/user/v1alpha1/zz_generated.deepcopy.go:40.21,44.3 3 0
github.com/rossigee/provider-keycloak/apis/user/v1alpha1/zz_generated.deepcopy.go:45.2,45.29 1 0
github.com/rossigee/provider-keycloak/apis/user/v1alpha1/zz_generated.deepcopy.go:45.29,49.3 3 0
github.com/rossigee/provider-keycloak/apis/user/v1alpha1/zz_generated.deepcopy.go:50.2,50.23 1 0
github.com/rossigee/provider-keycloak/apis/user/v1alpha1/zz_generated.deepcopy.go:50.23,54.3 3 0
github.com/rossigee/provider-keycloak/apis/user/v1alpha1/zz_generated.deepcopy.go:55.2,55.25 1 0
github.com/rossigee/provider-keycloak/apis/user/v1alpha1/zz_generated.deepcopy.go:55.25,59.3 3 0
github.com/rossigee/provider-keycloak/apis/user/v1alpha1/zz_generated.deepcopy.go:60.2,60.24 1 0
github.com/rossigee/provider-keycloak/apis/user/v1alpha1/zz_generated.deepcopy.go:60.24,64.3 3 0
github.com/rossigee/provider-keycloak/apis/user/v1alpha1/zz_generated.deepcopy.go:65.2,65.26 1 0
github.com/rossigee/provider-keycloak/apis/user/v1alpha1/zz_generated.deepcopy.go:65.26,68.25 3 0
github.com/rossigee/provider-keycloak/apis/user/v1alpha1/zz_generated.deepcopy.go:68.25,70.4 1 0
github.com/rossigee/provider-keycloak/apis/user/v1alpha1/zz_generated.deepcopy.go:72.2,72.31 1 0
github.com/rossigee/provider-keycloak/apis/user/v1alpha1/zz_generated.deepcopy.go:72.31,76.3 3 0
github.com/rossigee/provider-keycloak/apis/user/v1alpha1/zz_generated.deepcopy.go:77.2,77.33 1 0
github.com/rossigee/provider-keycloak/apis/user/v1alpha1/zz_generated.deepcopy.go:77.33,81.3 3 0
github.com/rossigee/provider-keycloak/apis/user/v1alpha1/zz_generated.deepcopy.go:85.49,89.2 3 0
github.com/rossigee/provider-keycloak/apis/user/v1alpha1/zz_generated.deepcopy.go:92.53,95.2 2 0
github.com/rossigee/provider-keycloak/apis/user/v1alpha1/zz_generated.deepcopy.go:98.41,104.2 5 0
github.com/rossigee/provider-keycloak/apis/user/v1alpha1/zz_generated.deepcopy.go:107.34,108.15 1 0
github.com/rossigee/provider-keycloak/apis/user/v1alpha1/zz_generated.deepcopy.go:108.15,110.3 1 0
github.com/rossigee/provider-keycloak/apis/user/v1alpha1/zz_generated.deepcopy.go:111.2,113.12 3 0
github.com/rossigee/provider-keycloak/apis/user/v1alpha1/zz_generated.deepcopy.go:117.49,118.34 1 0
github.com/rossigee/provider-keycloak/apis/user/v1alpha1/zz_generated.deepcopy.go:118.34,120.3 1 0
github.com/rossigee/provider-keycloak/apis/user/v1alpha1/zz_generated.deepcopy.go:121.2,121.12 1 0
github.com/rossigee/provider-keycloak/apis/user/v1alpha1/zz_generated.deepcopy.go:125.49,129.21 4 0
github.com/rossigee/provider-keycloak/apis/user/v1alpha1/zz_generated.deepcopy.go:129.21,132.22 3 0
github.com/rossigee/provider-keycloak/apis/user/v1alpha1/zz_generated.deepcopy.go:132.22,134.4 1 0
github.com/rossigee/provider-keycloak/apis/user/v1alpha1/zz_generated.deepcopy.go:139.42,140.15 1 0
github.com/rossigee/provider-keycloak/apis/user/v1alpha1/zz_generated.deepcopy.go:140.15,142.3 1 0
github.com/rossigee/provider-keycloak/apis/user/v1alpha1/zz_generated.deepcopy.go:143.2,145.12 3 0
github.com/rossigee/provider-keycloak/apis/user/v1alpha1/zz_generated.deepcopy.go:149.53,150.34 1 0
github.com/rossigee/provider-keycloak/apis/user/v1alpha1/zz_generated.deepcopy.go:150.34,152.3 1 0
github.com/rossigee/provider-keycloak/apis/user/v1alpha1/zz_generated.deepcopy.go:153.2,153.12 1 0
github.com/rossigee/provider-keycloak/apis/user/v1alpha1/zz_generated.deepcopy.go:157.65,159.23 2 0
github.com/rossigee/provider-keycloak/apis/user/v1alpha1/zz_generated.deepcopy.go:159.23,163.3 3 0
github.com/rossigee/provider-keycloak/apis/user/v1alpha1/zz_generated.deepcopy.go:164.2,164.26 1 0
github.com/rossigee/provider-keycloak/apis/user/v1alpha1/zz_generated.deepcopy.go:164.26,168.3 3 0
github.com/rossigee/provider-keycloak/apis/user/v1alpha1/zz_generated.deepcopy.go:169.2,169.31 1 0
github.com/rossigee/provider-keycloak/apis/user/v1alpha1/zz_generated.deepcopy.go:169.31,173.3 3 0
github.com/rossigee/provider-keycloak/apis/user/v1alpha1/zz_generated.deepcopy.go:174.2,174.22 1 0
github.com/rossigee/provider-keycloak/apis/user/v1alpha1/zz_generated.deepcopy.go:174.22,178.3 3 0
github.com/rossigee/provider-keycloak/apis/user/v1alpha1/zz_generated.deepcopy.go:179.2,179.25 1 0
github.com/rossigee/provider-keycloak/apis/user/v1alpha1/zz_generated.deepcopy.go:179.25,183.3 3 0
github.com/rossigee/provider-keycloak/apis/user/v1alpha1/zz_generated.deepcopy.go:184.2,184.30 1 0
github.com/rossigee/provider-keycloak/apis/user/v1alpha1/zz_generated.deepcopy.go:184.30,188.3 3 0
github.com/rossigee/provider-keycloak/apis/user/v1alpha1/zz_generated.deepcopy.go:189.2,189.24 1 0
github.com/rossigee/provider-keycloak/apis/user/v1alpha1/zz_generated.deepcopy.go:189.24,193.3 3 0
github.com/rossigee/provider-keycloak/apis/user/v1alpha1/zz_generated.deepcopy.go:194.2,194.28 1 0
github.com/rossigee/provider-keycloak/apis/user/v1alpha1/zz_generated.deepcopy.go:194.28,197.22 3 0
github.com/rossigee/provider-keycloak/apis/user/v1alpha1/zz_generated.deepcopy.go:197.22,199.4 1 0
github.com/rossigee/provider-keycloak/apis/user/v1alpha1/zz_generated.deepcopy.go:201.2,201.32 1 0
github.com/rossigee/provider-keycloak/apis/user/v1alpha1/zz_generated.deepcopy.go:201.32,205.3 3 0
github.com/rossigee/provider-keycloak/apis/user/v1alpha1/zz_generated.deepcopy.go:206.2,206.26 1 0
github.com/rossigee/provider-keycloak/apis/user/v1alpha1/zz_generated.deepcopy.go:206.26,210.3 3 0
github.com/rossigee/provider-keycloak/apis/user/v1alpha1/zz_generated.deepcopy.go:214.53,218.2 3 0
github.com/rossigee/provider-keycloak/apis/user/v1alpha1/zz_generated.deepcopy.go:221.57,224.2 2 0
github.com/rossigee/provider-keycloak/apis/user/v1alpha1/zz_generated.deepcopy.go:227.45,233.2 5 0
github.com/rossigee/provider-keycloak/apis/user/v1alpha1/zz_generated.deepcopy.go:236.38,237.15 1 0
github.com/rossigee/provider-keycloak/apis/user/v1alpha1/zz_generated.deepcopy.go:237.15,239.3 1 0
github.com/rossigee/provider-keycloak/apis/user/v1alpha1/zz_generated.deepcopy.go:240.2,242.12 3 0
github.com/rossigee/provider-keycloak/apis/user/v1alpha1/zz_generated.deepcopy.go:246.51,247.34 1 0
github.com/rossigee/provider-keycloak/apis/user/v1alpha1/zz_generated.deepcopy.go:247.34,249.3 1 0
github.com/rossigee/provider-keycloak/apis/user/v1alpha1/zz_generated.deepcopy.go:250.2,250.12 1 0
github.com/rossigee/provider-keycloak/apis/user/v1alpha1/zz_generated.deepcopy.go:254.53,258.21 4 0
github.com/rossigee/provider-keycloak/apis/user/v1alpha1/zz_generated.deepcopy.go:258.21,261.22 3 0
github.com/rossigee/provider-keycloak/apis/user/v1alpha1/zz_generated.deepcopy.go:261.22,263.4 1 0
github.com/rossigee/provider-keycloak/apis/user/v1alpha1/zz_generated.deepcopy.go:268.46,269.15 1 0
github.com/rossigee/provider-keycloak/apis/user/v1alpha1/zz_generated.deepcopy.go:269.15,271.3 1 0
github.com/rossigee/provider-keycloak/apis/user/v1alpha1/zz_generated.deepcopy.go:272.2,274.12 3 0
github.com/rossigee/provider-keycloak/apis/user/v1alpha1/zz_generated.deepcopy.go:278.55,279.34 1 0
github.com/rossigee/provider-keycloak/apis/user/v1alpha1/zz_generated.deepcopy.go:279.34,281.3 1 0
github.com/rossigee/provider-keycloak/apis/user/v1alpha1/zz_generated.deepcopy.go:282.2,282.12 1 0
github.com/rossigee/provider-keycloak/apis/user/v1alpha1/zz_generated.managed.go:14.68,16.2 1 0
github.com/rossigee/provider-keycloak/apis/user/v1alpha1/zz_generated.managed.go:19.52,21.2 1 0
github.com/rossigee/provider-keycloak/apis/user/v1alpha1/zz_generated.managed.go:24.65,26.2 1 0
github.com/rossigee/provider-keycloak/apis/user/v1alpha1/zz_generated.managed.go:29.66,31.2 1 0
github.com/rossigee/provider-keycloak/apis/user/v1alpha1/zz_generated.managed.go:34.76,36.2 1 0
github.com/rossigee/provider-keycloak/apis/user/v1alpha1/zz_generated.managed.go:39.77,41.2 1 0
github.com/rossigee/provider-keycloak/apis/user/v1alpha1/zz_generated.managed.go:44.82,46.2 1 0
github.com/rossigee/provider-keycloak/apis/user/v1alpha1/zz_generated.managed.go:49.83,51.2 1 0
github.com/rossigee/provider-keycloak/apis/user/v1alpha1/zz_generated.managed.go:54.70,56.2 1 0
github.com/rossigee/provider-keycloak/apis/user/v1alpha1/zz_generated.managed.go:59.54,61.2 1 0
github.com/rossigee/provider-keycloak/apis/user/v1alpha1/zz_generated.managed.go:64.67,66.2 1 0
github.com/rossigee/provider-keycloak/apis/user/v1alpha1/zz_generated.managed.go:69.68,71.2 1 0
github.com/rossigee/provider-keycloak/apis/user/v1alpha1/zz_generated.managed.go:74.78,76.2 1 0
github.com/rossigee/provider-keycloak/apis/user/v1alpha1/zz_generated.managed.go:79.79,81.2 1 0
github.com/rossigee/provider-keycloak/apis/user/v1alpha1/zz_generated.managed.go:84.84,86.2 1 0
github.com/rossigee/provider-keycloak/apis/user/v1alpha1/zz_generated.managed.go:89.85,91.2 1 0
github.com/rossigee/provider-keycloak/apis/client/v1alpha1/register.go:36.13,38.2 1 0
github.com/rossigee/provider-keycloak/apis/client/v1alpha1/register.go:41.43,43.2 1 0
github.com/rossigee/provider-keycloak/apis/client/v1alpha1/zz_generated.deepcopy.go:18.81,20.23 2 0
github.com/rossigee/provider-keycloak/apis/client/v1alpha1/zz_generated.deepcopy.go:20.23,24.3 3 0
github.com/rossigee/provider-keycloak/apis/client/v1alpha1/zz_generated.deepcopy.go:25.2,25.26 1 0
github.com/rossigee/provider-keycloak/apis/client/v1alpha1/zz_generated.deepcopy.go:25.26,29.3 3 0
github.com/rossigee/provider-keycloak/apis/client/v1alpha1/zz_generated.deepcopy.go:30.2,30.31 1 0
github.com/rossigee/provider-keycloak/apis/client/v1alpha1/zz_generated.deepcopy.go:30.31,34.3 3 0
github.com/rossigee/provider-keycloak/apis/client/v1alpha1/zz_generated.deepcopy.go:35.2,35.24 1 0
github.com/rossigee/provider-keycloak/apis/client/v1alpha1/zz_generated.deepcopy.go:35.24,39.3 3 0
github.com/rossigee/provider-keycloak/apis/client/v1alpha1/zz_generated.deepcopy.go:40.2,40.27 1 0
github.com/rossigee/provider-keycloak/apis/client/v1alpha1/zz_generated.deepcopy.go:40.27,44.3 3 0
github.com/rossigee/provider-keycloak/apis/client/v1alpha1/zz_generated.deepcopy.go:45.2,45.32 1 0
github.com/rossigee/provider-keycloak/apis/client/v1alpha1/zz_generated.deepcopy.go:45.32,49.3 3 0
github.com/rossigee/provider-keycloak/apis/client/v1alpha1/zz_generated.deepcopy.go:50.2,50.29 1 0
github.com/rossigee/provider-keycloak/apis/client/v1alpha1/zz_generated.deepcopy.go:50.29,54.3 3 0
github.com/rossigee/provider-keycloak/apis/client/v1alpha1/zz_generated.deepcopy.go:55.2,55.32 1 0
github.com/rossigee/provider-keycloak/apis/client/v1alpha1/zz_generated.deepcopy.go:55.32,59.3 3 0
github.com/rossigee/provider-keycloak/apis/client/v1alpha1/zz_generated.deepcopy.go:60.2,60.37 1 0
github.com/rossigee/provider-keycloak/apis/client/v1alpha1/zz_generated.deepcopy.go:60.37,64.3 3 0
github.com/rossigee/provider-keycloak/apis/client/v1alpha1/zz_generated.deepcopy.go:65.2,65.22 1 0
github.com/rossigee/provider-keycloak/apis/client/v1alpha1/zz_generated.deepcopy.go:65.22,68.25 3 0
github.com/rossigee/provider-keycloak/apis/client/v1alpha1/zz_generated.deepcopy.go:68.25,70.4 1 0
github.com/rossigee/provider-keycloak/apis/client/v1alpha1/zz_generated.deepcopy.go:75.69,79.2 3 0
github.com/rossigee/provider-keycloak/apis/client/v1alpha1/zz_generated.deepcopy.go:82.73,85.2 2 0
github.com/rossigee/provider-keycloak/apis/client/v1alpha1/zz_generated.deepcopy.go:88.61,94.2 5 0
github.com/rossigee/provider-keycloak/apis/client/v1alpha1/zz_generated.deepcopy.go:97.54,98.15 1 0
github.com/rossigee/provider-keycloak/apis/client/v1alpha1/zz_generated.deepcopy.go:98.15,100.3 1 0
github.com/rossigee/provider-keycloak/apis/client/v1alpha1/zz_generated.deepcopy.go:101.2,103.12 3 0
github.com/rossigee/provider-keycloak/apis/client/v1alpha1/zz_generated.deepcopy.go:107.59,108.34 1 0
github.com/rossigee/provider-keycloak/apis/client/v1alpha1/zz_generated.deepcopy.go:108.34,110.3 1 0
github.com/rossigee/provider-keycloak/apis/client/v1alpha1/zz_generated.deepcopy.go:111.2,111.12 1 0
github.com/rossigee/provider-keycloak/apis/client/v1alpha1/zz_generated.deepcopy.go:115.69,119.21 4 0
github.com/rossigee/provider-keycloak/apis/client/v1alpha1/zz_generated.deepcopy.go:119.21,122.22 3 0
github.com/rossigee/provider-keycloak/apis/client/v1alpha1/zz_generated.deepcopy.go:122.22,124.4 1 0
github.com/rossigee/provider-keycloak/apis/client/v1alpha1/zz_generated.deepcopy.go:129.62,130.15 1 0
github.com/rossigee/provider-keycloak/apis/client/v1alpha1/zz_generated.deepcopy.go:130.15,132.3 1 0
github.com/rossigee/provider-keycloak/apis/client/v1alpha1/zz_generated.deepcopy.go:133.2,135.12 3 0
github.com/rossigee/provider-keycloak/apis/client/v1alpha1/zz_generated.deepcopy.go:139.63,140.34 1 0
github.com/rossigee/provider-keycloak/apis/client/v1alpha1/zz_generated.deepcopy.go:140.34,142.3 1 0
github.com/rossigee/provider-keycloak/apis/client/v1alpha1/zz_generated.deepcopy.go:143.2,143.12 1 0
github.com/rossigee/provider-keycloak/apis/client/v1alpha1/zz_generated.managed.go:14.78,16.2 1 0
github.com/rossigee/provider-keycloak/apis/client/v1alpha1/zz_generated.managed.go:19.62,21.2 1 0
github.com/rossigee/provider-keycloak/apis/client/v1alpha1/zz_generated.managed.go:24.75,26.2 1 0
github.com/rossigee/provider-keycloak/apis/client/v1alpha1/zz_generated.managed.go:29.76,31.2 1 0
github.com/rossigee/provider-keycloak/apis/client/v1alpha1/zz_generated.managed.go:34.86,36.2 1 0
github.com/rossigee/provider-keycloak/apis/client/v1alpha1/zz_generated.managed.go:39.87,41.2 1 0
github.com/rossigee/provider-keycloak/apis/client/v1alpha1/zz_generated.managed.go:44.92,46.2 1 0
github.com/rossigee/provider-keycloak/apis/client/v1alpha1/zz_generated.managed.go:49.93,51.2 1 0
github.com/rossigee/provider-keycloak/apis/rolemappings/v1alpha1/types.go:95.13,97.2 1 0
github.com/rossigee/provider-keycloak/apis/rolemappings/v1alpha1/zz_generated.deepcopy.go:9.87,11.21 2 0
github.com/rossigee/provider-keycloak/apis/rolemappings/v1alpha1/zz_generated.deepcopy.go:11.21,15.3 3 0
github.com/rossigee/provider-keycloak/apis/rolemappings/v1alpha1/zz_generated.deepcopy.go:18.75,22.2 3 0
github.com/rossigee/provider-keycloak/apis/rolemappings/v1alpha1/zz_generated.deepcopy.go:24.79,27.28 3 0
github.com/rossigee/provider-keycloak/apis/rolemappings/v1alpha1/zz_generated.deepcopy.go:27.28,31.3 3 0
github.com/rossigee/provider-keycloak/apis/rolemappings/v1alpha1/zz_generated.deepcopy.go:34.67,40.2 5 0
github.com/rossigee/provider-keycloak/apis/rolemappings/v1alpha1/zz_generated.deepcopy.go:42.60,43.15 1 0
github.com/rossigee/provider-keycloak/apis/rolemappings/v1alpha1/zz_generated.deepcopy.go:43.15,43.29 1 0
github.com/rossigee/provider-keycloak/apis/rolemappings/v1alpha1/zz_generated.deepcopy.go:44.2,46.12 3 0
github.com/rossigee/provider-keycloak/apis/rolemappings/v1alpha1/zz_generated.deepcopy.go:49.62,50.34 1 0
github.com/rossigee/provider-keycloak/apis/rolemappings/v1alpha1/zz_generated.deepcopy.go:50.34,50.46 1 0
github.com/rossigee/provider-keycloak/apis/rolemappings/v1alpha1/zz_generated.deepcopy.go:51.2,51.12 1 0
github.com/rossigee/provider-keycloak/apis/rolemappings/v1alpha1/zz_generated.deepcopy.go:54.75,58.21 4 0
github.com/rossigee/provider-keycloak/apis/rolemappings/v1alpha1/zz_generated.deepcopy.go:58.21,61.22 3 0
github.com/rossigee/provider-keycloak/apis/rolemappings/v1alpha1/zz_generated.deepcopy.go:61.22,63.4 1 0
github.com/rossigee/provider-keycloak/apis/rolemappings/v1alpha1/zz_generated.deepcopy.go:67.68,68.15 1 0
github.com/rossigee/provider-keycloak/apis/rolemappings/v1alpha1/zz_generated.deepcopy.go:68.15,68.29 1 0
github.com/rossigee/provider-keycloak/apis/rolemappings/v1alpha1/zz_generated.deepcopy.go:69.2,71.12 3 0
github.com/rossigee/provider-keycloak/apis/rolemappings/v1alpha1/zz_generated.deepcopy.go:74.66,75.34 1 0
github.com/rossigee/provider-keycloak/apis/rolemappings/v1alpha1/zz_generated.deepcopy.go:75.34,75.46 1 0
github.com/rossigee/provider-keycloak/apis/rolemappings/v1alpha1/zz_generated.deepcopy.go:76.2,76.12 1 0
github.com/rossigee/provider-keycloak/apis/rolemappings/v1alpha1/zz_generated.managed.go:11.81,13.2 1 0
github.com/rossigee/provider-keycloak/apis/rolemappings/v1alpha1/zz_generated.managed.go:15.65,17.2 1 0
github.com/rossigee/provider-keycloak/apis/rolemappings/v1alpha1/zz_generated.managed.go:19.78,21.2 1 0
github.com/rossigee/provider-keycloak/apis/rolemappings/v1alpha1/zz_generated.managed.go:23.79,25.2 1 0
github.com/rossigee/provider-keycloak/apis/rolemappings/v1alpha1/zz_generated.managed.go:27.89,29.2 1 0
github.com/rossigee/provider-keycloak/apis/rolemappings/v1alpha1/zz_generated.managed.go:31.90,33.2 1 0
github.com/rossigee/provider-keycloak/apis/rolemappings/v1alpha1/zz_generated.managed.go:35.95,37.2 1 0
github.com/rossigee/provider-keycloak/apis/rolemappings/v1alpha1/zz_generated.managed.go:39.96,41.2 1 0
github.com/rossigee/provider-keycloak/apis/openidclient/v1alpha1/register.go:36.13,40.2 3 0
github.com/rossigee/provider-keycloak/apis/openidclient/v1alpha1/register.go:43.43,45.2 1 0
github.com/rossigee/provider-keycloak/apis/openidclient/v1alpha1/zz_generated.deepcopy.go:18.75,20.2 1 0
github.com/rossigee/provider-keycloak/apis/openidclient/v1alpha1/zz_generated.deepcopy.go:23.68,24.15 1 0
github.com/rossigee/provider-keycloak/apis/openidclient/v1alpha1/zz_generated.deepcopy.go:24.15,26.3 1 0
github.com/rossigee/provider-keycloak/apis/openidclient/v1alpha1/zz_generated.deepcopy.go:27.2,29.12 3 0
github.com/rossigee/provider-keycloak/apis/openidclient/v1alpha1/zz_generated.deepcopy.go:33.65,35.23 2 0
github.com/rossigee/provider-keycloak/apis/openidclient/v1alpha1/zz_generated.deepcopy.go:35.23,39.3 3 0
github.com/rossigee/provider-keycloak/apis/openidclient/v1alpha1/zz_generated.deepcopy.go:40.2,40.26 1 0
github.com/rossigee/provider-keycloak/apis/openidclient/v1alpha1/zz_generated.deepcopy.go:40.26,44.3 3 0
github.com/rossigee/provider-keycloak/apis/openidclient/v1alpha1/zz_generated.deepcopy.go:45.2,45.31 1 0
github.com/rossigee/provider-keycloak/apis/openidclient/v1alpha1/zz_generated.deepcopy.go:45.31,49.3 3 0
github.com/rossigee/provider-keycloak/apis/openidclient/v1alpha1/zz_generated.deepcopy.go:50.2,50.26 1 0
github.com/rossigee/provider-keycloak/apis/openidclient/v1alpha1/zz_generated.deepcopy.go:50.26,54.3 3 0
github.com/rossigee/provider-keycloak/apis/openidclient/v1alpha1/zz_generated.deepcopy.go:55.2,55.20 1 0
github.com/rossigee/provider-keycloak/apis/openidclient/v1alpha1/zz_generated.deepcopy.go:55.20,59.3 3 0
github.com/rossigee/provider-keycloak/apis/openidclient/v1alpha1/zz_generated.deepcopy.go:60.2,60.27 1 0
github.com/rossigee/provider-keycloak/apis/openidclient/v1alpha1/zz_generated.deepcopy.go:60.27,64.3 3 0
github.com/rossigee/provider-keycloak/apis/openidclient/v1alpha1/zz_generated.deepcopy.go:65.2,65.23 1 0
github.com/rossigee/provider-keycloak/apis/openidclient/v1alpha1/zz_generated.deepcopy.go:65.23,69.3 3 0
github.com/rossigee/provider-keycloak/apis/openidclient/v1alpha1/zz_generated.deepcopy.go:70.2,70.23 1 0
github.com/rossigee/provider-keycloak/apis/openidclient/v1alpha1/zz_generated.deepcopy.go:70.23,74.3 3 0
github.com/rossigee/provider-keycloak/apis/openidclient/v1alpha1/zz_generated.deepcopy.go:75.2,75.23 1 0
github.com/rossigee/provider-keycloak/apis/openidclient/v1alpha1/zz_generated.deepcopy.go:75.23,79.3 3 0
github.com/rossigee/provider-keycloak/apis/openidclient/v1alpha1/zz_generated.deepcopy.go:80.2,80.24 1 0
github.com/rossigee/provider-keycloak/apis/openidclient/v1alpha1/zz_generated.deepcopy.go:80.24,84.3 3 0
github.com/rossigee/provider-keycloak/apis/openidclient/v1alpha1/zz_generated.deepcopy.go:85.2,85.33 1 0
github.com/rossigee/provider-keycloak/apis/openidclient/v1alpha1/zz_generated.deepcopy.go:85.33,89.3 3 0
github.com/rossigee/provider-keycloak/apis/openidclient/v1alpha1/zz_generated.deepcopy.go:90.2,90.43 1 0
github.com/rossigee/provider-keycloak/apis/openidclient/v1alpha1/zz_generated.deepcopy.go:90.43,94.3 3 0
github.com/rossigee/provider-keycloak/apis/openidclient/v1alpha1/zz_generated.deepcopy.go:95.2,95.26 1 0
github.com/rossigee/provider-keycloak/apis/openidclient/v1alpha1/zz_generated.deepcopy.go:95.26,99.3 3 0
github.com/rossigee/provider-keycloak/apis/openidclient/v1alpha1/zz_generated.deepcopy.go:100.2,100.35 1 0
github.com/rossigee/provider-keycloak/apis/openidclient/v1alpha1/zz_generated.deepcopy.go:100.35,104.3 3 0
github.com/rossigee/provider-keycloak/apis/openidclient/v1alpha1/zz_generated.deepcopy.go:105.2,105.35 1 0
github.com/rossigee/provider-keycloak/apis/openidclient/v1alpha1/zz_generated.deepcopy.go:105.35,109.3 3 0
github.com/rossigee/provider-keycloak/apis/openidclient/v1alpha1/zz_generated.deepcopy.go:110.2,110.41 1 0
github.com/rossigee/provider-keycloak/apis/openidclient/v1alpha1/zz_generated.deepcopy.go:110.41,114.3 3 0
github.com/rossigee/provider-keycloak/apis/openidclient/v1alpha1/zz_generated.deepcopy.go:115.2,115.38 1 0
github.com/rossigee/provider-keycloak/apis/openidclient/v1alpha1/zz_generated.deepcopy.go:115.38,119.3 3 0
github.com/rossigee/provider-keycloak/apis/openidclient/v1alpha1/zz_generated.deepcopy.go:120.2,120.32 1 0
github.com/rossigee/provider-keycloak/apis/openidclient/v1alpha1/zz_generated.deepcopy.go:120.32,124.3 3 0
github.com/rossigee/provider-keycloak/apis/openidclient/v1alpha1/zz_generated.deepcopy.go:125.2,125.31 1 0
github.com/rossigee/provider-keycloak/apis/openidclient/v1alpha1/zz_generated.deepcopy.go:125.31,129.3 3 0
github.com/rossigee/provider-keycloak/apis/openidclient/v1alpha1/zz_generated.deepcopy.go:130.2,130.38 1 0
github.com/rossigee/provider-keycloak/apis/openidclient/v1alpha1/zz_generated.deepcopy.go:130.38,134.3 3 0
github.com/rossigee/provider-keycloak/apis/openidclient/v1alpha1/zz_generated.deepcopy.go:135.2,135.41 1 0
github.com/rossigee/provider-keycloak/apis/openidclient/v1alpha1/zz_generated.deepcopy.go:135.41,139.3 3 0
github.com/rossigee/provider-keycloak/apis/openidclient/v1alpha1/zz_generated.deepcopy.go:140.2,140.37 1 0
github.com/rossigee/provider-keycloak/apis/openidclient/v1alpha1/zz_generated.deepcopy.go:140.37,144.3 3 0
github.com/rossigee/provider-keycloak/apis/openidclient/v1alpha1/zz_generated.deepcopy.go:145.2,145.36 1 0
github.com/rossigee/provider-keycloak/apis/openidclient/v1alpha1/zz_generated.deepcopy.go:145.36,149.3 3 0
github.com/rossigee/provider-keycloak/apis/openidclient/v1alpha1/zz_generated.deepcopy.go:150.2,150.48 1 0
github.com/rossigee/provider-keycloak/apis/openidclient/v1alpha1/zz_generated.deepcopy.go:150.48,154.3 3 0
github.com/rossigee/provider-keycloak/apis/openidclient/v1alpha1/zz_generated.deepcopy.go:155.2,155.54 1 0
github.com/rossigee/provider-keycloak/apis/openidclient/v1alpha1/zz_generated.deepcopy.go:155.54,159.3 3 0
github.com/rossigee/provider-keycloak/apis/openidclient/v1alpha1/zz_generated.deepcopy.go:160.2,160.26 1 0
github.com/rossigee/provider-keycloak/apis/openidclient/v1alpha1/zz_generated.deepcopy.go:160.26,164.3 3 0
github.com/rossigee/provider-keycloak/apis/openidclient/v1alpha1/zz_generated.deepcopy.go:165.2,165.39 1 0
github.com/rossigee/provider-keycloak/apis/openidclient/v1alpha1/zz_generated.deepcopy.go:165.39,169.3 3 0
github.com/rossigee/provider-keycloak/apis/openidclient/v1alpha1/zz_generated.deepcopy.go:170.2,170.35 1 0
github.com/rossigee/provider-keycloak/apis/openidclient/v1alpha1/zz_generated.deepcopy.go:170.35,174.3 3 0
github.com/rossigee/provider-keycloak/apis/openidclient/v1alpha1/zz_generated.deepcopy.go:175.2,175.37 1 0
github.com/rossigee/provider-keycloak/apis/openidclient/v1alpha1/zz_generated.deepcopy.go:175.37,179.3 3 0
github.com/rossigee/provider-keycloak/apis/openidclient/v1alpha1/zz_generated.deepcopy.go:180.2,180.27 1 0
github.com/rossigee/provider-keycloak/apis/openidclient/v1alpha1/zz_generated.deepcopy.go:180.27,183.25 3 0
github.com/rossigee/provider-keycloak/apis/openidclient/v1alpha1/zz_generated.deepcopy.go:183.25,185.4 1 0
github.com/rossigee/provider-keycloak/apis/openidclient/v1alpha1/zz_generated.deepcopy.go:190.58,191.15 1 0
github.com/rossigee/provider-keycloak/apis/openidclient/v1alpha1/zz_generated.deepcopy.go:191.15,193.3 1 0
github.com/rossigee/provider-keycloak/apis/openidclient/v1alpha1/zz_generated.deepcopy.go:194.2,196.12 3 0
github.com/rossigee/provider-keycloak/apis/openidclient/v1alpha1/zz_generated.deepcopy.go:200.53,204.2 3 0
github.com/rossigee/provider-keycloak/apis/openidclient/v1alpha1/zz_generated.deepcopy.go:207.46,208.15 1 0
github.com/rossigee/provider-keycloak/apis/openidclient/v1alpha1/zz_generated.deepcopy.go:208.15,210.3 1 0
github.com/rossigee/provider-keycloak/apis/openidclient/v1alpha1/zz_generated.deepcopy.go:211.2,213.12 3 0
github.com/rossigee/provider-keycloak/apis/openidclient/v1alpha1/zz_generated.deepcopy.go:217.57,220.2 2 0
github.com/rossigee/provider-keycloak/apis/openidclient/v1alpha1/zz_generated.deepcopy.go:223.50,224.15 1 0
github.com/rossigee/provider-keycloak/apis/openidclient/v1alpha1/zz_generated.deepcopy.go:224.15,226.3 1 0
github.com/rossigee/provider-keycloak/apis/openidclient/v1alpha1/zz_generated.deepcopy.go:227.2,229.12 3 0
github.com/rossigee/provider-keycloak/apis/openidclient/v1alpha1/zz_generated.deepcopy.go:233.45,239.2 5 0
github.com/rossigee/provider-keycloak/apis/openidclient/v1alpha1/zz_generated.deepcopy.go:242.38,243.15 1 0
github.com/rossigee/provider-keycloak/apis/openidclient/v1alpha1/zz_generated.deepcopy.go:243.15,245.3 1 0
github.com/rossigee/provider-keycloak/apis/openidclient/v1alpha1/zz_generated.deepcopy.go:246.2,248.12 3 0
github.com/rossigee/provider-keycloak/apis/openidclient/v1alpha1/zz_generated.deepcopy.go:252.51,253.34 1 0
github.com/rossigee/provider-keycloak/apis/openidclient/v1alpha1/zz_generated.deepcopy.go:253.34,255.3 1 0
github.com/rossigee/provider-keycloak/apis/openidclient/v1alpha1/zz_generated.deepcopy.go:256.2,256.12 1 0
github.com/rossigee/provider-keycloak/apis/openidclient/v1alpha1/zz_generated.deepcopy.go:260.53,264.21 4 0
github.com/rossigee/provider-keycloak/apis/openidclient/v1alpha1/zz_generated.deepcopy.go:264.21,267.22 3 0
github.com/rossigee/provider-keycloak/apis/openidclient/v1alpha1/zz_generated.deepcopy.go:267.22,269.4 1 0
github.com/rossigee/provider-keycloak/apis/openidclient/v1alpha1/zz_generated.deepcopy.go:274.46,275.15 1 0
github.com/rossigee/provider-keycloak/apis/openidclient/v1alpha1/zz_generated.deepcopy.go:275.15,277.3 1 0
github.com/rossigee/provider-keycloak/apis/openidclient/v1alpha1/zz_generated.deepcopy.go:278.2,280.12 3 0
github.com/rossigee/provider-keycloak/apis/openidclient/v1alpha1/zz_generated.deepcopy.go:284.55,285.34 1 0
github.com/rossigee/provider-keycloak/apis/openidclient/v1alpha1/zz_generated.deepcopy.go:285.34,287.3 1 0
github.com/rossigee/provider-keycloak/apis/openidclient/v1alpha1/zz_generated.deepcopy.go:288.2,288.12 1 0
github.com/rossigee/provider-keycloak/apis/openidclient/v1alpha1/zz_generated.deepcopy.go:292.91,294.23 2 0
github.com/rossigee/provider-keycloak/apis/openidclient/v1alpha1/zz_generated.deepcopy.go:294.23,298.3 3 0
github.com/rossigee/provider-keycloak/apis/openidclient/v1alpha1/zz_generated.deepcopy.go:299.2,299.26 1 0
github.com/rossigee/provider-keycloak/apis/openidclient/v1alpha1/zz_generated.deepcopy.go:299.26,303.3 3 0
github.com/rossigee/provider-keycloak/apis/openidclient/v1alpha1/zz_generated.deepcopy.go:304.2,304.31 1 0
github.com/rossigee/provider-keycloak/apis/openidclient/v1alpha1/zz_generated.deepcopy.go:304.31,308.3 3 0
github.com/rossigee/provider-keycloak/apis/openidclient/v1alpha1/zz_generated.deepcopy.go:309.2,309.24 1 0
github.com/rossigee/provider-keycloak/apis/openidclient/v1alpha1/zz_generated.deepcopy.go:309.24,313.3 3 0
github.com/rossigee/provider-keycloak/apis/openidclient/v1alpha1/zz_generated.deepcopy.go:314.2,314.27 1 0
github.com/rossigee/provider-keycloak/apis/openidclient/v1alpha1/zz_generated.deepcopy.go:314.27,318.3 3 0
github.com/rossigee/provider-keycloak/apis/openidclient/v1alpha1/zz_generated.deepcopy.go:319.2,319.32 1 0
github.com/rossigee/provider-keycloak/apis/openidclient/v1alpha1/zz_generated.deepcopy.go:319.32,323.3 3 0
github.com/rossigee/provider-keycloak/apis/openidclient/v1alpha1/zz_generated.deepcopy.go:324.2,324.29 1 0
github.com/rossigee/provider-keycloak/apis/openidclient/v1alpha1/zz_generated.deepcopy.go:324.29,328.3 3 0
github.com/rossigee/provider-keycloak/apis/openidclient/v1alpha1/zz_generated.deepcopy.go:332.79,336.2 3 0
github.com/rossigee/provider-keycloak/apis/openidclient/v1alpha1/zz_generated.deepcopy.go:339.83,342.2 2 0
github.com/rossigee/provider-keycloak/apis/openidclient/v1alpha1/zz_generated.deepcopy.go:345.71,351.2 5 0
github.com/rossigee/provider-keycloak/apis/openidclient/v1alpha1/zz_generated.deepcopy.go:354.64,355.15 1 0
github.com/rossigee/provider-keycloak/apis/openidclient/v1alpha1/zz_generated.deepcopy.go:355.15,357.3 1 0
github.com/rossigee/provider-keycloak/apis/openidclient/v1alpha1/zz_generated.deepcopy.go:358.2,360.12 3 0
github.com/rossigee/provider-keycloak/apis/openidclient/v1alpha1/zz_generated.deepcopy.go:364.64,365.34 1 0
github.com/rossigee/provider-keycloak/apis/openidclient/v1alpha1/zz_generated.deepcopy.go:365.34,367.3 1 0
github.com/rossigee/provider-keycloak/apis/openidclient/v1alpha1/zz_generated.deepcopy.go:368.2,368.12 1 0
github.com/rossigee/provider-keycloak/apis/openidclient/v1alpha1/zz_generated.deepcopy.go:372.79,376.21 4 0
github.com/rossigee/provider-keycloak/apis/openidclient/v1alpha1/zz_generated.deepcopy.go:376.21,379.22 3 0
github.com/rossigee/provider-keycloak/apis/openidclient/v1alpha1/zz_generated.deepcopy.go:379.22,381.4 1 0
github.com/rossigee/provider-keycloak/apis/openidclient/v1alpha1/zz_generated.deepcopy.go:386.72,387.15 1 0
github.com/rossigee/provider-keycloak/apis/openidclient/v1alpha1/zz_generated.deepcopy.go:387.15,389.3 1 0
github.com/rossigee/provider-keycloak/apis/openidclient/v1alpha1/zz_generated.deepcopy.go:390.2,392.12 3 0
github.com/rossigee/provider-keycloak/apis/openidclient/v1alpha1/zz_generated.deepcopy.go:396.68,397.34 1 0
github.com/rossigee/provider-keycloak/apis/openidclient/v1alpha1/zz_generated.deepcopy.go:397.34,399.3 1 0
github.com/rossigee/provider-keycloak/apis/openidclient/v1alpha1/zz_generated.deepcopy.go:400.2,400.12 1 0
github.com/rossigee/provider-keycloak/apis/openidclient/v1alpha1/zz_generated.deepcopy.go:404.93,406.23 2 0
github.com/rossigee/provider-keycloak/apis/openidclient/v1alpha1/zz_generated.deepcopy.go:406.23,410.3 3 0
github.com/rossigee/provider-keycloak/apis/openidclient/v1alpha1/zz_generated.deepcopy.go:411.2,411.26 1 0
github.com/rossigee/provider-keycloak/apis/openidclient/v1alpha1/zz_generated.deepcopy.go:411.26,415.3 3 0
github.com/rossigee/provider-keycloak/apis/openidclient/v1alpha1/zz_generated.deepcopy.go:416.2,416.31 1 0
github.com/rossigee/provider-keycloak/apis/openidclient/v1alpha1/zz_generated.deepcopy.go:416.31,420.3 3 0
github.com/rossigee/provider-keycloak/apis/openidclient/v1alpha1/zz_generated.deepcopy.go:421.2,421.24 1 0
github.com/rossigee/provider-keycloak/apis/openidclient/v1alpha1/zz_generated.deepcopy.go:421.24,425.3 3 0
github.com/rossigee/provider-keycloak/apis/openidclient/v1alpha1/zz_generated.deepcopy.go:426.2,426.27 1 0
github.com/rossigee/provider-keycloak/apis/openidclient/v1alpha1/zz_generated.deepcopy.go:426.27,430.3 3 0
github.com/rossigee/provider-keycloak/apis/openidclient/v1alpha1/zz_generated.deepcopy.go:431.2,431.32 1 0
github.com/rossigee/provider-keycloak/apis/openidclient/v1alpha1/zz_generated.deepcopy.go:431.32,435.3 3 0
github.com/rossigee/provider-keycloak/apis/openidclient/v1alpha1/zz_generated.deepcopy.go:436.2,436.30 1 0
github.com/rossigee/provider-keycloak/apis/openidclient/v1alpha1/zz_generated.deepcopy.go:436.30,440.3 3 0
github.com/rossigee/provider-keycloak/apis/openidclient/v1alpha1/zz_generated.deepcopy.go:444.81,448.2 3 0
github.com/rossigee/provider-keycloak/apis/openidclient/v1alpha1/zz_generated.deepcopy.go:451.85,454.2 2 0
github.com/rossigee/provider-keycloak/apis/openidclient/v1alpha1/zz_generated.deepcopy.go:457.73,463.2 5 0
github.com/rossigee/provider-keycloak/apis/openidclient/v1alpha1/zz_generated.deepcopy.go:466.66,467.15 1 0
github.com/rossigee/provider-keycloak/apis/openidclient/v1alpha1/zz_generated.deepcopy.go:467.15,469.3 1 0
github.com/rossigee/provider-keycloak/apis/openidclient/v1alpha1/zz_generated.deepcopy.go:470.2,472.12 3 0
github.com/rossigee/provider-keycloak/apis/openidclient/v1alpha1/zz_generated.deepcopy.go:476.65,477.34 1 0
github.com/rossigee/provider-keycloak/apis/openidclient/v1alpha1/zz_generated.deepcopy.go:477.34,479.3 1 0
github.com/rossigee/provider-keycloak/apis/openidclient/v1alpha1/zz_generated.deepcopy.go:480.2,480.12 1 0
github.com/rossigee/provider-keycloak/apis/openidclient/v1alpha1/zz_generated.deepcopy.go:484.81,488.21 4 0
github.com/rossigee/provider-keycloak/apis/openidclient/v1alpha1/zz_generated.deepcopy.go:488.21,491.22 3 0
github.com/rossigee/provider-keycloak/apis/openidclient/v1alpha1/zz_generated.deepcopy.go:491.22,493.4 1 0
github.com/rossigee/provider-keycloak/apis/openidclient/v1alpha1/zz_generated.deepcopy.go:498.74,499.15 1 0
github.com/rossigee/provider-keycloak/apis/openidclient/v1alpha1/zz_generated.deepcopy.go:499.15,501.3 1 0
github.com/rossigee/provider-keycloak/apis/openidclient/v1alpha1/zz_generated.deepcopy.go:502.2,504.12 3 0
github.com/rossigee/provider-keycloak/apis/openidclient/v1alpha1/zz_generated.deepcopy.go:508.69,509.34 1 0
github.com/rossigee/provider-keycloak/apis/openidclient/v1alpha1/zz_generated.deepcopy.go:509.34,511.3 1 0
github.com/rossigee/provider-keycloak/apis/openidclient/v1alpha1/zz_generated.deepcopy.go:512.2,512.12 1 0
github.com/rossigee/provider-keycloak/apis/openidclient/v1alpha1/zz_generated.managed.go:14.70,16.2 1 0
github.com/rossigee/provider-keycloak/apis/openidclient/v1alpha1/zz_generated.managed.go:19.54,21.2 1 0
github.com/rossigee/provider-keycloak/apis/openidclient/v1alpha1/zz_generated.managed.go:24.67,26.2 1 0
github.com/rossigee/provider-keycloak/apis/openidclient/v1alpha1/zz_generated.managed.go:29.68,31.2 1 0
github.com/rossigee/provider-keycloak/apis/openidclient/v1alpha1/zz_generated.managed.go:34.78,36.2 1 0
github.com/rossigee/provider-keycloak/apis/openidclient/v1alpha1/zz_generated.managed.go:39.79,41.2 1 0
github.com/rossigee/provider-keycloak/apis/openidclient/v1alpha1/zz_generated.managed.go:44.84,46.2 1 0
github.com/rossigee/provider-keycloak/apis/openidclient/v1alpha1/zz_generated.managed.go:49.85,51.2 1 0
github.com/rossigee/provider-keycloak/apis/openidclient/v1alpha1/zz_generated.managed.go:54.83,56.2 1 0
github.com/rossigee/provider-keycloak/apis/openidclient/v1alpha1/zz_generated.managed.go:59.67,61.2 1 0
github.com/rossigee/provider-keycloak/apis/openidclient/v1alpha1/zz_generated.managed.go:64.80,66.2 1 0
github.com/rossigee/provider-keycloak/apis/openidclient/v1alpha1/zz_generated.managed.go:69.81,71.2 1 0
github.com/rossigee/provider-keycloak/apis/openidclient/v1alpha1/zz_generated.managed.go:74.91,76.2 1 0
github.com/rossigee/provider-keycloak/apis/openidclient/v1alpha1/zz_generated.managed.go:79.92,81.2 1 0
github.com/rossigee/provider-keycloak/apis/openidclient/v1alpha1/zz_generated.managed.go:84.97,86.2 1 0
github.com/rossigee/provider-keycloak/apis/openidclient/v1alpha1/zz_generated.managed.go:89.98,91.2 1 0
github.com/rossigee/provider-keycloak/apis/openidclient/v1alpha1/zz_generated.managed.go:94.84,96.2 1 0
github.com/rossigee/provider-keycloak/apis/openidclient/v1alpha1/zz_generated.managed.go:99.68,101.2 1 0
github.com/rossigee/provider-keycloak/apis/openidclient/v1alpha1/zz_generated.managed.go:104.81,106.2 1 0
github.com/rossigee/provider-keycloak/apis/openidclient/v1alpha1/zz_generated.managed.go:109.82,111.2 1 0
github.com/rossigee/provider-keycloak/apis/openidclient/v1alpha1/zz_generated.managed.go:114.92,116.2 1 0
github.com/rossigee/provider-keycloak/apis/openidclient/v1alpha1/zz_generated.managed.go:119.93,121.2 1 0
github.com/rossigee/provider-keycloak/apis/openidclient/v1alpha1/zz_generated.managed.go:124.98,126.2 1 0
github.com/rossigee/provider-keycloak/apis/openidclient/v1alpha1/zz_generated.managed.go:129.99,131.2 1 0
github.com/rossigee/provider-keycloak/apis/group/v1alpha1/register.go:36.13,38.2 1 0
github.com/rossigee/provider-keycloak/apis/group/v1alpha1/register.go:41.43,43.2 1 0
github.com/rossigee/provider-keycloak/apis/group/v1alpha1/zz_generated.deepcopy.go:18.63,20.23 2 0
github.com/rossigee/provider-keycloak/apis/group/v1alpha1/zz_generated.deepcopy.go:20.23,24.3 3 0
github.com/rossigee/provider-keycloak/apis/group/v1alpha1/zz_generated.deepcopy.go:25.2,25.26 1 0
github.com/rossigee/provider-keycloak/apis/group/v1alpha1/zz_generated.deepcopy.go:25.26,29.3 3 0
github.com/rossigee/provider-keycloak/apis/group/v1alpha1/zz_generated.deepcopy.go:30.2,30.31 1 0
github.com/rossigee/provider-keycloak/apis/group/v1alpha1/zz_generated.deepcopy.go:30.31,34.3 3 0
github.com/rossigee/provider-keycloak/apis/group/v1alpha1/zz_generated.deepcopy.go:35.2,35.24 1 0
github.com/rossigee/provider-keycloak/apis/group/v1alpha1/zz_generated.deepcopy.go:35.24,39.3 3 0
github.com/rossigee/provider-keycloak/apis/group/v1alpha1/zz_generated.deepcopy.go:40.2,40.27 1 0
github.com/rossigee/provider-keycloak/apis/group/v1alpha1/zz_generated.deepcopy.go:40.27,44.3 3 0
github.com/rossigee/provider-keycloak/apis/group/v1alpha1/zz_generated.deepcopy.go:45.2,45.32 1 0
github.com/rossigee/provider-keycloak/apis/group/v1alpha1/zz_generated.deepcopy.go:45.32,49.3 3 0
github.com/rossigee/provider-keycloak/apis/group/v1alpha1/zz_generated.deepcopy.go:50.2,50.27 1 0
github.com/rossigee/provider-keycloak/apis/group/v1alpha1/zz_generated.deepcopy.go:50.27,54.3 3 0
github.com/rossigee/provider-keycloak/apis/group/v1alpha1/zz_generated.deepcopy.go:55.2,55.26 1 0
github.com/rossigee/provider-keycloak/apis/group/v1alpha1/zz_generated.deepcopy.go:55.26,58.25 3 0
github.com/rossigee/provider-keycloak/apis/group/v1alpha1/zz_generated.deepcopy.go:58.25,60.4 1 0
github.com/rossigee/provider-keycloak/apis/group/v1alpha1/zz_generated.deepcopy.go:65.51,69.2 3 0
github.com/rossigee/provider-keycloak/apis/group/v1alpha1/zz_generated.deepcopy.go:72.55,75.2 2 0
github.com/rossigee/provider-keycloak/apis/group/v1alpha1/zz_generated.deepcopy.go:78.43,84.2 5 0
github.com/rossigee/provider-keycloak/apis/group/v1alpha1/zz_generated.deepcopy.go:87.36,88.15 1 0
github.com/rossigee/provider-keycloak/apis/group/v1alpha1/zz_generated.deepcopy.go:88.15,90.3 1 0
github.com/rossigee/provider-keycloak/apis/group/v1alpha1/zz_generated.deepcopy.go:91.2,93.12 3 0
github.com/rossigee/provider-keycloak/apis/group/v1alpha1/zz_generated.deepcopy.go:97.50,98.34 1 0
github.com/rossigee/provider-keycloak/apis/group/v1alpha1/zz_generated.deepcopy.go:98.34,100.3 1 0
github.com/rossigee/provider-keycloak/apis/group/v1alpha1/zz_generated.deepcopy.go:101.2,101.12 1 0
github.com/rossigee/provider-keycloak/apis/group/v1alpha1/zz_generated.deepcopy.go:105.51,109.21 4 0
github.com/rossigee/provider-keycloak/apis/group/v1alpha1/zz_generated.deepcopy.go:109.21,112.22 3 0
github.com/rossigee/provider-keycloak/apis/group/v1alpha1/zz_generated.deepcopy.go:112.22,114.4 1 0
github.com/rossigee/provider-keycloak/apis/group/v1alpha1/zz_generated.deepcopy.go:119.44,120.15 1 0
github.com/rossigee/provider-keycloak/apis/group/v1alpha1/zz_generated.deepcopy.go:120.15,122.3 1 0
github.com/rossigee/provider-keycloak/apis/group/v1alpha1/zz_generated.deepcopy.go:123.2,125.12 3 0
github.com/rossigee/provider-keycloak/apis/group/v1alpha1/zz_generated.deepcopy.go:129.54,130.34 1 0
github.com/rossigee/provider-keycloak/apis/group/v1alpha1/zz_generated.deepcopy.go:130.34,132.3 1 0
github.com/rossigee/provider-keycloak/apis/group/v1alpha1/zz_generated.deepcopy.go:133.2,133.12 1 0
github.com/rossigee/provider-keycloak/apis/group/v1alpha1/zz_generated.managed.go:14.69,16.2 1 0
github.com/rossigee/provider-keycloak/apis/group/v1alpha1/zz_generated.managed.go:19.53,21.2 1 0
github.com/rossigee/provider-keycloak/apis/group/v1alpha1/zz_generated.managed.go:24.66,26.2 1 0
github.com/rossigee/provider-keycloak/apis/group/v1alpha1/zz_generated.managed.go:29.67,31.2 1 0
github.com/rossigee/provider-keycloak/apis/group/v1alpha1/zz_generated.managed.go:34.77,36.2 1 0
github.com/rossigee/provider-keycloak/apis/group/v1alpha1/zz_generated.managed.go:39.78,41.2 1 0
github.com/rossigee/provider-keycloak/apis/group/v1alpha1/zz_generated.managed.go:44.83,46.2 1 0
github.com/rossigee/provider-keycloak/apis/group/v1alpha1/zz_generated.managed.go:49.84,51.2 1 0
github.com/rossigee/provider-keycloak/apis/events/v1alpha1/types.go:92.13,94.2 1 0
github.com/rossigee/provider-keycloak/apis/events/v1alpha1/zz_generated.deepcopy.go:9.87,11.29 2 0
github.com/rossigee/provider-keycloak/apis/events/v1alpha1/zz_generated.deepcopy.go:11.29,15.3 3 0
github.com/rossigee/provider-keycloak/apis/events/v1alpha1/zz_generated.deepcopy.go:16.2,16.32 1 0
github.com/rossigee/provider-keycloak/apis/events/v1alpha1/zz_generated.deepcopy.go:16.32,20.3 3 0
github.com/rossigee/provider-keycloak/apis/events/v1alpha1/zz_generated.deepcopy.go:21.2,21.31 1 0
github.com/rossigee/provider-keycloak/apis/events/v1alpha1/zz_generated.deepcopy.go:21.31,25.3 3 0
github.com/rossigee/provider-keycloak/apis/events/v1alpha1/zz_generated.deepcopy.go:26.2,26.29 1 0
github.com/rossigee/provider-keycloak/apis/events/v1alpha1/zz_generated.deepcopy.go:26.29,30.3 3 0
github.com/rossigee/provider-keycloak/apis/events/v1alpha1/zz_generated.deepcopy.go:31.2,31.34 1 0
github.com/rossigee/provider-keycloak/apis/events/v1alpha1/zz_generated.deepcopy.go:31.34,35.3 3 0
github.com/rossigee/provider-keycloak/apis/events/v1alpha1/zz_generated.deepcopy.go:36.2,36.41 1 0
github.com/rossigee/provider-keycloak/apis/events/v1alpha1/zz_generated.deepcopy.go:36.41,40.3 3 0
github.com/rossigee/provider-keycloak/apis/events/v1alpha1/zz_generated.deepcopy.go:43.75,47.2 3 0
github.com/rossigee/provider-keycloak/apis/events/v1alpha1/zz_generated.deepcopy.go:49.79,52.2 2 0
github.com/rossigee/provider-keycloak/apis/events/v1alpha1/zz_generated.deepcopy.go:54.67,60.2 5 0
github.com/rossigee/provider-keycloak/apis/events/v1alpha1/zz_generated.deepcopy.go:62.60,63.15 1 0
github.com/rossigee/provider-keycloak/apis/events/v1alpha1/zz_generated.deepcopy.go:63.15,63.29 1 0
github.com/rossigee/provider-keycloak/apis/events/v1alpha1/zz_generated.deepcopy.go:64.2,66.12 3 0
github.com/rossigee/provider-keycloak/apis/events/v1alpha1/zz_generated.deepcopy.go:69.62,70.34 1 0
github.com/rossigee/provider-keycloak/apis/events/v1alpha1/zz_generated.deepcopy.go:70.34,70.46 1 0
github.com/rossigee/provider-keycloak/apis/events/v1alpha1/zz_generated.deepcopy.go:71.2,71.12 1 0
github.com/rossigee/provider-keycloak/apis/events/v1alpha1/zz_generated.deepcopy.go:74.75,78.21 4 0
github.com/rossigee/provider-keycloak/apis/events/v1alpha1/zz_generated.deepcopy.go:78.21,81.22 3 0
github.com/rossigee/provider-keycloak/apis/events/v1alpha1/zz_generated.deepcopy.go:81.22,83.4 1 0
github.com/rossigee/provider-keycloak/apis/events/v1alpha1/zz_generated.deepcopy.go:87.68,88.15 1 0
github.com/rossigee/provider-keycloak/apis/events/v1alpha1/zz_generated.deepcopy.go:88.15,88.29 1 0
github.com/rossigee/provider-keycloak/apis/events/v1alpha1/zz_generated.deepcopy.go:89.2,91.12 3 0
github.com/rossigee/provider-keycloak/apis/events/v1alpha1/zz_generated.deepcopy.go:94.66,95.34 1 0
github.com/rossigee/provider-keycloak/apis/events/v1alpha1/zz_generated.deepcopy.go:95.34,95.46 1 0
github.com/rossigee/provider-keycloak/apis/events/v1alpha1/zz_generated.deepcopy.go:96.2,96.12 1 0
github.com/rossigee/provider-keycloak/apis/events/v1alpha1/zz_generated.managed.go:11.81,13.2 1 0
github.com/rossigee/provider-keycloak/apis/events/v1alpha1/zz_generated.managed.go:15.65,17.2 1 0
github.com/rossigee/provider-keycloak/apis/events/v1alpha1/zz_generated.managed.go:19.78,21.2 1 0
github.com/rossigee/provider-keycloak/apis/events/v1alpha1/zz_generated.managed.go:23.79,25.2 1 0
github.com/rossigee/provider-keycloak/apis/events/v1alpha1/zz_generated.managed.go:27.89,29.2 1 0
github.com/rossigee/provider-keycloak/apis/events/v1alpha1/zz_generated.managed.go:31.90,33.2 1 0
github.com/rossigee/provider-keycloak/apis/events/v1alpha1/zz_generated.managed.go:35.95,37.2 1 0
github.com/rossigee/provider-keycloak/apis/events/v1alpha1/zz_generated.managed.go:39.96,41.2 1 0
github.com/rossigee/provider-keycloak/apis/clientcertificates/v1alpha1/types.go:84.13,86.2 1 0
github.com/rossigee/provider-keycloak/apis/clientcertificates/v1alpha1/zz_generated.deepcopy.go:9.87,11.22 2 0
github.com/rossigee/provider-keycloak/apis/clientcertificates/v1alpha1/zz_generated.deepcopy.go:11.22,15.3 3 0
github.com/rossigee/provider-keycloak/apis/clientcertificates/v1alpha1/zz_generated.deepcopy.go:18.75,22.2 3 0
github.com/rossigee/provider-keycloak/apis/clientcertificates/v1alpha1/zz_generated.deepcopy.go:24.79,27.2 2 0
github.com/rossigee/provider-keycloak/apis/clientcertificates/v1alpha1/zz_generated.deepcopy.go:29.67,35.2 5 0
github.com/rossigee/provider-keycloak/apis/clientcertificates/v1alpha1/zz_generated.deepcopy.go:37.60,38.15 1 0
[...]
github.com/rossigee/provider-keycloak/internal/controller/realm/realm.go:138.101,140.9 2 1
github.com/rossigee/provider-keycloak/internal/controller/realm/realm.go:140.9,142.3 1 1
github.com/rossigee/provider-keycloak/internal/controller/realm/realm.go:143.2,144.57 2 1
github.com/rossigee/provider-keycloak/internal/controller/realm/realm.go:144.57,146.3 1 1
github.com/rossigee/provider-keycloak/internal/controller/realm/realm.go:147.2,148.38 2 1
github.com/rossigee/provider-keycloak/internal/controller/realm/realm.go:151.83,153.22 2 1
github.com/rossigee/provider-keycloak/internal/controller/realm/realm.go:153.22,155.3 1 0
github.com/rossigee/provider-keycloak/internal/controller/realm/realm.go:155.8,157.3 1 1
github.com/rossigee/provider-keycloak/internal/controller/realm/realm.go:158.2,158.26 1 1
github.com/rossigee/provider-keycloak/internal/controller/realm/realm.go:158.26,160.3 1 0
github.com/rossigee/provider-keycloak/internal/controller/realm/realm.go:161.2,161.36 1 1
github.com/rossigee/provider-keycloak/internal/controller/realm/realm.go:161.36,163.3 1 0
github.com/rossigee/provider-keycloak/internal/controller/realm/realm.go:164.2,164.37 1 1
github.com/rossigee/provider-keycloak/internal/controller/realm/realm.go:164.37,166.3 1 0
github.com/rossigee/provider-keycloak/internal/controller/realm/realm.go:167.2,167.34 1 1
github.com/rossigee/provider-keycloak/internal/controller/realm/realm.go:167.34,169.3 1 0
github.com/rossigee/provider-keycloak/internal/controller/realm/realm.go:170.2,170.35 1 1
github.com/rossigee/provider-keycloak/internal/controller/realm/realm.go:170.35,172.3 1 0
github.com/rossigee/provider-keycloak/internal/controller/realm/realm.go:173.2,173.10 1 1
github.com/rossigee/provider-keycloak/internal/controller/realm/realm.go:176.88,177.66 1 1
github.com/rossigee/provider-keycloak/internal/controller/realm/realm.go:177.66,179.3 1 0
github.com/rossigee/provider-keycloak/internal/controller/realm/realm.go:180.2,180.78 1 1
github.com/rossigee/provider-keycloak/internal/controller/realm/realm.go:180.78,182.3 1 0
github.com/rossigee/provider-keycloak/internal/controller/realm/realm.go:183.2,183.108 1 1
github.com/rossigee/provider-keycloak/internal/controller/realm/realm.go:183.108,185.3 1 0
github.com/rossigee/provider-keycloak/internal/controller/realm/realm.go:186.2,186.111 1 1
github.com/rossigee/provider-keycloak/internal/controller/realm/realm.go:186.111,188.3 1 0
github.com/rossigee/provider-keycloak/internal/controller/realm/realm.go:189.2,189.13 1 1
github.com/rossigee/provider-keycloak/internal/controller/userfederation/userfederation.go:33.60,47.2 2 0
github.com/rossigee/provider-keycloak/internal/controller/userfederation/userfederation.go:58.103,60.9 2 0
github.com/rossigee/provider-keycloak/internal/controller/userfederation/userfederation.go:60.9,62.3 1 0
github.com/rossigee/provider-keycloak/internal/controller/userfederation/userfederation.go:64.2,65.18 2 0
github.com/rossigee/provider-keycloak/internal/controller/userfederation/userfederation.go:65.18,67.3 1 0
github.com/rossigee/provider-keycloak/internal/controller/userfederation/userfederation.go:69.2,70.80 2 0
github.com/rossigee/provider-keycloak/internal/controller/userfederation/userfederation.go:70.80,72.3 1 0
github.com/rossigee/provider-keycloak/internal/controller/userfederation/userfederation.go:74.2,75.42 2 0
github.com/rossigee/provider-keycloak/internal/controller/userfederation/userfederation.go:75.42,77.3 1 0
github.com/rossigee/provider-keycloak/internal/controller/userfederation/userfederation.go:79.2,80.16 2 0
github.com/rossigee/provider-keycloak/internal/controller/userfederation/userfederation.go:80.16,82.3 1 0
github.com/rossigee/provider-keycloak/internal/controller/userfederation/userfederation.go:84.2,84.49 1 0
github.com/rossigee/provider-keycloak/internal/controller/userfederation/userfederation.go:87.107,89.9 2 0
github.com/rossigee/provider-keycloak/internal/controller/userfederation/userfederation.go:89.9,91.3 1 0
github.com/rossigee/provider-keycloak/internal/controller/userfederation/userfederation.go:93.2,94.16 2 0
github.com/rossigee/provider-keycloak/internal/controller/userfederation/userfederation.go:94.16,96.3 1 0
github.com/rossigee/provider-keycloak/internal/controller/userfederation/userfederation.go:98.2,99.27 2 0
github.com/rossigee/provider-keycloak/internal/controller/userfederation/userfederation.go:99.27,100.52 1 0
github.com/rossigee/provider-keycloak/internal/controller/userfederation/userfederation.go:100.52,103.9 3 0
github.com/rossigee/provider-keycloak/internal/controller/userfederation/userfederation.go:107.2,107.21 1 0
github.com/rossigee/provider-keycloak/internal/controller/userfederation/userfederation.go:107.21,109.3 1 0
github.com/rossigee/provider-keycloak/internal/controller/userfederation/userfederation.go:111.2,116.8 2 0
github.com/rossigee/provider-keycloak/internal/controller/userfederation/userfederation.go:119.103,121.9 2 0
github.com/rossigee/provider-keycloak/internal/controller/userfederation/userfederation.go:121.9,123.3 1 0
github.com/rossigee/provider-keycloak/internal/controller/userfederation/userfederation.go:125.2,127.16 3 0
github.com/rossigee/provider-keycloak/internal/controller/userfederation/userfederation.go:127.16,129.3 1 0
github.com/rossigee/provider-keycloak/internal/controller/userfederation/userfederation.go:131.2,133.40 2 0
github.com/rossigee/provider-keycloak/internal/controller/userfederation/userfederation.go:136.101,138.9 2 0
github.com/rossigee/provider-keycloak/internal/controller/userfederation/userfederation.go:138.9,140.3 1 0
github.com/rossigee/provider-keycloak/internal/controller/userfederation/userfederation.go:142.2,143.16 2 0
github.com/rossigee/provider-keycloak/internal/controller/userfederation/userfederation.go:143.16,145.3 1 0
github.com/rossigee/provider-keycloak/internal/controller/userfederation/userfederation.go:147.2,148.27 2 0
github.com/rossigee/provider-keycloak/internal/controller/userfederation/userfederation.go:148.27,149.52 1 0
github.com/rossigee/provider-keycloak/internal/controller/userfederation/userfederation.go:149.52,151.9 2 0
github.com/rossigee/provider-keycloak/internal/controller/userfederation/userfederation.go:155.2,155.22 1 0
github.com/rossigee/provider-keycloak/internal/controller/userfederation/userfederation.go:155.22,157.3 1 0
github.com/rossigee/provider-keycloak/internal/controller/userfederation/userfederation.go:159.2,161.16 3 0
github.com/rossigee/provider-keycloak/internal/controller/userfederation/userfederation.go:161.16,163.3 1 0
github.com/rossigee/provider-keycloak/internal/controller/userfederation/userfederation.go:165.2,165.38 1 0
github.com/rossigee/provider-keycloak/internal/controller/userfederation/userfederation.go:168.101,170.9 2 0
github.com/rossigee/provider-keycloak/internal/controller/userfederation/userfederation.go:170.9,172.3 1 0
github.com/rossigee/provider-keycloak/internal/controller/userfederation/userfederation.go:174.2,175.16 2 0
github.com/rossigee/provider-keycloak/internal/controller/userfederation/userfederation.go:175.16,177.3 1 0
github.com/rossigee/provider-keycloak/internal/controller/userfederation/userfederation.go:179.2,180.27 2 0
github.com/rossigee/provider-keycloak/internal/controller/userfederation/userfederation.go:180.27,181.52 1 0
github.com/rossigee/provider-keycloak/internal/controller/userfederation/userfederation.go:181.52,183.9 2 0
github.com/rossigee/provider-keycloak/internal/controller/userfederation/userfederation.go:187.2,187.22 1 0
github.com/rossigee/provider-keycloak/internal/controller/userfederation/userfederation.go:187.22,189.3 1 0
github.com/rossigee/provider-keycloak/internal/controller/userfederation/userfederation.go:191.2,192.16 2 0
github.com/rossigee/provider-keycloak/internal/controller/userfederation/userfederation.go:192.16,194.3 1 0
github.com/rossigee/provider-keycloak/internal/controller/userfederation/userfederation.go:196.2,196.38 1 0
github.com/rossigee/provider-keycloak/internal/controller/userfederation/userfederation.go:199.56,201.2 1 0
github.com/rossigee/provider-keycloak/internal/controller/userfederation/userfederation.go:203.154,204.33 1 0
github.com/rossigee/provider-keycloak/internal/controller/userfederation/userfederation.go:204.33,206.3 1 0
github.com/rossigee/provider-keycloak/internal/controller/userfederation/userfederation.go:207.2,207.49 1 0
github.com/rossigee/provider-keycloak/internal/controller/userfederation/userfederation.go:207.49,209.3 1 0
github.com/rossigee/provider-keycloak/internal/controller/userfederation/userfederation.go:210.2,210.69 1 0
github.com/rossigee/provider-keycloak/internal/controller/userfederation/userfederation.go:210.69,212.3 1 0
github.com/rossigee/provider-keycloak/internal/controller/userfederation/userfederation.go:213.2,213.28 1 0
github.com/rossigee/provider-keycloak/internal/controller/userfederation/userfederation.go:213.28,214.67 1 0
github.com/rossigee/provider-keycloak/internal/controller/userfederation/userfederation.go:214.67,216.4 1 0
github.com/rossigee/provider-keycloak/internal/controller/userfederation/userfederation.go:218.2,218.13 1 0
github.com/rossigee/provider-keycloak/internal/controller/userfederation/userfederation.go:221.149,227.23 2 0
github.com/rossigee/provider-keycloak/internal/controller/userfederation/userfederation.go:227.23,229.3 1 0
github.com/rossigee/provider-keycloak/internal/controller/userfederation/userfederation.go:230.2,230.22 1 0
github.com/rossigee/provider-keycloak/internal/controller/userfederation/userfederation.go:230.22,232.3 1 0
github.com/rossigee/provider-keycloak/internal/controller/userfederation/userfederation.go:233.2,233.12 1 0
github.com/rossigee/provider-keycloak/internal/controller/events/events.go:31.60,45.2 2 0
github.com/rossigee/provider-keycloak/internal/controller/events/events.go:56.103,58.9 2 0
github.com/rossigee/provider-keycloak/internal/controller/events/events.go:58.9,60.3 1 0
github.com/rossigee/provider-keycloak/internal/controller/events/events.go:62.2,63.18 2 0
github.com/rossigee/provider-keycloak/internal/controller/events/events.go:63.18,65.3 1 0
github.com/rossigee/provider-keycloak/internal/controller/events/events.go:67.2,68.80 2 0
github.com/rossigee/provider-keycloak/internal/controller/events/events.go:68.80,70.3 1 0
github.com/rossigee/provider-keycloak/internal/controller/events/events.go:72.2,73.42 2 0
github.com/rossigee/provider-keycloak/internal/controller/events/events.go:73.42,75.3 1 0
github.com/rossigee/provider-keycloak/internal/controller/events/events.go:77.2,78.16 2 0
github.com/rossigee/provider-keycloak/internal/controller/events/events.go:78.16,80.3 1 0
github.com/rossigee/provider-keycloak/internal/controller/events/events.go:82.2,82.49 1 0
github.com/rossigee/provider-keycloak/internal/controller/events/events.go:85.107,87.9 2 0
github.com/rossigee/provider-keycloak/internal/controller/events/events.go:87.9,89.3 1 0
github.com/rossigee/provider-keycloak/internal/controller/events/events.go:91.2,92.16 2 0
github.com/rossigee/provider-keycloak/internal/controller/events/events.go:92.16,94.3 1 0
github.com/rossigee/provider-keycloak/internal/controller/events/events.go:96.2,101.8 2 0
github.com/rossigee/provider-keycloak/internal/controller/events/events.go:104.103,106.9 2 0
github.com/rossigee/provider-keycloak/internal/controller/events/events.go:106.9,108.3 1 0
github.com/rossigee/provider-keycloak/internal/controller/events/events.go:110.2,112.16 3 0
github.com/rossigee/provider-keycloak/internal/controller/events/events.go:112.16,114.3 1 0
github.com/rossigee/provider-keycloak/internal/controller/events/events.go:116.2,118.40 2 0
github.com/rossigee/provider-keycloak/internal/controller/events/events.go:121.101,123.9 2 0
github.com/rossigee/provider-keycloak/internal/controller/events/events.go:123.9,125.3 1 0
github.com/rossigee/provider-keycloak/internal/controller/events/events.go:127.2,129.16 3 0
github.com/rossigee/provider-keycloak/internal/controller/events/events.go:129.16,131.3 1 0
github.com/rossigee/provider-keycloak/internal/controller/events/events.go:133.2,133.38 1 0
github.com/rossigee/provider-keycloak/internal/controller/events/events.go:136.101,138.2 1 0
github.com/rossigee/provider-keycloak/internal/controller/events/events.go:140.56,142.2 1 0
github.com/rossigee/provider-keycloak/internal/controller/events/events.go:144.133,145.34 1 0
github.com/rossigee/provider-keycloak/internal/controller/events/events.go:145.34,146.85 1 0
github.com/rossigee/provider-keycloak/internal/controller/events/events.go:146.85,148.4 1 0
github.com/rossigee/provider-keycloak/internal/controller/events/events.go:150.2,150.39 1 0
github.com/rossigee/provider-keycloak/internal/controller/events/events.go:150.39,151.100 1 0
github.com/rossigee/provider-keycloak/internal/controller/events/events.go:151.100,153.4 1 0
github.com/rossigee/provider-keycloak/internal/controller/events/events.go:155.2,155.46 1 0
github.com/rossigee/provider-keycloak/internal/controller/events/events.go:155.46,156.121 1 0
github.com/rossigee/provider-keycloak/internal/controller/events/events.go:156.121,158.4 1 0
github.com/rossigee/provider-keycloak/internal/controller/events/events.go:160.2,160.13 1 0
github.com/rossigee/provider-keycloak/internal/controller/events/events.go:163.128,172.2 1 0
github.com/rossigee/provider-keycloak/internal/controller/realmimpexp/realmimpexp.go:31.60,44.2 2 0
github.com/rossigee/provider-keycloak/internal/controller/realmimpexp/realmimpexp.go:55.103,57.9 2 0
github.com/rossigee/provider-keycloak/internal/controller/realmimpexp/realmimpexp.go:57.9,59.3 1 0
github.com/rossigee/provider-keycloak/internal/controller/realmimpexp/realmimpexp.go:61.2,62.18 2 0
github.com/rossigee/provider-keycloak/internal/controller/realmimpexp/realmimpexp.go:62.18,64.3 1 0
github.com/rossigee/provider-keycloak/internal/controller/realmimpexp/realmimpexp.go:66.2,67.80 2 0
github.com/rossigee/provider-keycloak/internal/controller/realmimpexp/realmimpexp.go:67.80,69.3 1 0
github.com/rossigee/provider-keycloak/internal/controller/realmimpexp/realmimpexp.go:71.2,72.42 2 0
github.com/rossigee/provider-keycloak/internal/controller/realmimpexp/realmimpexp.go:72.42,74.3 1 0
github.com/rossigee/provider-keycloak/internal/controller/realmimpexp/realmimpexp.go:76.2,77.16 2 0
github.com/rossigee/provider-keycloak/internal/controller/realmimpexp/realmimpexp.go:77.16,79.3 1 0
github.com/rossigee/provider-keycloak/internal/controller/realmimpexp/realmimpexp.go:81.2,81.49 1 0
github.com/rossigee/provider-keycloak/internal/controller/realmimpexp/realmimpexp.go:84.107,86.9 2 0
github.com/rossigee/provider-keycloak/internal/controller/realmimpexp/realmimpexp.go:86.9,88.3 1 0
github.com/rossigee/provider-keycloak/internal/controller/realmimpexp/realmimpexp.go:90.2,94.8 2 0
github.com/rossigee/provider-keycloak/internal/controller/realmimpexp/realmimpexp.go:97.103,99.9 2 0
github.com/rossigee/provider-keycloak/internal/controller/realmimpexp/realmimpexp.go:99.9,101.3 1 0
github.com/rossigee/provider-keycloak/internal/controller/realmimpexp/realmimpexp.go:103.2,104.44 2 0
github.com/rossigee/provider-keycloak/internal/controller/realmimpexp/realmimpexp.go:104.44,106.3 1 0
github.com/rossigee/provider-keycloak/internal/controller/realmimpexp/realmimpexp.go:108.2,109.16 2 0
github.com/rossigee/provider-keycloak/internal/controller/realmimpexp/realmimpexp.go:109.16,112.3 2 0
github.com/rossigee/provider-keycloak/internal/controller/realmimpexp/realmimpexp.go:114.2,116.40 2 0
github.com/rossigee/provider-keycloak/internal/controller/realmimpexp/realmimpexp.go:119.101,121.2 1 0
github.com/rossigee/provider-keycloak/internal/controller/realmimpexp/realmimpexp.go:123.101,125.2 1 0
github.com/rossigee/provider-keycloak/internal/controller/realmimpexp/realmimpexp.go:127.56,129.2 1 0
github.com/rossigee/provider-keycloak/internal/controller/clientcertificates/clientcertificates.go:33.60,47.2 2 0
github.com/rossigee/provider-keycloak/internal/controller/clientcertificates/clientcertificates.go:58.103,60.9 2 0
github.com/rossigee/provider-keycloak/internal/controller/clientcertificates/clientcertificates.go:60.9,62.3 1 0
github.com/rossigee/provider-keycloak/internal/controller/clientcertificates/clientcertificates.go:64.2,65.18 2 0
github.com/rossigee/provider-keycloak/internal/controller/clientcertificates/clientcertificates.go:65.18,67.3 1 0
github.com/rossigee/provider-keycloak/internal/controller/clientcertificates/clientcertificates.go:69.2,70.80 2 0
github.com/rossigee/provider-keycloak/internal/controller/clientcertificates/clientcertificates.go:70.80,72.3 1 0
github.com/rossigee/provider-keycloak/internal/controller/clientcertificates/clientcertificates.go:74.2,75.42 2 0
github.com/rossigee/provider-keycloak/internal/controller/clientcertificates/clientcertificates.go:75.42,77.3 1 0
github.com/rossigee/provider-keycloak/internal/controller/clientcertificates/clientcertificates.go:79.2,80.16 2 0
github.com/rossigee/provider-keycloak/internal/controller/clientcertificates/clientcertificates.go:80.16,82.3 1 0
github.com/rossigee/provider-keycloak/internal/controller/clientcertificates/clientcertificates.go:84.2,84.49 1 0
github.com/rossigee/provider-keycloak/internal/controller/clientcertificates/clientcertificates.go:87.107,89.9 2 0
github.com/rossigee/provider-keycloak/internal/controller/clientcertificates/clientcertificates.go:89.9,91.3 1 0
github.com/rossigee/provider-keycloak/internal/controller/clientcertificates/clientcertificates.go:93.2,94.16 2 0
github.com/rossigee/provider-keycloak/internal/controller/clientcertificates/clientcertificates.go:94.16,95.89 1 0
github.com/rossigee/provider-keycloak/internal/controller/clientcertificates/clientcertificates.go:95.89,97.4 1 0
github.com/rossigee/provider-keycloak/internal/controller/clientcertificates/clientcertificates.go:98.3,98.71 1 0
github.com/rossigee/provider-keycloak/internal/controller/clientcertificates/clientcertificates.go:101.2,102.16 2 0
github.com/rossigee/provider-keycloak/internal/controller/clientcertificates/clientcertificates.go:102.16,104.3 1 0
github.com/rossigee/provider-keycloak/internal/controller/clientcertificates/clientcertificates.go:106.2,106.21 1 0
github.com/rossigee/provider-keycloak/internal/controller/clientcertificates/clientcertificates.go:106.21,108.3 1 0
github.com/rossigee/provider-keycloak/internal/controller/clientcertificates/clientcertificates.go:110.2,118.8 5 0
github.com/rossigee/provider-keycloak/internal/controller/clientcertificates/clientcertificates.go:121.103,123.9 2 0
github.com/rossigee/provider-keycloak/internal/controller/clientcertificates/clientcertificates.go:123.9,125.3 1 0
github.com/rossigee/provider-keycloak/internal/controller/clientcertificates/clientcertificates.go:127.2,128.16 2 0
github.com/rossigee/provider-keycloak/internal/controller/clientcertificates/clientcertificates.go:128.16,130.3 1 0
github.com/rossigee/provider-keycloak/internal/controller/clientcertificates/clientcertificates.go:132.2,133.39 2 0
github.com/rossigee/provider-keycloak/internal/controller/clientcertificates/clientcertificates.go:133.39,135.3 1 0
github.com/rossigee/provider-keycloak/internal/controller/clientcertificates/clientcertificates.go:137.2,138.16 2 0
github.com/rossigee/provider-keycloak/internal/controller/clientcertificates/clientcertificates.go:138.16,140.3 1 0
github.com/rossigee/provider-keycloak/internal/controller/clientcertificates/clientcertificates.go:142.2,146.40 4 0
github.com/rossigee/provider-keycloak/internal/controller/clientcertificates/clientcertificates.go:149.101,151.2 1 0
github.com/rossigee/provider-keycloak/internal/controller/clientcertificates/clientcertificates.go:153.101,155.2 1 0
github.com/rossigee/provider-keycloak/internal/controller/clientcertificates/clientcertificates.go:157.56,159.2 1 0
